20120919_22_: RTU constitutional local_svm_classification ;lib=cdk 2
ruby CV_ds_pctype_algo_algoparams_rseed.rb RTU constitutional local_svm_classification ;lib=cdk 2 ../data/datasets.yaml
[2012-09-19T22:46:52.7276+02:00] datasets.yaml exists.
[2012-09-19T22:46:52.7279+02:00] --- prediction_algorithm=local_svm_classification;pc_type=constitutional;feature_dataset_uri=http://toxcreate3.in-silico.ch:8086/dataset/351654;lib=cdk
[2012-09-19T22:46:53.6563+02:00] --- 
:dataset_uri: http://toxcreate3.in-silico.ch:8086/dataset/351652
:prediction_feature: http://toxcreate3.in-silico.ch:8086/dataset/351652/feature/CHR_Rat_Tumorigen
:algorithm_uri: http://toxcreate3.in-silico.ch:8086/algorithm/lazar
:algorithm_params: prediction_algorithm=local_svm_classification;pc_type=constitutional;feature_dataset_uri=http://toxcreate3.in-silico.ch:8086/dataset/351654;lib=cdk
:random_seed: "2"
[2012-09-19T23:28:37.2307+02:00] http://toxcreate3.in-silico.ch:8086/validation/crossvalidation/225
[2012-09-19T23:28:46.9805+02:00] http://toxcreate3.in-silico.ch:8086/validation/report/crossvalidation/225
[2012-09-19T23:28:46.9806+02:00]  
=hyperlink("http://toxcreate3.in-silico.ch:8086/dataset/351652";"RTU"),=hyperlink("http://toxcreate3.in-silico.ch:8086/validation/report/crossvalidation/225";"report"),=hyperlink("http://toxcreate3.in-silico.ch:8086/validation/crossvalidation/225";"cv")
------------------------


20120919_22_: RTU constitutional local_svm_classification ;lib=cdk 3
ruby CV_ds_pctype_algo_algoparams_rseed.rb RTU constitutional local_svm_classification ;lib=cdk 3 ../data/datasets.yaml
[2012-09-19T23:28:48.3128+02:00] datasets.yaml exists.
[2012-09-19T23:28:48.3130+02:00] --- prediction_algorithm=local_svm_classification;pc_type=constitutional;feature_dataset_uri=http://toxcreate3.in-silico.ch:8086/dataset/351654;lib=cdk
[2012-09-19T23:28:48.3180+02:00] --- 
:dataset_uri: http://toxcreate3.in-silico.ch:8086/dataset/351652
:prediction_feature: http://toxcreate3.in-silico.ch:8086/dataset/351652/feature/CHR_Rat_Tumorigen
:algorithm_uri: http://toxcreate3.in-silico.ch:8086/algorithm/lazar
:algorithm_params: prediction_algorithm=local_svm_classification;pc_type=constitutional;feature_dataset_uri=http://toxcreate3.in-silico.ch:8086/dataset/351654;lib=cdk
:random_seed: "3"
[2012-09-20T00:12:56.5753+02:00] http://toxcreate3.in-silico.ch:8086/validation/crossvalidation/230
[2012-09-20T00:13:07.2807+02:00] http://toxcreate3.in-silico.ch:8086/validation/report/crossvalidation/229
[2012-09-20T00:13:07.2808+02:00]  
=hyperlink("http://toxcreate3.in-silico.ch:8086/dataset/351652";"RTU"),=hyperlink("http://toxcreate3.in-silico.ch:8086/validation/report/crossvalidation/229";"report"),=hyperlink("http://toxcreate3.in-silico.ch:8086/validation/crossvalidation/230";"cv")
------------------------


20120919_22_: RTU constitutional local_svm_classification ;lib=cdk 4
ruby CV_ds_pctype_algo_algoparams_rseed.rb RTU constitutional local_svm_classification ;lib=cdk 4 ../data/datasets.yaml
[2012-09-20T00:13:08.6147+02:00] datasets.yaml exists.
[2012-09-20T00:13:08.6149+02:00] --- prediction_algorithm=local_svm_classification;pc_type=constitutional;feature_dataset_uri=http://toxcreate3.in-silico.ch:8086/dataset/351654;lib=cdk
[2012-09-20T00:13:08.6199+02:00] --- 
:dataset_uri: http://toxcreate3.in-silico.ch:8086/dataset/351652
:prediction_feature: http://toxcreate3.in-silico.ch:8086/dataset/351652/feature/CHR_Rat_Tumorigen
:algorithm_uri: http://toxcreate3.in-silico.ch:8086/algorithm/lazar
:algorithm_params: prediction_algorithm=local_svm_classification;pc_type=constitutional;feature_dataset_uri=http://toxcreate3.in-silico.ch:8086/dataset/351654;lib=cdk
:random_seed: "4"
[2012-09-20T00:56:28.0516+02:00] http://toxcreate3.in-silico.ch:8086/validation/crossvalidation/234
[2012-09-20T00:56:39.2345+02:00] http://toxcreate3.in-silico.ch:8086/validation/report/crossvalidation/232
[2012-09-20T00:56:39.2345+02:00]  
=hyperlink("http://toxcreate3.in-silico.ch:8086/dataset/351652";"RTU"),=hyperlink("http://toxcreate3.in-silico.ch:8086/validation/report/crossvalidation/232";"report"),=hyperlink("http://toxcreate3.in-silico.ch:8086/validation/crossvalidation/234";"cv")
------------------------


20120919_22_: RTU constitutional local_svm_classification ;lib=cdk 5
ruby CV_ds_pctype_algo_algoparams_rseed.rb RTU constitutional local_svm_classification ;lib=cdk 5 ../data/datasets.yaml
[2012-09-20T00:56:40.4454+02:00] datasets.yaml exists.
[2012-09-20T00:56:40.4459+02:00] --- prediction_algorithm=local_svm_classification;pc_type=constitutional;feature_dataset_uri=http://toxcreate3.in-silico.ch:8086/dataset/351654;lib=cdk
[2012-09-20T00:56:40.4535+02:00] --- 
:dataset_uri: http://toxcreate3.in-silico.ch:8086/dataset/351652
:prediction_feature: http://toxcreate3.in-silico.ch:8086/dataset/351652/feature/CHR_Rat_Tumorigen
:algorithm_uri: http://toxcreate3.in-silico.ch:8086/algorithm/lazar
:algorithm_params: prediction_algorithm=local_svm_classification;pc_type=constitutional;feature_dataset_uri=http://toxcreate3.in-silico.ch:8086/dataset/351654;lib=cdk
:random_seed: "5"
[2012-09-20T01:40:18.1511+02:00] http://toxcreate3.in-silico.ch:8086/validation/crossvalidation/237
[2012-09-20T01:40:34.6452+02:00] http://toxcreate3.in-silico.ch:8086/validation/report/crossvalidation/235
[2012-09-20T01:40:34.6453+02:00]  
=hyperlink("http://toxcreate3.in-silico.ch:8086/dataset/351652";"RTU"),=hyperlink("http://toxcreate3.in-silico.ch:8086/validation/report/crossvalidation/235";"report"),=hyperlink("http://toxcreate3.in-silico.ch:8086/validation/crossvalidation/237";"cv")
------------------------


