20120919_22_: ISS constitutional local_svm_classification ;lib=cdk 2
ruby CV_ds_pctype_algo_algoparams_rseed.rb ISS constitutional local_svm_classification ;lib=cdk 2 ../data/datasets.yaml
[2012-09-19T22:47:55.5616+02:00] datasets.yaml exists.
[2012-09-19T22:47:55.5618+02:00] --- prediction_algorithm=local_svm_classification;pc_type=constitutional;feature_dataset_uri=http://toxcreate3.in-silico.ch:8086/dataset/351657;lib=cdk
[2012-09-19T22:47:55.5783+02:00] --- 
:dataset_uri: http://toxcreate3.in-silico.ch:8086/dataset/351650
:prediction_feature: http://toxcreate3.in-silico.ch:8086/dataset/351650/feature/Canc
:algorithm_uri: http://toxcreate3.in-silico.ch:8086/algorithm/lazar
:algorithm_params: prediction_algorithm=local_svm_classification;pc_type=constitutional;feature_dataset_uri=http://toxcreate3.in-silico.ch:8086/dataset/351657;lib=cdk
:random_seed: "2"
[2012-09-20T02:40:42.5975+02:00] http://toxcreate3.in-silico.ch:8086/validation/crossvalidation/228
[2012-09-20T02:41:08.3455+02:00] http://toxcreate3.in-silico.ch:8086/validation/report/crossvalidation/237
[2012-09-20T02:41:08.3455+02:00]  
=hyperlink("http://toxcreate3.in-silico.ch:8086/dataset/351650";"ISS"),=hyperlink("http://toxcreate3.in-silico.ch:8086/validation/report/crossvalidation/237";"report"),=hyperlink("http://toxcreate3.in-silico.ch:8086/validation/crossvalidation/228";"cv")
------------------------


20120919_22_: ISS constitutional local_svm_classification ;lib=cdk 3
ruby CV_ds_pctype_algo_algoparams_rseed.rb ISS constitutional local_svm_classification ;lib=cdk 3 ../data/datasets.yaml
[2012-09-20T02:41:09.6397+02:00] datasets.yaml exists.
[2012-09-20T02:41:09.6401+02:00] --- prediction_algorithm=local_svm_classification;pc_type=constitutional;feature_dataset_uri=http://toxcreate3.in-silico.ch:8086/dataset/351657;lib=cdk
[2012-09-20T02:41:09.6956+02:00] --- 
:dataset_uri: http://toxcreate3.in-silico.ch:8086/dataset/351650
:prediction_feature: http://toxcreate3.in-silico.ch:8086/dataset/351650/feature/Canc
:algorithm_uri: http://toxcreate3.in-silico.ch:8086/algorithm/lazar
:algorithm_params: prediction_algorithm=local_svm_classification;pc_type=constitutional;feature_dataset_uri=http://toxcreate3.in-silico.ch:8086/dataset/351657;lib=cdk
:random_seed: "3"
[2012-09-20T05:47:07.9047+02:00] http://toxcreate3.in-silico.ch:8086/validation/crossvalidation/240
[2012-09-20T05:47:29.9921+02:00] http://toxcreate3.in-silico.ch:8086/validation/report/crossvalidation/241
[2012-09-20T05:47:29.9922+02:00]  
=hyperlink("http://toxcreate3.in-silico.ch:8086/dataset/351650";"ISS"),=hyperlink("http://toxcreate3.in-silico.ch:8086/validation/report/crossvalidation/241";"report"),=hyperlink("http://toxcreate3.in-silico.ch:8086/validation/crossvalidation/240";"cv")
------------------------


20120919_22_: ISS constitutional local_svm_classification ;lib=cdk 4
ruby CV_ds_pctype_algo_algoparams_rseed.rb ISS constitutional local_svm_classification ;lib=cdk 4 ../data/datasets.yaml
[2012-09-20T05:47:31.2404+02:00] datasets.yaml exists.
[2012-09-20T05:47:31.2407+02:00] --- prediction_algorithm=local_svm_classification;pc_type=constitutional;feature_dataset_uri=http://toxcreate3.in-silico.ch:8086/dataset/351657;lib=cdk
[2012-09-20T05:47:31.2517+02:00] --- 
:dataset_uri: http://toxcreate3.in-silico.ch:8086/dataset/351650
:prediction_feature: http://toxcreate3.in-silico.ch:8086/dataset/351650/feature/Canc
:algorithm_uri: http://toxcreate3.in-silico.ch:8086/algorithm/lazar
:algorithm_params: prediction_algorithm=local_svm_classification;pc_type=constitutional;feature_dataset_uri=http://toxcreate3.in-silico.ch:8086/dataset/351657;lib=cdk
:random_seed: "4"
[2012-09-20T08:49:30.9563+02:00] http://toxcreate3.in-silico.ch:8086/validation/crossvalidation/243
[2012-09-20T08:49:53.1717+02:00] http://toxcreate3.in-silico.ch:8086/validation/report/crossvalidation/243
[2012-09-20T08:49:53.1718+02:00]  
=hyperlink("http://toxcreate3.in-silico.ch:8086/dataset/351650";"ISS"),=hyperlink("http://toxcreate3.in-silico.ch:8086/validation/report/crossvalidation/243";"report"),=hyperlink("http://toxcreate3.in-silico.ch:8086/validation/crossvalidation/243";"cv")
------------------------


20120919_22_: ISS constitutional local_svm_classification ;lib=cdk 5
ruby CV_ds_pctype_algo_algoparams_rseed.rb ISS constitutional local_svm_classification ;lib=cdk 5 ../data/datasets.yaml
[2012-09-20T08:49:56.1381+02:00] datasets.yaml exists.
[2012-09-20T08:49:56.1532+02:00] --- prediction_algorithm=local_svm_classification;pc_type=constitutional;feature_dataset_uri=http://toxcreate3.in-silico.ch:8086/dataset/351657;lib=cdk
[2012-09-20T08:49:56.1982+02:00] --- 
:dataset_uri: http://toxcreate3.in-silico.ch:8086/dataset/351650
:prediction_feature: http://toxcreate3.in-silico.ch:8086/dataset/351650/feature/Canc
:algorithm_uri: http://toxcreate3.in-silico.ch:8086/algorithm/lazar
:algorithm_params: prediction_algorithm=local_svm_classification;pc_type=constitutional;feature_dataset_uri=http://toxcreate3.in-silico.ch:8086/dataset/351657;lib=cdk
:random_seed: "5"
[2012-09-20T11:46:37.9827+02:00] http://toxcreate3.in-silico.ch:8086/validation/crossvalidation/244
[2012-09-20T11:46:57.9473+02:00] http://toxcreate3.in-silico.ch:8086/validation/report/crossvalidation/244
[2012-09-20T11:46:57.9474+02:00]  
=hyperlink("http://toxcreate3.in-silico.ch:8086/dataset/351650";"ISS"),=hyperlink("http://toxcreate3.in-silico.ch:8086/validation/report/crossvalidation/244";"report"),=hyperlink("http://toxcreate3.in-silico.ch:8086/validation/crossvalidation/244";"cv")
------------------------


