20120919_22_: BBA constitutional local_svm_classification ;lib=cdk 2
ruby CV_ds_pctype_algo_algoparams_rseed.rb BBA constitutional local_svm_classification ;lib=cdk 2 ../data/datasets.yaml
[2012-09-19T22:47:30.4129+02:00] datasets.yaml exists.
[2012-09-19T22:47:30.4132+02:00] --- prediction_algorithm=local_svm_classification;pc_type=constitutional;feature_dataset_uri=http://toxcreate3.in-silico.ch:8086/dataset/351655;lib=cdk
[2012-09-19T22:47:30.4196+02:00] --- 
:dataset_uri: http://toxcreate3.in-silico.ch:8086/dataset/351649
:prediction_feature: http://toxcreate3.in-silico.ch:8086/dataset/351649/feature/bloodbarr
:algorithm_uri: http://toxcreate3.in-silico.ch:8086/algorithm/lazar
:algorithm_params: prediction_algorithm=local_svm_classification;pc_type=constitutional;feature_dataset_uri=http://toxcreate3.in-silico.ch:8086/dataset/351655;lib=cdk
:random_seed: "2"
[2012-09-20T00:02:37.8966+02:00] http://toxcreate3.in-silico.ch:8086/validation/crossvalidation/227
[2012-09-20T00:02:50.8014+02:00] http://toxcreate3.in-silico.ch:8086/validation/report/crossvalidation/227
[2012-09-20T00:02:50.8014+02:00]  
=hyperlink("http://toxcreate3.in-silico.ch:8086/dataset/351649";"BBA"),=hyperlink("http://toxcreate3.in-silico.ch:8086/validation/report/crossvalidation/227";"report"),=hyperlink("http://toxcreate3.in-silico.ch:8086/validation/crossvalidation/227";"cv")
------------------------


20120919_22_: BBA constitutional local_svm_classification ;lib=cdk 3
ruby CV_ds_pctype_algo_algoparams_rseed.rb BBA constitutional local_svm_classification ;lib=cdk 3 ../data/datasets.yaml
[2012-09-20T00:02:51.9489+02:00] datasets.yaml exists.
[2012-09-20T00:02:51.9492+02:00] --- prediction_algorithm=local_svm_classification;pc_type=constitutional;feature_dataset_uri=http://toxcreate3.in-silico.ch:8086/dataset/351655;lib=cdk
[2012-09-20T00:02:51.9575+02:00] --- 
:dataset_uri: http://toxcreate3.in-silico.ch:8086/dataset/351649
:prediction_feature: http://toxcreate3.in-silico.ch:8086/dataset/351649/feature/bloodbarr
:algorithm_uri: http://toxcreate3.in-silico.ch:8086/algorithm/lazar
:algorithm_params: prediction_algorithm=local_svm_classification;pc_type=constitutional;feature_dataset_uri=http://toxcreate3.in-silico.ch:8086/dataset/351655;lib=cdk
:random_seed: "3"
[2012-09-20T01:17:05.4770+02:00] http://toxcreate3.in-silico.ch:8086/validation/crossvalidation/232
[2012-09-20T01:17:19.9778+02:00] http://toxcreate3.in-silico.ch:8086/validation/report/crossvalidation/233
[2012-09-20T01:17:19.9779+02:00]  
=hyperlink("http://toxcreate3.in-silico.ch:8086/dataset/351649";"BBA"),=hyperlink("http://toxcreate3.in-silico.ch:8086/validation/report/crossvalidation/233";"report"),=hyperlink("http://toxcreate3.in-silico.ch:8086/validation/crossvalidation/232";"cv")
------------------------


20120919_22_: BBA constitutional local_svm_classification ;lib=cdk 4
ruby CV_ds_pctype_algo_algoparams_rseed.rb BBA constitutional local_svm_classification ;lib=cdk 4 ../data/datasets.yaml
[2012-09-20T01:17:21.5710+02:00] datasets.yaml exists.
[2012-09-20T01:17:21.5713+02:00] --- prediction_algorithm=local_svm_classification;pc_type=constitutional;feature_dataset_uri=http://toxcreate3.in-silico.ch:8086/dataset/351655;lib=cdk
[2012-09-20T01:17:21.5810+02:00] --- 
:dataset_uri: http://toxcreate3.in-silico.ch:8086/dataset/351649
:prediction_feature: http://toxcreate3.in-silico.ch:8086/dataset/351649/feature/bloodbarr
:algorithm_uri: http://toxcreate3.in-silico.ch:8086/algorithm/lazar
:algorithm_params: prediction_algorithm=local_svm_classification;pc_type=constitutional;feature_dataset_uri=http://toxcreate3.in-silico.ch:8086/dataset/351655;lib=cdk
:random_seed: "4"
[2012-09-20T02:18:24.0792+02:00] http://toxcreate3.in-silico.ch:8086/validation/crossvalidation/238
[2012-09-20T02:18:40.7156+02:00] http://toxcreate3.in-silico.ch:8086/validation/report/crossvalidation/236
[2012-09-20T02:18:40.7156+02:00]  
=hyperlink("http://toxcreate3.in-silico.ch:8086/dataset/351649";"BBA"),=hyperlink("http://toxcreate3.in-silico.ch:8086/validation/report/crossvalidation/236";"report"),=hyperlink("http://toxcreate3.in-silico.ch:8086/validation/crossvalidation/238";"cv")
------------------------


20120919_22_: BBA constitutional local_svm_classification ;lib=cdk 5
ruby CV_ds_pctype_algo_algoparams_rseed.rb BBA constitutional local_svm_classification ;lib=cdk 5 ../data/datasets.yaml
[2012-09-20T02:18:41.6734+02:00] datasets.yaml exists.
[2012-09-20T02:18:41.6736+02:00] --- prediction_algorithm=local_svm_classification;pc_type=constitutional;feature_dataset_uri=http://toxcreate3.in-silico.ch:8086/dataset/351655;lib=cdk
[2012-09-20T02:18:41.6798+02:00] --- 
:dataset_uri: http://toxcreate3.in-silico.ch:8086/dataset/351649
:prediction_feature: http://toxcreate3.in-silico.ch:8086/dataset/351649/feature/bloodbarr
:algorithm_uri: http://toxcreate3.in-silico.ch:8086/algorithm/lazar
:algorithm_params: prediction_algorithm=local_svm_classification;pc_type=constitutional;feature_dataset_uri=http://toxcreate3.in-silico.ch:8086/dataset/351655;lib=cdk
:random_seed: "5"
[2012-09-20T03:18:06.4246+02:00] http://toxcreate3.in-silico.ch:8086/validation/crossvalidation/239
[2012-09-20T03:18:18.6412+02:00] http://toxcreate3.in-silico.ch:8086/validation/report/crossvalidation/239
[2012-09-20T03:18:18.6413+02:00]  
=hyperlink("http://toxcreate3.in-silico.ch:8086/dataset/351649";"BBA"),=hyperlink("http://toxcreate3.in-silico.ch:8086/validation/report/crossvalidation/239";"report"),=hyperlink("http://toxcreate3.in-silico.ch:8086/validation/crossvalidation/239";"cv")
------------------------


