20120919_22_: MTU constitutional local_svm_classification ;lib=cdk 2
ruby CV_ds_pctype_algo_algoparams_rseed.rb MTU constitutional local_svm_classification ;lib=cdk 2 ../data/datasets.yaml
[2012-09-19T22:48:53.1438+02:00] datasets.yaml exists.
[2012-09-19T22:48:53.1441+02:00] --- prediction_algorithm=local_svm_classification;pc_type=constitutional;feature_dataset_uri=http://toxcreate3.in-silico.ch:8086/dataset/351653;lib=cdk
[2012-09-19T22:48:53.1494+02:00] --- 
:dataset_uri: http://toxcreate3.in-silico.ch:8086/dataset/351651
:prediction_feature: http://toxcreate3.in-silico.ch:8086/dataset/351651/feature/CHR_Mouse_Tumorigen
:algorithm_uri: http://toxcreate3.in-silico.ch:8086/algorithm/lazar
:algorithm_params: prediction_algorithm=local_svm_classification;pc_type=constitutional;feature_dataset_uri=http://toxcreate3.in-silico.ch:8086/dataset/351653;lib=cdk
:random_seed: "2"
[2012-09-19T23:30:11.8246+02:00] http://toxcreate3.in-silico.ch:8086/validation/crossvalidation/229
[2012-09-19T23:30:29.8720+02:00] http://toxcreate3.in-silico.ch:8086/validation/report/crossvalidation/226
[2012-09-19T23:30:29.8721+02:00]  
=hyperlink("http://toxcreate3.in-silico.ch:8086/dataset/351651";"MTU"),=hyperlink("http://toxcreate3.in-silico.ch:8086/validation/report/crossvalidation/226";"report"),=hyperlink("http://toxcreate3.in-silico.ch:8086/validation/crossvalidation/229";"cv")
------------------------


20120919_22_: MTU constitutional local_svm_classification ;lib=cdk 3
ruby CV_ds_pctype_algo_algoparams_rseed.rb MTU constitutional local_svm_classification ;lib=cdk 3 ../data/datasets.yaml
[2012-09-19T23:30:31.1021+02:00] datasets.yaml exists.
[2012-09-19T23:30:31.1025+02:00] --- prediction_algorithm=local_svm_classification;pc_type=constitutional;feature_dataset_uri=http://toxcreate3.in-silico.ch:8086/dataset/351653;lib=cdk
[2012-09-19T23:30:31.1080+02:00] --- 
:dataset_uri: http://toxcreate3.in-silico.ch:8086/dataset/351651
:prediction_feature: http://toxcreate3.in-silico.ch:8086/dataset/351651/feature/CHR_Mouse_Tumorigen
:algorithm_uri: http://toxcreate3.in-silico.ch:8086/algorithm/lazar
:algorithm_params: prediction_algorithm=local_svm_classification;pc_type=constitutional;feature_dataset_uri=http://toxcreate3.in-silico.ch:8086/dataset/351653;lib=cdk
:random_seed: "3"
[2012-09-20T00:10:58.6369+02:00] http://toxcreate3.in-silico.ch:8086/validation/crossvalidation/231
[2012-09-20T00:11:10.4920+02:00] http://toxcreate3.in-silico.ch:8086/validation/report/crossvalidation/228
[2012-09-20T00:11:10.4921+02:00]  
=hyperlink("http://toxcreate3.in-silico.ch:8086/dataset/351651";"MTU"),=hyperlink("http://toxcreate3.in-silico.ch:8086/validation/report/crossvalidation/228";"report"),=hyperlink("http://toxcreate3.in-silico.ch:8086/validation/crossvalidation/231";"cv")
------------------------


20120919_22_: MTU constitutional local_svm_classification ;lib=cdk 4
ruby CV_ds_pctype_algo_algoparams_rseed.rb MTU constitutional local_svm_classification ;lib=cdk 4 ../data/datasets.yaml
[2012-09-20T00:11:11.6497+02:00] datasets.yaml exists.
[2012-09-20T00:11:11.6499+02:00] --- prediction_algorithm=local_svm_classification;pc_type=constitutional;feature_dataset_uri=http://toxcreate3.in-silico.ch:8086/dataset/351653;lib=cdk
[2012-09-20T00:11:11.6550+02:00] --- 
:dataset_uri: http://toxcreate3.in-silico.ch:8086/dataset/351651
:prediction_feature: http://toxcreate3.in-silico.ch:8086/dataset/351651/feature/CHR_Mouse_Tumorigen
:algorithm_uri: http://toxcreate3.in-silico.ch:8086/algorithm/lazar
:algorithm_params: prediction_algorithm=local_svm_classification;pc_type=constitutional;feature_dataset_uri=http://toxcreate3.in-silico.ch:8086/dataset/351653;lib=cdk
:random_seed: "4"
[2012-09-20T00:52:07.0312+02:00] http://toxcreate3.in-silico.ch:8086/validation/crossvalidation/233
[2012-09-20T00:52:19.6199+02:00] http://toxcreate3.in-silico.ch:8086/validation/report/crossvalidation/230
[2012-09-20T00:52:19.6199+02:00]  
=hyperlink("http://toxcreate3.in-silico.ch:8086/dataset/351651";"MTU"),=hyperlink("http://toxcreate3.in-silico.ch:8086/validation/report/crossvalidation/230";"report"),=hyperlink("http://toxcreate3.in-silico.ch:8086/validation/crossvalidation/233";"cv")
------------------------


20120919_22_: MTU constitutional local_svm_classification ;lib=cdk 5
ruby CV_ds_pctype_algo_algoparams_rseed.rb MTU constitutional local_svm_classification ;lib=cdk 5 ../data/datasets.yaml
[2012-09-20T00:52:20.9119+02:00] datasets.yaml exists.
[2012-09-20T00:52:20.9122+02:00] --- prediction_algorithm=local_svm_classification;pc_type=constitutional;feature_dataset_uri=http://toxcreate3.in-silico.ch:8086/dataset/351653;lib=cdk
[2012-09-20T00:52:20.9179+02:00] --- 
:dataset_uri: http://toxcreate3.in-silico.ch:8086/dataset/351651
:prediction_feature: http://toxcreate3.in-silico.ch:8086/dataset/351651/feature/CHR_Mouse_Tumorigen
:algorithm_uri: http://toxcreate3.in-silico.ch:8086/algorithm/lazar
:algorithm_params: prediction_algorithm=local_svm_classification;pc_type=constitutional;feature_dataset_uri=http://toxcreate3.in-silico.ch:8086/dataset/351653;lib=cdk
:random_seed: "5"
[2012-09-20T01:33:11.7579+02:00] http://toxcreate3.in-silico.ch:8086/validation/crossvalidation/235
[2012-09-20T01:33:28.2264+02:00] http://toxcreate3.in-silico.ch:8086/validation/report/crossvalidation/234
[2012-09-20T01:33:28.2265+02:00]  
=hyperlink("http://toxcreate3.in-silico.ch:8086/dataset/351651";"MTU"),=hyperlink("http://toxcreate3.in-silico.ch:8086/validation/report/crossvalidation/234";"report"),=hyperlink("http://toxcreate3.in-silico.ch:8086/validation/crossvalidation/235";"cv")
------------------------


