20120918_16_: FHM constitutional local_svm_classification ;lib=cdk 1
ruby CV_ds_pctype_algo_algoparams_rseed.rb FHM constitutional local_svm_classification ;lib=cdk 1 ../data/datasets.yaml
[2012-09-18T16:11:29.5363+02:00] datasets.yaml exists.
[2012-09-18T16:11:29.5365+02:00] --- prediction_algorithm=local_svm_classification;pc_type=constitutional;feature_dataset_uri=http://toxcreate3.in-silico.ch:8086/dataset/351656;lib=cdk
[2012-09-18T16:11:29.5459+02:00] --- 
:dataset_uri: http://toxcreate3.in-silico.ch:8086/dataset/351648
:prediction_feature: http://toxcreate3.in-silico.ch:8086/dataset/351648/feature/ActivityOutcome_EPAFHM
:algorithm_uri: http://toxcreate3.in-silico.ch:8086/algorithm/lazar
:algorithm_params: prediction_algorithm=local_svm_classification;pc_type=constitutional;feature_dataset_uri=http://toxcreate3.in-silico.ch:8086/dataset/351656;lib=cdk
:random_seed: "1"
[2012-09-18T17:46:53.0218+02:00] http://toxcreate3.in-silico.ch:8086/validation/crossvalidation/196
[2012-09-18T17:47:05.8276+02:00] http://toxcreate3.in-silico.ch:8086/validation/report/crossvalidation/195
[2012-09-18T17:47:05.8277+02:00]  
=hyperlink("http://toxcreate3.in-silico.ch:8086/dataset/351648";"FHM"),=hyperlink("http://toxcreate3.in-silico.ch:8086/validation/report/crossvalidation/195";"report"),=hyperlink("http://toxcreate3.in-silico.ch:8086/validation/crossvalidation/196";"cv")
------------------------


20120918_16_: FHM constitutional local_svm_classification ;lib=cdk 2
ruby CV_ds_pctype_algo_algoparams_rseed.rb FHM constitutional local_svm_classification ;lib=cdk 2 ../data/datasets.yaml
[2012-09-18T17:47:06.7068+02:00] datasets.yaml exists.
[2012-09-18T17:47:06.7070+02:00] --- prediction_algorithm=local_svm_classification;pc_type=constitutional;feature_dataset_uri=http://toxcreate3.in-silico.ch:8086/dataset/351656;lib=cdk
[2012-09-18T17:47:06.7137+02:00] --- 
:dataset_uri: http://toxcreate3.in-silico.ch:8086/dataset/351648
:prediction_feature: http://toxcreate3.in-silico.ch:8086/dataset/351648/feature/ActivityOutcome_EPAFHM
:algorithm_uri: http://toxcreate3.in-silico.ch:8086/algorithm/lazar
:algorithm_params: prediction_algorithm=local_svm_classification;pc_type=constitutional;feature_dataset_uri=http://toxcreate3.in-silico.ch:8086/dataset/351656;lib=cdk
:random_seed: "2"
[2012-09-18T19:23:18.9740+02:00] http://toxcreate3.in-silico.ch:8086/validation/crossvalidation/197
[2012-09-18T19:23:33.1054+02:00] http://toxcreate3.in-silico.ch:8086/validation/report/crossvalidation/197
[2012-09-18T19:23:33.1055+02:00]  
=hyperlink("http://toxcreate3.in-silico.ch:8086/dataset/351648";"FHM"),=hyperlink("http://toxcreate3.in-silico.ch:8086/validation/report/crossvalidation/197";"report"),=hyperlink("http://toxcreate3.in-silico.ch:8086/validation/crossvalidation/197";"cv")
------------------------


20120918_16_: FHM constitutional local_svm_classification ;lib=cdk 3
ruby CV_ds_pctype_algo_algoparams_rseed.rb FHM constitutional local_svm_classification ;lib=cdk 3 ../data/datasets.yaml
[2012-09-18T19:23:34.1214+02:00] datasets.yaml exists.
[2012-09-18T19:23:34.1216+02:00] --- prediction_algorithm=local_svm_classification;pc_type=constitutional;feature_dataset_uri=http://toxcreate3.in-silico.ch:8086/dataset/351656;lib=cdk
[2012-09-18T19:23:34.1287+02:00] --- 
:dataset_uri: http://toxcreate3.in-silico.ch:8086/dataset/351648
:prediction_feature: http://toxcreate3.in-silico.ch:8086/dataset/351648/feature/ActivityOutcome_EPAFHM
:algorithm_uri: http://toxcreate3.in-silico.ch:8086/algorithm/lazar
:algorithm_params: prediction_algorithm=local_svm_classification;pc_type=constitutional;feature_dataset_uri=http://toxcreate3.in-silico.ch:8086/dataset/351656;lib=cdk
:random_seed: "3"
[2012-09-18T20:59:10.7843+02:00] http://toxcreate3.in-silico.ch:8086/validation/crossvalidation/199
[2012-09-18T20:59:24.2857+02:00] http://toxcreate3.in-silico.ch:8086/validation/report/crossvalidation/199
[2012-09-18T20:59:24.2857+02:00]  
=hyperlink("http://toxcreate3.in-silico.ch:8086/dataset/351648";"FHM"),=hyperlink("http://toxcreate3.in-silico.ch:8086/validation/report/crossvalidation/199";"report"),=hyperlink("http://toxcreate3.in-silico.ch:8086/validation/crossvalidation/199";"cv")
------------------------


20120918_16_: FHM constitutional local_svm_classification ;lib=cdk 4
ruby CV_ds_pctype_algo_algoparams_rseed.rb FHM constitutional local_svm_classification ;lib=cdk 4 ../data/datasets.yaml
[2012-09-18T20:59:25.3138+02:00] datasets.yaml exists.
[2012-09-18T20:59:25.3140+02:00] --- prediction_algorithm=local_svm_classification;pc_type=constitutional;feature_dataset_uri=http://toxcreate3.in-silico.ch:8086/dataset/351656;lib=cdk
[2012-09-18T20:59:25.3232+02:00] --- 
:dataset_uri: http://toxcreate3.in-silico.ch:8086/dataset/351648
:prediction_feature: http://toxcreate3.in-silico.ch:8086/dataset/351648/feature/ActivityOutcome_EPAFHM
:algorithm_uri: http://toxcreate3.in-silico.ch:8086/algorithm/lazar
:algorithm_params: prediction_algorithm=local_svm_classification;pc_type=constitutional;feature_dataset_uri=http://toxcreate3.in-silico.ch:8086/dataset/351656;lib=cdk
:random_seed: "4"
[2012-09-18T22:36:26.6387+02:00] http://toxcreate3.in-silico.ch:8086/validation/crossvalidation/201
[2012-09-18T22:36:40.2074+02:00] http://toxcreate3.in-silico.ch:8086/validation/report/crossvalidation/200
[2012-09-18T22:36:40.2075+02:00]  
=hyperlink("http://toxcreate3.in-silico.ch:8086/dataset/351648";"FHM"),=hyperlink("http://toxcreate3.in-silico.ch:8086/validation/report/crossvalidation/200";"report"),=hyperlink("http://toxcreate3.in-silico.ch:8086/validation/crossvalidation/201";"cv")
------------------------


20120918_16_: FHM constitutional local_svm_classification ;lib=cdk 5
ruby CV_ds_pctype_algo_algoparams_rseed.rb FHM constitutional local_svm_classification ;lib=cdk 5 ../data/datasets.yaml
[2012-09-18T22:36:41.0976+02:00] datasets.yaml exists.
[2012-09-18T22:36:41.0979+02:00] --- prediction_algorithm=local_svm_classification;pc_type=constitutional;feature_dataset_uri=http://toxcreate3.in-silico.ch:8086/dataset/351656;lib=cdk
[2012-09-18T22:36:41.1046+02:00] --- 
:dataset_uri: http://toxcreate3.in-silico.ch:8086/dataset/351648
:prediction_feature: http://toxcreate3.in-silico.ch:8086/dataset/351648/feature/ActivityOutcome_EPAFHM
:algorithm_uri: http://toxcreate3.in-silico.ch:8086/algorithm/lazar
:algorithm_params: prediction_algorithm=local_svm_classification;pc_type=constitutional;feature_dataset_uri=http://toxcreate3.in-silico.ch:8086/dataset/351656;lib=cdk
:random_seed: "5"
[2012-09-19T00:17:23.0429+02:00] http://toxcreate3.in-silico.ch:8086/validation/crossvalidation/202
[2012-09-19T00:17:37.1162+02:00] http://toxcreate3.in-silico.ch:8086/validation/report/crossvalidation/202
[2012-09-19T00:17:37.1162+02:00]  
=hyperlink("http://toxcreate3.in-silico.ch:8086/dataset/351648";"FHM"),=hyperlink("http://toxcreate3.in-silico.ch:8086/validation/report/crossvalidation/202";"report"),=hyperlink("http://toxcreate3.in-silico.ch:8086/validation/crossvalidation/202";"cv")
------------------------


