20120918_10_: BBA constitutional local_svm_classification ;lib=cdk 1
ruby CV_ds_pctype_algo_algoparams_rseed.rb BBA constitutional local_svm_classification ;lib=cdk 1 ../data/datasets.yaml
[2012-09-18T10:53:57.7064+02:00] datasets.yaml exists.
[2012-09-18T10:53:57.7067+02:00] --- prediction_algorithm=local_svm_classification;pc_type=constitutional;feature_dataset_uri=http://toxcreate3.in-silico.ch:8086/dataset/351655;lib=cdk
[2012-09-18T10:53:57.8220+02:00] --- 
:dataset_uri: http://toxcreate3.in-silico.ch:8086/dataset/351649
:prediction_feature: http://toxcreate3.in-silico.ch:8086/dataset/351649/feature/bloodbarr
:algorithm_uri: http://toxcreate3.in-silico.ch:8086/algorithm/lazar
:algorithm_params: prediction_algorithm=local_svm_classification;pc_type=constitutional;feature_dataset_uri=http://toxcreate3.in-silico.ch:8086/dataset/351655;lib=cdk
:random_seed: "1"
[2012-09-18T12:17:14.3317+02:00] http://toxcreate3.in-silico.ch:8086/validation/crossvalidation/179
[2012-09-18T12:17:26.5307+02:00] http://toxcreate3.in-silico.ch:8086/validation/report/crossvalidation/183
[2012-09-18T12:17:26.5308+02:00]  
=hyperlink("http://toxcreate3.in-silico.ch:8086/dataset/351649";"BBA"),=hyperlink("http://toxcreate3.in-silico.ch:8086/validation/report/crossvalidation/183";"report"),=hyperlink("http://toxcreate3.in-silico.ch:8086/validation/crossvalidation/179";"cv")
------------------------


20120918_10_: BBA constitutional local_svm_classification ;lib=cdk 2
ruby CV_ds_pctype_algo_algoparams_rseed.rb BBA constitutional local_svm_classification ;lib=cdk 2 ../data/datasets.yaml
[2012-09-18T12:17:27.6300+02:00] datasets.yaml exists.
[2012-09-18T12:17:27.6302+02:00] --- prediction_algorithm=local_svm_classification;pc_type=constitutional;feature_dataset_uri=http://toxcreate3.in-silico.ch:8086/dataset/351655;lib=cdk
[2012-09-18T12:17:27.6369+02:00] --- 
:dataset_uri: http://toxcreate3.in-silico.ch:8086/dataset/351649
:prediction_feature: http://toxcreate3.in-silico.ch:8086/dataset/351649/feature/bloodbarr
:algorithm_uri: http://toxcreate3.in-silico.ch:8086/algorithm/lazar
:algorithm_params: prediction_algorithm=local_svm_classification;pc_type=constitutional;feature_dataset_uri=http://toxcreate3.in-silico.ch:8086/dataset/351655;lib=cdk
:random_seed: "2"
[2012-09-18T13:23:15.3676+02:00] http://toxcreate3.in-silico.ch:8086/validation/crossvalidation/187
[2012-09-18T13:23:28.3058+02:00] http://toxcreate3.in-silico.ch:8086/validation/report/crossvalidation/188
[2012-09-18T13:23:28.3058+02:00]  
=hyperlink("http://toxcreate3.in-silico.ch:8086/dataset/351649";"BBA"),=hyperlink("http://toxcreate3.in-silico.ch:8086/validation/report/crossvalidation/188";"report"),=hyperlink("http://toxcreate3.in-silico.ch:8086/validation/crossvalidation/187";"cv")
------------------------


20120918_10_: BBA constitutional local_svm_classification ;lib=cdk 3
ruby CV_ds_pctype_algo_algoparams_rseed.rb BBA constitutional local_svm_classification ;lib=cdk 3 ../data/datasets.yaml
[2012-09-18T13:23:29.5490+02:00] datasets.yaml exists.
[2012-09-18T13:23:29.5492+02:00] --- prediction_algorithm=local_svm_classification;pc_type=constitutional;feature_dataset_uri=http://toxcreate3.in-silico.ch:8086/dataset/351655;lib=cdk
[2012-09-18T13:23:29.5569+02:00] --- 
:dataset_uri: http://toxcreate3.in-silico.ch:8086/dataset/351649
:prediction_feature: http://toxcreate3.in-silico.ch:8086/dataset/351649/feature/bloodbarr
:algorithm_uri: http://toxcreate3.in-silico.ch:8086/algorithm/lazar
:algorithm_params: prediction_algorithm=local_svm_classification;pc_type=constitutional;feature_dataset_uri=http://toxcreate3.in-silico.ch:8086/dataset/351655;lib=cdk
:random_seed: "3"
[2012-09-18T14:22:49.3656+02:00] http://toxcreate3.in-silico.ch:8086/validation/crossvalidation/191
[2012-09-18T14:23:01.5339+02:00] http://toxcreate3.in-silico.ch:8086/validation/report/crossvalidation/191
[2012-09-18T14:23:01.5340+02:00]  
=hyperlink("http://toxcreate3.in-silico.ch:8086/dataset/351649";"BBA"),=hyperlink("http://toxcreate3.in-silico.ch:8086/validation/report/crossvalidation/191";"report"),=hyperlink("http://toxcreate3.in-silico.ch:8086/validation/crossvalidation/191";"cv")
------------------------


20120918_10_: BBA constitutional local_svm_classification ;lib=cdk 4
ruby CV_ds_pctype_algo_algoparams_rseed.rb BBA constitutional local_svm_classification ;lib=cdk 4 ../data/datasets.yaml
[2012-09-18T14:23:02.5099+02:00] datasets.yaml exists.
[2012-09-18T14:23:02.5102+02:00] --- prediction_algorithm=local_svm_classification;pc_type=constitutional;feature_dataset_uri=http://toxcreate3.in-silico.ch:8086/dataset/351655;lib=cdk
[2012-09-18T14:23:02.5162+02:00] --- 
:dataset_uri: http://toxcreate3.in-silico.ch:8086/dataset/351649
:prediction_feature: http://toxcreate3.in-silico.ch:8086/dataset/351649/feature/bloodbarr
:algorithm_uri: http://toxcreate3.in-silico.ch:8086/algorithm/lazar
:algorithm_params: prediction_algorithm=local_svm_classification;pc_type=constitutional;feature_dataset_uri=http://toxcreate3.in-silico.ch:8086/dataset/351655;lib=cdk
:random_seed: "4"
[2012-09-18T15:18:51.4730+02:00] http://toxcreate3.in-silico.ch:8086/validation/crossvalidation/193
[2012-09-18T15:19:03.6179+02:00] http://toxcreate3.in-silico.ch:8086/validation/report/crossvalidation/193
[2012-09-18T15:19:03.6180+02:00]  
=hyperlink("http://toxcreate3.in-silico.ch:8086/dataset/351649";"BBA"),=hyperlink("http://toxcreate3.in-silico.ch:8086/validation/report/crossvalidation/193";"report"),=hyperlink("http://toxcreate3.in-silico.ch:8086/validation/crossvalidation/193";"cv")
------------------------


20120918_10_: BBA constitutional local_svm_classification ;lib=cdk 5
ruby CV_ds_pctype_algo_algoparams_rseed.rb BBA constitutional local_svm_classification ;lib=cdk 5 ../data/datasets.yaml
[2012-09-18T15:19:04.5662+02:00] datasets.yaml exists.
[2012-09-18T15:19:04.5664+02:00] --- prediction_algorithm=local_svm_classification;pc_type=constitutional;feature_dataset_uri=http://toxcreate3.in-silico.ch:8086/dataset/351655;lib=cdk
[2012-09-18T15:19:04.5719+02:00] --- 
:dataset_uri: http://toxcreate3.in-silico.ch:8086/dataset/351649
:prediction_feature: http://toxcreate3.in-silico.ch:8086/dataset/351649/feature/bloodbarr
:algorithm_uri: http://toxcreate3.in-silico.ch:8086/algorithm/lazar
:algorithm_params: prediction_algorithm=local_svm_classification;pc_type=constitutional;feature_dataset_uri=http://toxcreate3.in-silico.ch:8086/dataset/351655;lib=cdk
:random_seed: "5"
[2012-09-18T16:15:06.6698+02:00] http://toxcreate3.in-silico.ch:8086/validation/crossvalidation/195
[2012-09-18T16:15:19.8830+02:00] http://toxcreate3.in-silico.ch:8086/validation/report/crossvalidation/194
[2012-09-18T16:15:19.8830+02:00]  
=hyperlink("http://toxcreate3.in-silico.ch:8086/dataset/351649";"BBA"),=hyperlink("http://toxcreate3.in-silico.ch:8086/validation/report/crossvalidation/194";"report"),=hyperlink("http://toxcreate3.in-silico.ch:8086/validation/crossvalidation/195";"cv")
------------------------


