20120926_17_: ISS constitutional local_svm_classification ;lib=cdk;weights_option=3 1
ruby CV_ds_pctype_algo_algoparams_rseed.rb ISS constitutional local_svm_classification ;lib=cdk;weights_option=3 1 ../data/datasets.yaml
[2012-09-26T17:00:45.9230+02:00] datasets.yaml exists.
[2012-09-26T17:00:45.9234+02:00] --- prediction_algorithm=local_svm_classification;pc_type=constitutional;feature_dataset_uri=http://toxcreate3.in-silico.ch:8086/dataset/351657;lib=cdk;weights_option=3
[2012-09-26T17:00:45.9673+02:00] --- 
:dataset_uri: http://toxcreate3.in-silico.ch:8086/dataset/351650
:prediction_feature: http://toxcreate3.in-silico.ch:8086/dataset/351650/feature/Canc
:algorithm_uri: http://toxcreate3.in-silico.ch:8086/algorithm/lazar
:algorithm_params: prediction_algorithm=local_svm_classification;pc_type=constitutional;feature_dataset_uri=http://toxcreate3.in-silico.ch:8086/dataset/351657;lib=cdk;weights_option=3
:random_seed: "1"
[2012-09-26T20:58:02.2810+02:00] http://toxcreate3.in-silico.ch:8086/validation/crossvalidation/257
[2012-09-26T20:58:36.6256+02:00] http://toxcreate3.in-silico.ch:8086/validation/report/crossvalidation/281
[2012-09-26T20:58:36.7133+02:00]  
=hyperlink("http://toxcreate3.in-silico.ch:8086/dataset/351650";"ISS"),=hyperlink("http://toxcreate3.in-silico.ch:8086/validation/report/crossvalidation/281";"report"),=hyperlink("http://toxcreate3.in-silico.ch:8086/validation/crossvalidation/257";"cv");0.566604127579737;1066;0;0.664788732394366;0.370786516853933;0.671408250355619;0.363636363636364
------------------------


20120926_17_: ISS constitutional local_svm_classification ;lib=cdk;weights_option=3 2
ruby CV_ds_pctype_algo_algoparams_rseed.rb ISS constitutional local_svm_classification ;lib=cdk;weights_option=3 2 ../data/datasets.yaml
[2012-09-26T20:58:38.0473+02:00] datasets.yaml exists.
[2012-09-26T20:58:38.0477+02:00] --- prediction_algorithm=local_svm_classification;pc_type=constitutional;feature_dataset_uri=http://toxcreate3.in-silico.ch:8086/dataset/351657;lib=cdk;weights_option=3
[2012-09-26T20:58:38.0587+02:00] --- 
:dataset_uri: http://toxcreate3.in-silico.ch:8086/dataset/351650
:prediction_feature: http://toxcreate3.in-silico.ch:8086/dataset/351650/feature/Canc
:algorithm_uri: http://toxcreate3.in-silico.ch:8086/algorithm/lazar
:algorithm_params: prediction_algorithm=local_svm_classification;pc_type=constitutional;feature_dataset_uri=http://toxcreate3.in-silico.ch:8086/dataset/351657;lib=cdk;weights_option=3
:random_seed: "2"
[2012-09-27T00:57:21.8246+02:00] http://toxcreate3.in-silico.ch:8086/validation/crossvalidation/275
[2012-09-27T00:57:56.9143+02:00] http://toxcreate3.in-silico.ch:8086/validation/report/crossvalidation/297
[2012-09-27T00:57:56.9530+02:00]  
=hyperlink("http://toxcreate3.in-silico.ch:8086/dataset/351650";"ISS"),=hyperlink("http://toxcreate3.in-silico.ch:8086/validation/report/crossvalidation/297";"report"),=hyperlink("http://toxcreate3.in-silico.ch:8086/validation/crossvalidation/275";"cv");0.593808630393996;1066;0;0.663380281690141;0.455056179775281;0.685090909090909;0.428005284015852
------------------------


20120926_17_: ISS constitutional local_svm_classification ;lib=cdk;weights_option=3 3
ruby CV_ds_pctype_algo_algoparams_rseed.rb ISS constitutional local_svm_classification ;lib=cdk;weights_option=3 3 ../data/datasets.yaml
[2012-09-27T00:57:59.0852+02:00] datasets.yaml exists.
[2012-09-27T00:57:59.0855+02:00] --- prediction_algorithm=local_svm_classification;pc_type=constitutional;feature_dataset_uri=http://toxcreate3.in-silico.ch:8086/dataset/351657;lib=cdk;weights_option=3
[2012-09-27T00:57:59.0996+02:00] --- 
:dataset_uri: http://toxcreate3.in-silico.ch:8086/dataset/351650
:prediction_feature: http://toxcreate3.in-silico.ch:8086/dataset/351650/feature/Canc
:algorithm_uri: http://toxcreate3.in-silico.ch:8086/algorithm/lazar
:algorithm_params: prediction_algorithm=local_svm_classification;pc_type=constitutional;feature_dataset_uri=http://toxcreate3.in-silico.ch:8086/dataset/351657;lib=cdk;weights_option=3
:random_seed: "3"
[2012-09-27T04:22:59.8750+02:00] http://toxcreate3.in-silico.ch:8086/validation/crossvalidation/291
[2012-09-27T04:23:21.8058+02:00] http://toxcreate3.in-silico.ch:8086/validation/report/crossvalidation/312
[2012-09-27T04:23:21.8421+02:00]  
=hyperlink("http://toxcreate3.in-silico.ch:8086/dataset/351650";"ISS"),=hyperlink("http://toxcreate3.in-silico.ch:8086/validation/report/crossvalidation/312";"report"),=hyperlink("http://toxcreate3.in-silico.ch:8086/validation/crossvalidation/291";"cv");0.586303939962477;1066;0;0.676056338028169;0.407303370786517;0.685224839400428;0.39671682626539
------------------------


20120926_17_: ISS constitutional local_svm_classification ;lib=cdk;weights_option=3 4
ruby CV_ds_pctype_algo_algoparams_rseed.rb ISS constitutional local_svm_classification ;lib=cdk;weights_option=3 4 ../data/datasets.yaml
[2012-09-27T04:23:22.9664+02:00] datasets.yaml exists.
[2012-09-27T04:23:22.9666+02:00] --- prediction_algorithm=local_svm_classification;pc_type=constitutional;feature_dataset_uri=http://toxcreate3.in-silico.ch:8086/dataset/351657;lib=cdk;weights_option=3
[2012-09-27T04:23:22.9763+02:00] --- 
:dataset_uri: http://toxcreate3.in-silico.ch:8086/dataset/351650
:prediction_feature: http://toxcreate3.in-silico.ch:8086/dataset/351650/feature/Canc
:algorithm_uri: http://toxcreate3.in-silico.ch:8086/algorithm/lazar
:algorithm_params: prediction_algorithm=local_svm_classification;pc_type=constitutional;feature_dataset_uri=http://toxcreate3.in-silico.ch:8086/dataset/351657;lib=cdk;weights_option=3
:random_seed: "4"
[2012-09-27T07:05:51.9851+02:00] http://toxcreate3.in-silico.ch:8086/validation/crossvalidation/303
[2012-09-27T07:06:15.0456+02:00] http://toxcreate3.in-silico.ch:8086/validation/report/crossvalidation/316
[2012-09-27T07:06:15.0971+02:00]  
=hyperlink("http://toxcreate3.in-silico.ch:8086/dataset/351650";"ISS"),=hyperlink("http://toxcreate3.in-silico.ch:8086/validation/report/crossvalidation/316";"report"),=hyperlink("http://toxcreate3.in-silico.ch:8086/validation/crossvalidation/303";"cv");0.600375234521576;1066;0;0.666197183098592;0.469101123595506;0.689504373177843;0.439473684210526
------------------------


20120926_17_: ISS constitutional local_svm_classification ;lib=cdk;weights_option=3 5
ruby CV_ds_pctype_algo_algoparams_rseed.rb ISS constitutional local_svm_classification ;lib=cdk;weights_option=3 5 ../data/datasets.yaml
[2012-09-27T07:06:18.5557+02:00] datasets.yaml exists.
[2012-09-27T07:06:18.5560+02:00] --- prediction_algorithm=local_svm_classification;pc_type=constitutional;feature_dataset_uri=http://toxcreate3.in-silico.ch:8086/dataset/351657;lib=cdk;weights_option=3
[2012-09-27T07:06:18.6027+02:00] --- 
:dataset_uri: http://toxcreate3.in-silico.ch:8086/dataset/351650
:prediction_feature: http://toxcreate3.in-silico.ch:8086/dataset/351650/feature/Canc
:algorithm_uri: http://toxcreate3.in-silico.ch:8086/algorithm/lazar
:algorithm_params: prediction_algorithm=local_svm_classification;pc_type=constitutional;feature_dataset_uri=http://toxcreate3.in-silico.ch:8086/dataset/351657;lib=cdk;weights_option=3
:random_seed: "5"
[2012-09-27T09:46:46.1626+02:00] http://toxcreate3.in-silico.ch:8086/validation/crossvalidation/307
[2012-09-27T09:47:15.2381+02:00] http://toxcreate3.in-silico.ch:8086/validation/report/crossvalidation/320
[2012-09-27T09:47:15.2729+02:00]  
=hyperlink("http://toxcreate3.in-silico.ch:8086/dataset/351650";"ISS"),=hyperlink("http://toxcreate3.in-silico.ch:8086/validation/report/crossvalidation/320";"report"),=hyperlink("http://toxcreate3.in-silico.ch:8086/validation/crossvalidation/307";"cv");0.573170731707317;1066;0;0.667605633802817;0.384831460674157;0.675694939415538;0.375857338820302
------------------------


20120927_09_: ISS constitutional local_svm_classification ;lib=cdk;weights_option=4 1
ruby CV_ds_pctype_algo_algoparams_rseed.rb ISS constitutional local_svm_classification ;lib=cdk;weights_option=4 1 ../data/datasets.yaml
[2012-09-27T09:43:59.4997+02:00] datasets.yaml exists.
[2012-09-27T09:43:59.5000+02:00] --- prediction_algorithm=local_svm_classification;pc_type=constitutional;feature_dataset_uri=http://toxcreate3.in-silico.ch:8086/dataset/351657;lib=cdk;weights_option=4
[2012-09-27T09:43:59.5088+02:00] --- 
:dataset_uri: http://toxcreate3.in-silico.ch:8086/dataset/351650
:prediction_feature: http://toxcreate3.in-silico.ch:8086/dataset/351650/feature/Canc
:algorithm_uri: http://toxcreate3.in-silico.ch:8086/algorithm/lazar
:algorithm_params: prediction_algorithm=local_svm_classification;pc_type=constitutional;feature_dataset_uri=http://toxcreate3.in-silico.ch:8086/dataset/351657;lib=cdk;weights_option=4
:random_seed: "1"
[2012-09-27T13:02:43.5503+02:00] http://toxcreate3.in-silico.ch:8086/validation/crossvalidation/310
[2012-09-27T13:03:09.9540+02:00] http://toxcreate3.in-silico.ch:8086/validation/report/crossvalidation/324
[2012-09-27T13:03:09.9825+02:00]  
=hyperlink("http://toxcreate3.in-silico.ch:8086/dataset/351650";"ISS"),=hyperlink("http://toxcreate3.in-silico.ch:8086/validation/report/crossvalidation/324";"report"),=hyperlink("http://toxcreate3.in-silico.ch:8086/validation/crossvalidation/310";"cv");0.644465290806754;1066;0;0.883098591549296;0.168539325842697;0.767911818738518;0.240480961923848
------------------------


20120927_09_: ISS constitutional local_svm_classification ;lib=cdk;weights_option=4 2
ruby CV_ds_pctype_algo_algoparams_rseed.rb ISS constitutional local_svm_classification ;lib=cdk;weights_option=4 2 ../data/datasets.yaml
[2012-09-27T13:03:11.1022+02:00] datasets.yaml exists.
[2012-09-27T13:03:11.1024+02:00] --- prediction_algorithm=local_svm_classification;pc_type=constitutional;feature_dataset_uri=http://toxcreate3.in-silico.ch:8086/dataset/351657;lib=cdk;weights_option=4
[2012-09-27T13:03:11.1117+02:00] --- 
:dataset_uri: http://toxcreate3.in-silico.ch:8086/dataset/351650
:prediction_feature: http://toxcreate3.in-silico.ch:8086/dataset/351650/feature/Canc
:algorithm_uri: http://toxcreate3.in-silico.ch:8086/algorithm/lazar
:algorithm_params: prediction_algorithm=local_svm_classification;pc_type=constitutional;feature_dataset_uri=http://toxcreate3.in-silico.ch:8086/dataset/351657;lib=cdk;weights_option=4
:random_seed: "2"
[2012-09-27T16:25:36.2691+02:00] http://toxcreate3.in-silico.ch:8086/validation/crossvalidation/317
[2012-09-27T16:26:02.3262+02:00] http://toxcreate3.in-silico.ch:8086/validation/report/crossvalidation/331
[2012-09-27T16:26:02.4491+02:00]  
=hyperlink("http://toxcreate3.in-silico.ch:8086/dataset/351650";"ISS"),=hyperlink("http://toxcreate3.in-silico.ch:8086/validation/report/crossvalidation/331";"report"),=hyperlink("http://toxcreate3.in-silico.ch:8086/validation/crossvalidation/317";"cv"),0.653846153846154,1066,0,0.0,0.898591549295775,0.165730337078652,0.775683890577508,0.242299794661191
------------------------


20120927_09_: ISS constitutional local_svm_classification ;lib=cdk;weights_option=4 3
ruby CV_ds_pctype_algo_algoparams_rseed.rb ISS constitutional local_svm_classification ;lib=cdk;weights_option=4 3 ../data/datasets.yaml
[2012-09-27T16:26:03.5570+02:00] datasets.yaml exists.
[2012-09-27T16:26:03.5572+02:00] --- prediction_algorithm=local_svm_classification;pc_type=constitutional;feature_dataset_uri=http://toxcreate3.in-silico.ch:8086/dataset/351657;lib=cdk;weights_option=4
[2012-09-27T16:26:03.5664+02:00] --- 
:dataset_uri: http://toxcreate3.in-silico.ch:8086/dataset/351650
:prediction_feature: http://toxcreate3.in-silico.ch:8086/dataset/351650/feature/Canc
:algorithm_uri: http://toxcreate3.in-silico.ch:8086/algorithm/lazar
:algorithm_params: prediction_algorithm=local_svm_classification;pc_type=constitutional;feature_dataset_uri=http://toxcreate3.in-silico.ch:8086/dataset/351657;lib=cdk;weights_option=4
:random_seed: "3"
[2012-09-27T19:16:59.9761+02:00] http://toxcreate3.in-silico.ch:8086/validation/crossvalidation/324
[2012-09-27T19:17:21.8771+02:00] http://toxcreate3.in-silico.ch:8086/validation/report/crossvalidation/335
[2012-09-27T19:17:21.9173+02:00]  
=hyperlink("http://toxcreate3.in-silico.ch:8086/dataset/351650";"ISS"),=hyperlink("http://toxcreate3.in-silico.ch:8086/validation/report/crossvalidation/335";"report"),=hyperlink("http://toxcreate3.in-silico.ch:8086/validation/crossvalidation/324";"cv"),0.651031894934334,1066,0,0.0,0.891549295774648,0.171348314606742,0.772893772893773,0.246963562753036
------------------------


20120927_09_: ISS constitutional local_svm_classification ;lib=cdk;weights_option=4 4
ruby CV_ds_pctype_algo_algoparams_rseed.rb ISS constitutional local_svm_classification ;lib=cdk;weights_option=4 4 ../data/datasets.yaml
[2012-09-27T19:17:22.8434+02:00] datasets.yaml exists.
[2012-09-27T19:17:22.8437+02:00] --- prediction_algorithm=local_svm_classification;pc_type=constitutional;feature_dataset_uri=http://toxcreate3.in-silico.ch:8086/dataset/351657;lib=cdk;weights_option=4
[2012-09-27T19:17:22.8535+02:00] --- 
:dataset_uri: http://toxcreate3.in-silico.ch:8086/dataset/351650
:prediction_feature: http://toxcreate3.in-silico.ch:8086/dataset/351650/feature/Canc
:algorithm_uri: http://toxcreate3.in-silico.ch:8086/algorithm/lazar
:algorithm_params: prediction_algorithm=local_svm_classification;pc_type=constitutional;feature_dataset_uri=http://toxcreate3.in-silico.ch:8086/dataset/351657;lib=cdk;weights_option=4
:random_seed: "4"
[2012-09-27T21:58:32.6709+02:00] http://toxcreate3.in-silico.ch:8086/validation/crossvalidation/326
[2012-09-27T21:58:52.6991+02:00] http://toxcreate3.in-silico.ch:8086/validation/report/crossvalidation/337
[2012-09-27T21:58:52.7963+02:00]  
=hyperlink("http://toxcreate3.in-silico.ch:8086/dataset/351650";"ISS"),=hyperlink("http://toxcreate3.in-silico.ch:8086/validation/report/crossvalidation/337";"report"),=hyperlink("http://toxcreate3.in-silico.ch:8086/validation/crossvalidation/326";"cv"),0.650093808630394,1066,0,0.0,0.890140845070423,0.171348314606742,0.772144166157605,0.246464646464646
------------------------


20120927_09_: ISS constitutional local_svm_classification ;lib=cdk;weights_option=4 5
ruby CV_ds_pctype_algo_algoparams_rseed.rb ISS constitutional local_svm_classification ;lib=cdk;weights_option=4 5 ../data/datasets.yaml
[2012-09-27T21:58:53.6703+02:00] datasets.yaml exists.
[2012-09-27T21:58:53.6706+02:00] --- prediction_algorithm=local_svm_classification;pc_type=constitutional;feature_dataset_uri=http://toxcreate3.in-silico.ch:8086/dataset/351657;lib=cdk;weights_option=4
[2012-09-27T21:58:53.6802+02:00] --- 
:dataset_uri: http://toxcreate3.in-silico.ch:8086/dataset/351650
:prediction_feature: http://toxcreate3.in-silico.ch:8086/dataset/351650/feature/Canc
:algorithm_uri: http://toxcreate3.in-silico.ch:8086/algorithm/lazar
:algorithm_params: prediction_algorithm=local_svm_classification;pc_type=constitutional;feature_dataset_uri=http://toxcreate3.in-silico.ch:8086/dataset/351657;lib=cdk;weights_option=4
:random_seed: "5"
[2012-09-28T00:40:19.9437+02:00] http://toxcreate3.in-silico.ch:8086/validation/crossvalidation/328
[2012-09-28T00:40:40.8194+02:00] http://toxcreate3.in-silico.ch:8086/validation/report/crossvalidation/339
[2012-09-28T00:40:40.8567+02:00]  
=hyperlink("http://toxcreate3.in-silico.ch:8086/dataset/351650";"ISS"),=hyperlink("http://toxcreate3.in-silico.ch:8086/validation/report/crossvalidation/339";"report"),=hyperlink("http://toxcreate3.in-silico.ch:8086/validation/crossvalidation/328";"cv"),0.649155722326454,1066,0,0.0,0.888732394366197,0.171348314606742,0.771393643031785,0.245967741935484
------------------------


20120927_09_: ISS constitutional local_svm_classification ;lib=cdk;weights_option=5 1
ruby CV_ds_pctype_algo_algoparams_rseed.rb ISS constitutional local_svm_classification ;lib=cdk;weights_option=5 1 ../data/datasets.yaml
[2012-09-27T09:44:05.1525+02:00] datasets.yaml exists.
[2012-09-27T09:44:05.1528+02:00] --- prediction_algorithm=local_svm_classification;pc_type=constitutional;feature_dataset_uri=http://toxcreate3.in-silico.ch:8086/dataset/351657;lib=cdk;weights_option=5
[2012-09-27T09:44:05.1619+02:00] --- 
:dataset_uri: http://toxcreate3.in-silico.ch:8086/dataset/351650
:prediction_feature: http://toxcreate3.in-silico.ch:8086/dataset/351650/feature/Canc
:algorithm_uri: http://toxcreate3.in-silico.ch:8086/algorithm/lazar
:algorithm_params: prediction_algorithm=local_svm_classification;pc_type=constitutional;feature_dataset_uri=http://toxcreate3.in-silico.ch:8086/dataset/351657;lib=cdk;weights_option=5
:random_seed: "1"
[2012-09-27T13:04:30.9755+02:00] http://toxcreate3.in-silico.ch:8086/validation/crossvalidation/311
[2012-09-27T13:04:59.2603+02:00] http://toxcreate3.in-silico.ch:8086/validation/report/crossvalidation/325
[2012-09-27T13:04:59.3891+02:00]  
=hyperlink("http://toxcreate3.in-silico.ch:8086/dataset/351650";"ISS"),=hyperlink("http://toxcreate3.in-silico.ch:8086/validation/report/crossvalidation/325";"report"),=hyperlink("http://toxcreate3.in-silico.ch:8086/validation/crossvalidation/311";"cv");0.541275797373358;1066;0;0.530985915492958;0.561797752808989;0.606596942880129;0.449943757030371
------------------------


20120927_09_: ISS constitutional local_svm_classification ;lib=cdk;weights_option=5 2
ruby CV_ds_pctype_algo_algoparams_rseed.rb ISS constitutional local_svm_classification ;lib=cdk;weights_option=5 2 ../data/datasets.yaml
[2012-09-27T13:05:00.3996+02:00] datasets.yaml exists.
[2012-09-27T13:05:00.4000+02:00] --- prediction_algorithm=local_svm_classification;pc_type=constitutional;feature_dataset_uri=http://toxcreate3.in-silico.ch:8086/dataset/351657;lib=cdk;weights_option=5
[2012-09-27T13:05:00.4108+02:00] --- 
:dataset_uri: http://toxcreate3.in-silico.ch:8086/dataset/351650
:prediction_feature: http://toxcreate3.in-silico.ch:8086/dataset/351650/feature/Canc
:algorithm_uri: http://toxcreate3.in-silico.ch:8086/algorithm/lazar
:algorithm_params: prediction_algorithm=local_svm_classification;pc_type=constitutional;feature_dataset_uri=http://toxcreate3.in-silico.ch:8086/dataset/351657;lib=cdk;weights_option=5
:random_seed: "2"
[2012-09-27T16:28:57.1676+02:00] http://toxcreate3.in-silico.ch:8086/validation/crossvalidation/318
[2012-09-27T16:29:24.2961+02:00] http://toxcreate3.in-silico.ch:8086/validation/report/crossvalidation/332
[2012-09-27T16:29:24.3363+02:00]  
=hyperlink("http://toxcreate3.in-silico.ch:8086/dataset/351650";"ISS"),=hyperlink("http://toxcreate3.in-silico.ch:8086/validation/report/crossvalidation/332";"report"),=hyperlink("http://toxcreate3.in-silico.ch:8086/validation/crossvalidation/318";"cv"),0.536585365853659,1066,0,0.0,0.528169014084507,0.553370786516854,0.602893890675241,0.443693693693694
------------------------


20120927_09_: ISS constitutional local_svm_classification ;lib=cdk;weights_option=5 3
ruby CV_ds_pctype_algo_algoparams_rseed.rb ISS constitutional local_svm_classification ;lib=cdk;weights_option=5 3 ../data/datasets.yaml
[2012-09-27T16:29:25.8446+02:00] datasets.yaml exists.
[2012-09-27T16:29:25.8450+02:00] --- prediction_algorithm=local_svm_classification;pc_type=constitutional;feature_dataset_uri=http://toxcreate3.in-silico.ch:8086/dataset/351657;lib=cdk;weights_option=5
[2012-09-27T16:29:25.8580+02:00] --- 
:dataset_uri: http://toxcreate3.in-silico.ch:8086/dataset/351650
:prediction_feature: http://toxcreate3.in-silico.ch:8086/dataset/351650/feature/Canc
:algorithm_uri: http://toxcreate3.in-silico.ch:8086/algorithm/lazar
:algorithm_params: prediction_algorithm=local_svm_classification;pc_type=constitutional;feature_dataset_uri=http://toxcreate3.in-silico.ch:8086/dataset/351657;lib=cdk;weights_option=5
:random_seed: "3"
[2012-09-27T19:20:40.4537+02:00] http://toxcreate3.in-silico.ch:8086/validation/crossvalidation/325
[2012-09-27T19:21:03.7049+02:00] http://toxcreate3.in-silico.ch:8086/validation/report/crossvalidation/336
[2012-09-27T19:21:03.7453+02:00]  
=hyperlink("http://toxcreate3.in-silico.ch:8086/dataset/351650";"ISS"),=hyperlink("http://toxcreate3.in-silico.ch:8086/validation/report/crossvalidation/336";"report"),=hyperlink("http://toxcreate3.in-silico.ch:8086/validation/crossvalidation/325";"cv"),0.545966228893058,1066,0,0.0,0.532394366197183,0.573033707865168,0.609677419354839,0.457399103139013
------------------------


20120927_09_: ISS constitutional local_svm_classification ;lib=cdk;weights_option=5 4
ruby CV_ds_pctype_algo_algoparams_rseed.rb ISS constitutional local_svm_classification ;lib=cdk;weights_option=5 4 ../data/datasets.yaml
[2012-09-27T19:21:04.6301+02:00] datasets.yaml exists.
[2012-09-27T19:21:04.6303+02:00] --- prediction_algorithm=local_svm_classification;pc_type=constitutional;feature_dataset_uri=http://toxcreate3.in-silico.ch:8086/dataset/351657;lib=cdk;weights_option=5
[2012-09-27T19:21:04.6398+02:00] --- 
:dataset_uri: http://toxcreate3.in-silico.ch:8086/dataset/351650
:prediction_feature: http://toxcreate3.in-silico.ch:8086/dataset/351650/feature/Canc
:algorithm_uri: http://toxcreate3.in-silico.ch:8086/algorithm/lazar
:algorithm_params: prediction_algorithm=local_svm_classification;pc_type=constitutional;feature_dataset_uri=http://toxcreate3.in-silico.ch:8086/dataset/351657;lib=cdk;weights_option=5
:random_seed: "4"
[2012-09-27T22:02:29.0451+02:00] http://toxcreate3.in-silico.ch:8086/validation/crossvalidation/327
[2012-09-27T22:02:51.0969+02:00] http://toxcreate3.in-silico.ch:8086/validation/report/crossvalidation/338
[2012-09-27T22:02:51.1401+02:00]  
=hyperlink("http://toxcreate3.in-silico.ch:8086/dataset/351650";"ISS"),=hyperlink("http://toxcreate3.in-silico.ch:8086/validation/report/crossvalidation/338";"report"),=hyperlink("http://toxcreate3.in-silico.ch:8086/validation/crossvalidation/327";"cv"),0.556285178236398,1066,0,0.0,0.538028169014084,0.592696629213483,0.617623282134196,0.471508379888268
------------------------


20120927_09_: ISS constitutional local_svm_classification ;lib=cdk;weights_option=5 5
ruby CV_ds_pctype_algo_algoparams_rseed.rb ISS constitutional local_svm_classification ;lib=cdk;weights_option=5 5 ../data/datasets.yaml
[2012-09-27T22:02:52.4680+02:00] datasets.yaml exists.
[2012-09-27T22:02:52.4683+02:00] --- prediction_algorithm=local_svm_classification;pc_type=constitutional;feature_dataset_uri=http://toxcreate3.in-silico.ch:8086/dataset/351657;lib=cdk;weights_option=5
[2012-09-27T22:02:52.5890+02:00] --- 
:dataset_uri: http://toxcreate3.in-silico.ch:8086/dataset/351650
:prediction_feature: http://toxcreate3.in-silico.ch:8086/dataset/351650/feature/Canc
:algorithm_uri: http://toxcreate3.in-silico.ch:8086/algorithm/lazar
:algorithm_params: prediction_algorithm=local_svm_classification;pc_type=constitutional;feature_dataset_uri=http://toxcreate3.in-silico.ch:8086/dataset/351657;lib=cdk;weights_option=5
:random_seed: "5"
[2012-09-28T00:43:54.6653+02:00] http://toxcreate3.in-silico.ch:8086/validation/crossvalidation/329
[2012-09-28T00:44:14.8271+02:00] http://toxcreate3.in-silico.ch:8086/validation/report/crossvalidation/340
[2012-09-28T00:44:14.9191+02:00]  
=hyperlink("http://toxcreate3.in-silico.ch:8086/dataset/351650";"ISS"),=hyperlink("http://toxcreate3.in-silico.ch:8086/validation/report/crossvalidation/340";"report"),=hyperlink("http://toxcreate3.in-silico.ch:8086/validation/crossvalidation/329";"cv"),0.548780487804878,1066,0,0.0,0.556338028169014,0.533707865168539,0.621557828481511,0.441347270615563
------------------------


