20120926_17_: RTU constitutional local_svm_classification ;lib=cdk;weights_option=3 1
ruby CV_ds_pctype_algo_algoparams_rseed.rb RTU constitutional local_svm_classification ;lib=cdk;weights_option=3 1 ../data/datasets.yaml
[2012-09-26T17:00:38.7084+02:00] datasets.yaml exists.
[2012-09-26T17:00:38.7088+02:00] --- prediction_algorithm=local_svm_classification;pc_type=constitutional;feature_dataset_uri=http://toxcreate3.in-silico.ch:8086/dataset/351654;lib=cdk;weights_option=3
[2012-09-26T17:00:38.7135+02:00] --- 
:dataset_uri: http://toxcreate3.in-silico.ch:8086/dataset/351652
:prediction_feature: http://toxcreate3.in-silico.ch:8086/dataset/351652/feature/CHR_Rat_Tumorigen
:algorithm_uri: http://toxcreate3.in-silico.ch:8086/algorithm/lazar
:algorithm_params: prediction_algorithm=local_svm_classification;pc_type=constitutional;feature_dataset_uri=http://toxcreate3.in-silico.ch:8086/dataset/351654;lib=cdk;weights_option=3
:random_seed: "1"
[2012-09-26T17:48:11.7835+02:00] http://toxcreate3.in-silico.ch:8086/validation/crossvalidation/256
[2012-09-26T17:48:29.5938+02:00] http://toxcreate3.in-silico.ch:8086/validation/report/crossvalidation/267
[2012-09-26T17:48:29.6199+02:00]  
=hyperlink("http://toxcreate3.in-silico.ch:8086/dataset/351652";"RTU"),=hyperlink("http://toxcreate3.in-silico.ch:8086/validation/report/crossvalidation/267";"report"),=hyperlink("http://toxcreate3.in-silico.ch:8086/validation/crossvalidation/256";"cv");0.525691699604743;256;3;0.632258064516129;0.357142857142857;0.620253164556962;0.368421052631579
------------------------


20120926_17_: RTU constitutional local_svm_classification ;lib=cdk;weights_option=3 2
ruby CV_ds_pctype_algo_algoparams_rseed.rb RTU constitutional local_svm_classification ;lib=cdk;weights_option=3 2 ../data/datasets.yaml
[2012-09-26T17:48:30.8330+02:00] datasets.yaml exists.
[2012-09-26T17:48:30.8332+02:00] --- prediction_algorithm=local_svm_classification;pc_type=constitutional;feature_dataset_uri=http://toxcreate3.in-silico.ch:8086/dataset/351654;lib=cdk;weights_option=3
[2012-09-26T17:48:30.8393+02:00] --- 
:dataset_uri: http://toxcreate3.in-silico.ch:8086/dataset/351652
:prediction_feature: http://toxcreate3.in-silico.ch:8086/dataset/351652/feature/CHR_Rat_Tumorigen
:algorithm_uri: http://toxcreate3.in-silico.ch:8086/algorithm/lazar
:algorithm_params: prediction_algorithm=local_svm_classification;pc_type=constitutional;feature_dataset_uri=http://toxcreate3.in-silico.ch:8086/dataset/351654;lib=cdk;weights_option=3
:random_seed: "2"
[2012-09-26T18:33:10.7775+02:00] http://toxcreate3.in-silico.ch:8086/validation/crossvalidation/261
[2012-09-26T18:33:29.5577+02:00] http://toxcreate3.in-silico.ch:8086/validation/report/crossvalidation/270
[2012-09-26T18:33:29.5828+02:00]  
=hyperlink("http://toxcreate3.in-silico.ch:8086/dataset/351652";"RTU"),=hyperlink("http://toxcreate3.in-silico.ch:8086/validation/report/crossvalidation/270";"report"),=hyperlink("http://toxcreate3.in-silico.ch:8086/validation/crossvalidation/261";"cv");0.551181102362205;256;2;0.670967741935484;0.363636363636364;0.645962732919255;0.387096774193548
------------------------


20120926_17_: RTU constitutional local_svm_classification ;lib=cdk;weights_option=3 3
ruby CV_ds_pctype_algo_algoparams_rseed.rb RTU constitutional local_svm_classification ;lib=cdk;weights_option=3 3 ../data/datasets.yaml
[2012-09-26T18:33:30.8268+02:00] datasets.yaml exists.
[2012-09-26T18:33:30.8272+02:00] --- prediction_algorithm=local_svm_classification;pc_type=constitutional;feature_dataset_uri=http://toxcreate3.in-silico.ch:8086/dataset/351654;lib=cdk;weights_option=3
[2012-09-26T18:33:30.8386+02:00] --- 
:dataset_uri: http://toxcreate3.in-silico.ch:8086/dataset/351652
:prediction_feature: http://toxcreate3.in-silico.ch:8086/dataset/351652/feature/CHR_Rat_Tumorigen
:algorithm_uri: http://toxcreate3.in-silico.ch:8086/algorithm/lazar
:algorithm_params: prediction_algorithm=local_svm_classification;pc_type=constitutional;feature_dataset_uri=http://toxcreate3.in-silico.ch:8086/dataset/351654;lib=cdk;weights_option=3
:random_seed: "3"
[2012-09-26T19:20:07.1048+02:00] http://toxcreate3.in-silico.ch:8086/validation/crossvalidation/264
[2012-09-26T19:20:22.4804+02:00] http://toxcreate3.in-silico.ch:8086/validation/report/crossvalidation/273
[2012-09-26T19:20:22.5118+02:00]  
=hyperlink("http://toxcreate3.in-silico.ch:8086/dataset/351652";"RTU"),=hyperlink("http://toxcreate3.in-silico.ch:8086/validation/report/crossvalidation/273";"report"),=hyperlink("http://toxcreate3.in-silico.ch:8086/validation/crossvalidation/264";"cv");0.525490196078431;256;1;0.632258064516129;0.36;0.618296529968454;0.373056994818653
------------------------


20120926_17_: RTU constitutional local_svm_classification ;lib=cdk;weights_option=3 4
ruby CV_ds_pctype_algo_algoparams_rseed.rb RTU constitutional local_svm_classification ;lib=cdk;weights_option=3 4 ../data/datasets.yaml
[2012-09-26T19:20:23.9763+02:00] datasets.yaml exists.
[2012-09-26T19:20:23.9766+02:00] --- prediction_algorithm=local_svm_classification;pc_type=constitutional;feature_dataset_uri=http://toxcreate3.in-silico.ch:8086/dataset/351654;lib=cdk;weights_option=3
[2012-09-26T19:20:23.9848+02:00] --- 
:dataset_uri: http://toxcreate3.in-silico.ch:8086/dataset/351652
:prediction_feature: http://toxcreate3.in-silico.ch:8086/dataset/351652/feature/CHR_Rat_Tumorigen
:algorithm_uri: http://toxcreate3.in-silico.ch:8086/algorithm/lazar
:algorithm_params: prediction_algorithm=local_svm_classification;pc_type=constitutional;feature_dataset_uri=http://toxcreate3.in-silico.ch:8086/dataset/351654;lib=cdk;weights_option=3
:random_seed: "4"
[2012-09-26T20:06:00.8896+02:00] http://toxcreate3.in-silico.ch:8086/validation/crossvalidation/267
[2012-09-26T20:06:15.2846+02:00] http://toxcreate3.in-silico.ch:8086/validation/report/crossvalidation/276
[2012-09-26T20:06:15.3989+02:00]  
=hyperlink("http://toxcreate3.in-silico.ch:8086/dataset/351652";"RTU"),=hyperlink("http://toxcreate3.in-silico.ch:8086/validation/report/crossvalidation/276";"report"),=hyperlink("http://toxcreate3.in-silico.ch:8086/validation/crossvalidation/267";"cv");0.541501976284585;256;3;0.642857142857143;0.383838383838384;0.630573248407643;0.395833333333333
------------------------


20120926_17_: RTU constitutional local_svm_classification ;lib=cdk;weights_option=3 5
ruby CV_ds_pctype_algo_algoparams_rseed.rb RTU constitutional local_svm_classification ;lib=cdk;weights_option=3 5 ../data/datasets.yaml
[2012-09-26T20:06:16.8171+02:00] datasets.yaml exists.
[2012-09-26T20:06:16.8175+02:00] --- prediction_algorithm=local_svm_classification;pc_type=constitutional;feature_dataset_uri=http://toxcreate3.in-silico.ch:8086/dataset/351654;lib=cdk;weights_option=3
[2012-09-26T20:06:16.8236+02:00] --- 
:dataset_uri: http://toxcreate3.in-silico.ch:8086/dataset/351652
:prediction_feature: http://toxcreate3.in-silico.ch:8086/dataset/351652/feature/CHR_Rat_Tumorigen
:algorithm_uri: http://toxcreate3.in-silico.ch:8086/algorithm/lazar
:algorithm_params: prediction_algorithm=local_svm_classification;pc_type=constitutional;feature_dataset_uri=http://toxcreate3.in-silico.ch:8086/dataset/351654;lib=cdk;weights_option=3
:random_seed: "5"
[2012-09-26T20:51:48.4364+02:00] http://toxcreate3.in-silico.ch:8086/validation/crossvalidation/270
[2012-09-26T20:52:07.3188+02:00] http://toxcreate3.in-silico.ch:8086/validation/report/crossvalidation/279
[2012-09-26T20:52:07.3559+02:00]  
=hyperlink("http://toxcreate3.in-silico.ch:8086/dataset/351652";"RTU"),=hyperlink("http://toxcreate3.in-silico.ch:8086/validation/report/crossvalidation/279";"report"),=hyperlink("http://toxcreate3.in-silico.ch:8086/validation/crossvalidation/270";"cv");0.551181102362205;256;2;0.645161290322581;0.404040404040404;0.636942675159236;0.412371134020619
------------------------


20120926_17_: RTU constitutional local_svm_classification ;lib=cdk;weights_option=4 1
ruby CV_ds_pctype_algo_algoparams_rseed.rb RTU constitutional local_svm_classification ;lib=cdk;weights_option=4 1 ../data/datasets.yaml
[2012-09-26T20:52:08.6342+02:00] datasets.yaml exists.
[2012-09-26T20:52:08.6345+02:00] --- prediction_algorithm=local_svm_classification;pc_type=constitutional;feature_dataset_uri=http://toxcreate3.in-silico.ch:8086/dataset/351654;lib=cdk;weights_option=4
[2012-09-26T20:52:08.6393+02:00] --- 
:dataset_uri: http://toxcreate3.in-silico.ch:8086/dataset/351652
:prediction_feature: http://toxcreate3.in-silico.ch:8086/dataset/351652/feature/CHR_Rat_Tumorigen
:algorithm_uri: http://toxcreate3.in-silico.ch:8086/algorithm/lazar
:algorithm_params: prediction_algorithm=local_svm_classification;pc_type=constitutional;feature_dataset_uri=http://toxcreate3.in-silico.ch:8086/dataset/351654;lib=cdk;weights_option=4
:random_seed: "1"
[2012-09-26T21:38:04.4226+02:00] http://toxcreate3.in-silico.ch:8086/validation/crossvalidation/273
[2012-09-26T21:38:22.3672+02:00] http://toxcreate3.in-silico.ch:8086/validation/report/crossvalidation/283
[2012-09-26T21:38:22.3929+02:00]  
=hyperlink("http://toxcreate3.in-silico.ch:8086/dataset/351652";"RTU"),=hyperlink("http://toxcreate3.in-silico.ch:8086/validation/report/crossvalidation/283";"report"),=hyperlink("http://toxcreate3.in-silico.ch:8086/validation/crossvalidation/273";"cv");0.557312252964427;256;3;0.774193548387097;0.214285714285714;0.681818181818182;0.272727272727273
------------------------


20120926_17_: RTU constitutional local_svm_classification ;lib=cdk;weights_option=4 2
ruby CV_ds_pctype_algo_algoparams_rseed.rb RTU constitutional local_svm_classification ;lib=cdk;weights_option=4 2 ../data/datasets.yaml
[2012-09-26T21:38:23.5492+02:00] datasets.yaml exists.
[2012-09-26T21:38:23.5496+02:00] --- prediction_algorithm=local_svm_classification;pc_type=constitutional;feature_dataset_uri=http://toxcreate3.in-silico.ch:8086/dataset/351654;lib=cdk;weights_option=4
[2012-09-26T21:38:23.5558+02:00] --- 
:dataset_uri: http://toxcreate3.in-silico.ch:8086/dataset/351652
:prediction_feature: http://toxcreate3.in-silico.ch:8086/dataset/351652/feature/CHR_Rat_Tumorigen
:algorithm_uri: http://toxcreate3.in-silico.ch:8086/algorithm/lazar
:algorithm_params: prediction_algorithm=local_svm_classification;pc_type=constitutional;feature_dataset_uri=http://toxcreate3.in-silico.ch:8086/dataset/351654;lib=cdk;weights_option=4
:random_seed: "2"
[2012-09-26T22:25:09.1880+02:00] http://toxcreate3.in-silico.ch:8086/validation/crossvalidation/277
[2012-09-26T22:25:24.1879+02:00] http://toxcreate3.in-silico.ch:8086/validation/report/crossvalidation/287
[2012-09-26T22:25:24.2129+02:00]  
=hyperlink("http://toxcreate3.in-silico.ch:8086/dataset/351652";"RTU"),=hyperlink("http://toxcreate3.in-silico.ch:8086/validation/report/crossvalidation/287";"report"),=hyperlink("http://toxcreate3.in-silico.ch:8086/validation/crossvalidation/277";"cv");0.594488188976378;256;2;0.819354838709677;0.242424242424242;0.711484593837535;0.317880794701987
------------------------


20120926_17_: RTU constitutional local_svm_classification ;lib=cdk;weights_option=4 3
ruby CV_ds_pctype_algo_algoparams_rseed.rb RTU constitutional local_svm_classification ;lib=cdk;weights_option=4 3 ../data/datasets.yaml
[2012-09-26T22:25:25.4936+02:00] datasets.yaml exists.
[2012-09-26T22:25:25.4940+02:00] --- prediction_algorithm=local_svm_classification;pc_type=constitutional;feature_dataset_uri=http://toxcreate3.in-silico.ch:8086/dataset/351654;lib=cdk;weights_option=4
[2012-09-26T22:25:25.5001+02:00] --- 
:dataset_uri: http://toxcreate3.in-silico.ch:8086/dataset/351652
:prediction_feature: http://toxcreate3.in-silico.ch:8086/dataset/351652/feature/CHR_Rat_Tumorigen
:algorithm_uri: http://toxcreate3.in-silico.ch:8086/algorithm/lazar
:algorithm_params: prediction_algorithm=local_svm_classification;pc_type=constitutional;feature_dataset_uri=http://toxcreate3.in-silico.ch:8086/dataset/351654;lib=cdk;weights_option=4
:random_seed: "3"
[2012-09-26T23:12:04.2373+02:00] http://toxcreate3.in-silico.ch:8086/validation/crossvalidation/281
[2012-09-26T23:12:19.7980+02:00] http://toxcreate3.in-silico.ch:8086/validation/report/crossvalidation/289
[2012-09-26T23:12:19.8379+02:00]  
=hyperlink("http://toxcreate3.in-silico.ch:8086/dataset/351652";"RTU"),=hyperlink("http://toxcreate3.in-silico.ch:8086/validation/report/crossvalidation/289";"report"),=hyperlink("http://toxcreate3.in-silico.ch:8086/validation/crossvalidation/281";"cv");0.576470588235294;256;1;0.825806451612903;0.19;0.703296703296703;0.26027397260274
------------------------


20120926_17_: RTU constitutional local_svm_classification ;lib=cdk;weights_option=4 4
ruby CV_ds_pctype_algo_algoparams_rseed.rb RTU constitutional local_svm_classification ;lib=cdk;weights_option=4 4 ../data/datasets.yaml
[2012-09-26T23:12:21.5288+02:00] datasets.yaml exists.
[2012-09-26T23:12:21.5291+02:00] --- prediction_algorithm=local_svm_classification;pc_type=constitutional;feature_dataset_uri=http://toxcreate3.in-silico.ch:8086/dataset/351654;lib=cdk;weights_option=4
[2012-09-26T23:12:21.5339+02:00] --- 
:dataset_uri: http://toxcreate3.in-silico.ch:8086/dataset/351652
:prediction_feature: http://toxcreate3.in-silico.ch:8086/dataset/351652/feature/CHR_Rat_Tumorigen
:algorithm_uri: http://toxcreate3.in-silico.ch:8086/algorithm/lazar
:algorithm_params: prediction_algorithm=local_svm_classification;pc_type=constitutional;feature_dataset_uri=http://toxcreate3.in-silico.ch:8086/dataset/351654;lib=cdk;weights_option=4
:random_seed: "4"
[2012-09-26T23:59:01.6239+02:00] http://toxcreate3.in-silico.ch:8086/validation/crossvalidation/283
[2012-09-26T23:59:16.1347+02:00] http://toxcreate3.in-silico.ch:8086/validation/report/crossvalidation/293
[2012-09-26T23:59:16.1742+02:00]  
=hyperlink("http://toxcreate3.in-silico.ch:8086/dataset/351652";"RTU"),=hyperlink("http://toxcreate3.in-silico.ch:8086/validation/report/crossvalidation/293";"report"),=hyperlink("http://toxcreate3.in-silico.ch:8086/validation/crossvalidation/283";"cv");0.58102766798419;256;3;0.818181818181818;0.212121212121212;0.70391061452514;0.283783783783784
------------------------


20120926_17_: RTU constitutional local_svm_classification ;lib=cdk;weights_option=4 5
ruby CV_ds_pctype_algo_algoparams_rseed.rb RTU constitutional local_svm_classification ;lib=cdk;weights_option=4 5 ../data/datasets.yaml
[2012-09-26T23:59:17.7452+02:00] datasets.yaml exists.
[2012-09-26T23:59:17.7455+02:00] --- prediction_algorithm=local_svm_classification;pc_type=constitutional;feature_dataset_uri=http://toxcreate3.in-silico.ch:8086/dataset/351654;lib=cdk;weights_option=4
[2012-09-26T23:59:17.7938+02:00] --- 
:dataset_uri: http://toxcreate3.in-silico.ch:8086/dataset/351652
:prediction_feature: http://toxcreate3.in-silico.ch:8086/dataset/351652/feature/CHR_Rat_Tumorigen
:algorithm_uri: http://toxcreate3.in-silico.ch:8086/algorithm/lazar
:algorithm_params: prediction_algorithm=local_svm_classification;pc_type=constitutional;feature_dataset_uri=http://toxcreate3.in-silico.ch:8086/dataset/351654;lib=cdk;weights_option=4
:random_seed: "5"
[2012-09-27T00:46:15.6775+02:00] http://toxcreate3.in-silico.ch:8086/validation/crossvalidation/287
[2012-09-27T00:46:31.8075+02:00] http://toxcreate3.in-silico.ch:8086/validation/report/crossvalidation/295
[2012-09-27T00:46:31.9017+02:00]  
=hyperlink("http://toxcreate3.in-silico.ch:8086/dataset/351652";"RTU"),=hyperlink("http://toxcreate3.in-silico.ch:8086/validation/report/crossvalidation/295";"report"),=hyperlink("http://toxcreate3.in-silico.ch:8086/validation/crossvalidation/287";"cv");0.566929133858268;256;2;0.793548387096774;0.212121212121212;0.691011235955056;0.276315789473684
------------------------


20120926_17_: RTU constitutional local_svm_classification ;lib=cdk;weights_option=5 1
ruby CV_ds_pctype_algo_algoparams_rseed.rb RTU constitutional local_svm_classification ;lib=cdk;weights_option=5 1 ../data/datasets.yaml
[2012-09-27T00:46:33.2264+02:00] datasets.yaml exists.
[2012-09-27T00:46:33.2267+02:00] --- prediction_algorithm=local_svm_classification;pc_type=constitutional;feature_dataset_uri=http://toxcreate3.in-silico.ch:8086/dataset/351654;lib=cdk;weights_option=5
[2012-09-27T00:46:33.3200+02:00] --- 
:dataset_uri: http://toxcreate3.in-silico.ch:8086/dataset/351652
:prediction_feature: http://toxcreate3.in-silico.ch:8086/dataset/351652/feature/CHR_Rat_Tumorigen
:algorithm_uri: http://toxcreate3.in-silico.ch:8086/algorithm/lazar
:algorithm_params: prediction_algorithm=local_svm_classification;pc_type=constitutional;feature_dataset_uri=http://toxcreate3.in-silico.ch:8086/dataset/351654;lib=cdk;weights_option=5
:random_seed: "1"
[2012-09-27T01:31:50.9921+02:00] http://toxcreate3.in-silico.ch:8086/validation/crossvalidation/289
[2012-09-27T01:32:05.6216+02:00] http://toxcreate3.in-silico.ch:8086/validation/report/crossvalidation/299
[2012-09-27T01:32:05.6518+02:00]  
=hyperlink("http://toxcreate3.in-silico.ch:8086/dataset/351652";"RTU"),=hyperlink("http://toxcreate3.in-silico.ch:8086/validation/report/crossvalidation/299";"report"),=hyperlink("http://toxcreate3.in-silico.ch:8086/validation/crossvalidation/289";"cv");0.549407114624506;256;3;0.625806451612903;0.428571428571429;0.62987012987013;0.424242424242424
------------------------


20120926_17_: RTU constitutional local_svm_classification ;lib=cdk;weights_option=5 2
ruby CV_ds_pctype_algo_algoparams_rseed.rb RTU constitutional local_svm_classification ;lib=cdk;weights_option=5 2 ../data/datasets.yaml
[2012-09-27T01:32:06.5784+02:00] datasets.yaml exists.
[2012-09-27T01:32:06.5786+02:00] --- prediction_algorithm=local_svm_classification;pc_type=constitutional;feature_dataset_uri=http://toxcreate3.in-silico.ch:8086/dataset/351654;lib=cdk;weights_option=5
[2012-09-27T01:32:06.5991+02:00] --- 
:dataset_uri: http://toxcreate3.in-silico.ch:8086/dataset/351652
:prediction_feature: http://toxcreate3.in-silico.ch:8086/dataset/351652/feature/CHR_Rat_Tumorigen
:algorithm_uri: http://toxcreate3.in-silico.ch:8086/algorithm/lazar
:algorithm_params: prediction_algorithm=local_svm_classification;pc_type=constitutional;feature_dataset_uri=http://toxcreate3.in-silico.ch:8086/dataset/351654;lib=cdk;weights_option=5
:random_seed: "2"
[2012-09-27T02:13:42.2575+02:00] http://toxcreate3.in-silico.ch:8086/validation/crossvalidation/293
[2012-09-27T02:13:55.8922+02:00] http://toxcreate3.in-silico.ch:8086/validation/report/crossvalidation/303
[2012-09-27T02:13:55.9519+02:00]  
=hyperlink("http://toxcreate3.in-silico.ch:8086/dataset/351652";"RTU"),=hyperlink("http://toxcreate3.in-silico.ch:8086/validation/report/crossvalidation/303";"report"),=hyperlink("http://toxcreate3.in-silico.ch:8086/validation/crossvalidation/293";"cv");0.52755905511811;256;2;0.606451612903226;0.404040404040404;0.61038961038961;0.4
------------------------


20120926_17_: RTU constitutional local_svm_classification ;lib=cdk;weights_option=5 3
ruby CV_ds_pctype_algo_algoparams_rseed.rb RTU constitutional local_svm_classification ;lib=cdk;weights_option=5 3 ../data/datasets.yaml
[2012-09-27T02:13:57.5128+02:00] datasets.yaml exists.
[2012-09-27T02:13:57.5132+02:00] --- prediction_algorithm=local_svm_classification;pc_type=constitutional;feature_dataset_uri=http://toxcreate3.in-silico.ch:8086/dataset/351654;lib=cdk;weights_option=5
[2012-09-27T02:13:57.5189+02:00] --- 
:dataset_uri: http://toxcreate3.in-silico.ch:8086/dataset/351652
:prediction_feature: http://toxcreate3.in-silico.ch:8086/dataset/351652/feature/CHR_Rat_Tumorigen
:algorithm_uri: http://toxcreate3.in-silico.ch:8086/algorithm/lazar
:algorithm_params: prediction_algorithm=local_svm_classification;pc_type=constitutional;feature_dataset_uri=http://toxcreate3.in-silico.ch:8086/dataset/351654;lib=cdk;weights_option=5
:random_seed: "3"
[2012-09-27T02:53:27.0805+02:00] http://toxcreate3.in-silico.ch:8086/validation/crossvalidation/296
[2012-09-27T02:53:40.2514+02:00] http://toxcreate3.in-silico.ch:8086/validation/report/crossvalidation/305
[2012-09-27T02:53:40.3743+02:00]  
=hyperlink("http://toxcreate3.in-silico.ch:8086/dataset/351652";"RTU"),=hyperlink("http://toxcreate3.in-silico.ch:8086/validation/report/crossvalidation/305";"report"),=hyperlink("http://toxcreate3.in-silico.ch:8086/validation/crossvalidation/296";"cv");0.525490196078431;256;1;0.6;0.41;0.60586319218241;0.403940886699507
------------------------


20120926_17_: RTU constitutional local_svm_classification ;lib=cdk;weights_option=5 4
ruby CV_ds_pctype_algo_algoparams_rseed.rb RTU constitutional local_svm_classification ;lib=cdk;weights_option=5 4 ../data/datasets.yaml
[2012-09-27T02:53:41.7955+02:00] datasets.yaml exists.
[2012-09-27T02:53:41.7957+02:00] --- prediction_algorithm=local_svm_classification;pc_type=constitutional;feature_dataset_uri=http://toxcreate3.in-silico.ch:8086/dataset/351654;lib=cdk;weights_option=5
[2012-09-27T02:53:41.8011+02:00] --- 
:dataset_uri: http://toxcreate3.in-silico.ch:8086/dataset/351652
:prediction_feature: http://toxcreate3.in-silico.ch:8086/dataset/351652/feature/CHR_Rat_Tumorigen
:algorithm_uri: http://toxcreate3.in-silico.ch:8086/algorithm/lazar
:algorithm_params: prediction_algorithm=local_svm_classification;pc_type=constitutional;feature_dataset_uri=http://toxcreate3.in-silico.ch:8086/dataset/351654;lib=cdk;weights_option=5
:random_seed: "4"
[2012-09-27T03:33:14.6245+02:00] http://toxcreate3.in-silico.ch:8086/validation/crossvalidation/298
[2012-09-27T03:33:28.3387+02:00] http://toxcreate3.in-silico.ch:8086/validation/report/crossvalidation/308
[2012-09-27T03:33:28.3768+02:00]  
=hyperlink("http://toxcreate3.in-silico.ch:8086/dataset/351652";"RTU"),=hyperlink("http://toxcreate3.in-silico.ch:8086/validation/report/crossvalidation/308";"report"),=hyperlink("http://toxcreate3.in-silico.ch:8086/validation/crossvalidation/298";"cv");0.537549407114625;256;3;0.636363636363636;0.383838383838384;0.626198083067093;0.393782383419689
------------------------


20120926_17_: RTU constitutional local_svm_classification ;lib=cdk;weights_option=5 5
ruby CV_ds_pctype_algo_algoparams_rseed.rb RTU constitutional local_svm_classification ;lib=cdk;weights_option=5 5 ../data/datasets.yaml
[2012-09-27T03:33:29.8583+02:00] datasets.yaml exists.
[2012-09-27T03:33:29.8585+02:00] --- prediction_algorithm=local_svm_classification;pc_type=constitutional;feature_dataset_uri=http://toxcreate3.in-silico.ch:8086/dataset/351654;lib=cdk;weights_option=5
[2012-09-27T03:33:29.8752+02:00] --- 
:dataset_uri: http://toxcreate3.in-silico.ch:8086/dataset/351652
:prediction_feature: http://toxcreate3.in-silico.ch:8086/dataset/351652/feature/CHR_Rat_Tumorigen
:algorithm_uri: http://toxcreate3.in-silico.ch:8086/algorithm/lazar
:algorithm_params: prediction_algorithm=local_svm_classification;pc_type=constitutional;feature_dataset_uri=http://toxcreate3.in-silico.ch:8086/dataset/351654;lib=cdk;weights_option=5
:random_seed: "5"
[2012-09-27T04:06:52.4049+02:00] http://toxcreate3.in-silico.ch:8086/validation/crossvalidation/301
[2012-09-27T04:07:02.4008+02:00] http://toxcreate3.in-silico.ch:8086/validation/report/crossvalidation/310
[2012-09-27T04:07:02.4405+02:00]  
=hyperlink("http://toxcreate3.in-silico.ch:8086/dataset/351652";"RTU"),=hyperlink("http://toxcreate3.in-silico.ch:8086/validation/report/crossvalidation/310";"report"),=hyperlink("http://toxcreate3.in-silico.ch:8086/validation/crossvalidation/301";"cv");0.52755905511811;256;2;0.625806451612903;0.373737373737374;0.617834394904459;0.381443298969072
------------------------


