20120918_10_: RTU constitutional local_svm_classification ;lib=cdk 1
ruby CV_ds_pctype_algo_algoparams_rseed.rb RTU constitutional local_svm_classification ;lib=cdk 1 ../data/datasets.yaml
[2012-09-18T10:54:12.4266+02:00] datasets.yaml exists.
[2012-09-18T10:54:12.4270+02:00] --- prediction_algorithm=local_svm_classification;pc_type=constitutional;feature_dataset_uri=http://toxcreate3.in-silico.ch:8086/dataset/351654;lib=cdk
[2012-09-18T10:54:12.4331+02:00] --- 
:dataset_uri: http://toxcreate3.in-silico.ch:8086/dataset/351652
:prediction_feature: http://toxcreate3.in-silico.ch:8086/dataset/351652/feature/CHR_Rat_Tumorigen
:algorithm_uri: http://toxcreate3.in-silico.ch:8086/algorithm/lazar
:algorithm_params: prediction_algorithm=local_svm_classification;pc_type=constitutional;feature_dataset_uri=http://toxcreate3.in-silico.ch:8086/dataset/351654;lib=cdk
:random_seed: "1"
[2012-09-18T11:42:54.1888+02:00] http://toxcreate3.in-silico.ch:8086/validation/crossvalidation/182
[2012-09-18T11:43:12.5871+02:00] http://toxcreate3.in-silico.ch:8086/validation/report/crossvalidation/182
[2012-09-18T11:43:12.5871+02:00]  
=hyperlink("http://toxcreate3.in-silico.ch:8086/dataset/351652";"RTU"),=hyperlink("http://toxcreate3.in-silico.ch:8086/validation/report/crossvalidation/182";"report"),=hyperlink("http://toxcreate3.in-silico.ch:8086/validation/crossvalidation/182";"cv")
------------------------


20120918_10_: RTU constitutional local_svm_classification ;lib=cdk 2
ruby CV_ds_pctype_algo_algoparams_rseed.rb RTU constitutional local_svm_classification ;lib=cdk 2 ../data/datasets.yaml
[2012-09-18T11:43:14.7462+02:00] datasets.yaml exists.
[2012-09-18T11:43:14.7465+02:00] --- prediction_algorithm=local_svm_classification;pc_type=constitutional;feature_dataset_uri=http://toxcreate3.in-silico.ch:8086/dataset/351654;lib=cdk
[2012-09-18T11:43:14.7529+02:00] --- 
:dataset_uri: http://toxcreate3.in-silico.ch:8086/dataset/351652
:prediction_feature: http://toxcreate3.in-silico.ch:8086/dataset/351652/feature/CHR_Rat_Tumorigen
:algorithm_uri: http://toxcreate3.in-silico.ch:8086/algorithm/lazar
:algorithm_params: prediction_algorithm=local_svm_classification;pc_type=constitutional;feature_dataset_uri=http://toxcreate3.in-silico.ch:8086/dataset/351654;lib=cdk
:random_seed: "2"
[2012-09-18T12:27:07.2649+02:00] http://toxcreate3.in-silico.ch:8086/validation/crossvalidation/186
[2012-09-18T12:27:18.5127+02:00] http://toxcreate3.in-silico.ch:8086/validation/report/crossvalidation/185
[2012-09-18T12:27:18.5127+02:00]  
=hyperlink("http://toxcreate3.in-silico.ch:8086/dataset/351652";"RTU"),=hyperlink("http://toxcreate3.in-silico.ch:8086/validation/report/crossvalidation/185";"report"),=hyperlink("http://toxcreate3.in-silico.ch:8086/validation/crossvalidation/186";"cv")
------------------------


20120918_10_: RTU constitutional local_svm_classification ;lib=cdk 3
ruby CV_ds_pctype_algo_algoparams_rseed.rb RTU constitutional local_svm_classification ;lib=cdk 3 ../data/datasets.yaml
[2012-09-18T12:27:20.2944+02:00] datasets.yaml exists.
[2012-09-18T12:27:20.2948+02:00] --- prediction_algorithm=local_svm_classification;pc_type=constitutional;feature_dataset_uri=http://toxcreate3.in-silico.ch:8086/dataset/351654;lib=cdk
[2012-09-18T12:27:20.3013+02:00] --- 
:dataset_uri: http://toxcreate3.in-silico.ch:8086/dataset/351652
:prediction_feature: http://toxcreate3.in-silico.ch:8086/dataset/351652/feature/CHR_Rat_Tumorigen
:algorithm_uri: http://toxcreate3.in-silico.ch:8086/algorithm/lazar
:algorithm_params: prediction_algorithm=local_svm_classification;pc_type=constitutional;feature_dataset_uri=http://toxcreate3.in-silico.ch:8086/dataset/351654;lib=cdk
:random_seed: "3"
[2012-09-18T13:05:05.3233+02:00] http://toxcreate3.in-silico.ch:8086/validation/crossvalidation/189
[2012-09-18T13:05:14.5007+02:00] http://toxcreate3.in-silico.ch:8086/validation/report/crossvalidation/187
[2012-09-18T13:05:14.5007+02:00]  
=hyperlink("http://toxcreate3.in-silico.ch:8086/dataset/351652";"RTU"),=hyperlink("http://toxcreate3.in-silico.ch:8086/validation/report/crossvalidation/187";"report"),=hyperlink("http://toxcreate3.in-silico.ch:8086/validation/crossvalidation/189";"cv")
------------------------


20120918_10_: RTU constitutional local_svm_classification ;lib=cdk 4
ruby CV_ds_pctype_algo_algoparams_rseed.rb RTU constitutional local_svm_classification ;lib=cdk 4 ../data/datasets.yaml
[2012-09-18T13:05:15.4689+02:00] datasets.yaml exists.
[2012-09-18T13:05:15.4692+02:00] --- prediction_algorithm=local_svm_classification;pc_type=constitutional;feature_dataset_uri=http://toxcreate3.in-silico.ch:8086/dataset/351654;lib=cdk
[2012-09-18T13:05:15.4742+02:00] --- 
:dataset_uri: http://toxcreate3.in-silico.ch:8086/dataset/351652
:prediction_feature: http://toxcreate3.in-silico.ch:8086/dataset/351652/feature/CHR_Rat_Tumorigen
:algorithm_uri: http://toxcreate3.in-silico.ch:8086/algorithm/lazar
:algorithm_params: prediction_algorithm=local_svm_classification;pc_type=constitutional;feature_dataset_uri=http://toxcreate3.in-silico.ch:8086/dataset/351654;lib=cdk
:random_seed: "4"
[2012-09-18T13:38:46.9830+02:00] http://toxcreate3.in-silico.ch:8086/validation/crossvalidation/190
[2012-09-18T13:38:56.1288+02:00] http://toxcreate3.in-silico.ch:8086/validation/report/crossvalidation/189
[2012-09-18T13:38:56.1289+02:00]  
=hyperlink("http://toxcreate3.in-silico.ch:8086/dataset/351652";"RTU"),=hyperlink("http://toxcreate3.in-silico.ch:8086/validation/report/crossvalidation/189";"report"),=hyperlink("http://toxcreate3.in-silico.ch:8086/validation/crossvalidation/190";"cv")
------------------------


20120918_10_: RTU constitutional local_svm_classification ;lib=cdk 5
ruby CV_ds_pctype_algo_algoparams_rseed.rb RTU constitutional local_svm_classification ;lib=cdk 5 ../data/datasets.yaml
[2012-09-18T13:38:57.0393+02:00] datasets.yaml exists.
[2012-09-18T13:38:57.0395+02:00] --- prediction_algorithm=local_svm_classification;pc_type=constitutional;feature_dataset_uri=http://toxcreate3.in-silico.ch:8086/dataset/351654;lib=cdk
[2012-09-18T13:38:57.0466+02:00] --- 
:dataset_uri: http://toxcreate3.in-silico.ch:8086/dataset/351652
:prediction_feature: http://toxcreate3.in-silico.ch:8086/dataset/351652/feature/CHR_Rat_Tumorigen
:algorithm_uri: http://toxcreate3.in-silico.ch:8086/algorithm/lazar
:algorithm_params: prediction_algorithm=local_svm_classification;pc_type=constitutional;feature_dataset_uri=http://toxcreate3.in-silico.ch:8086/dataset/351654;lib=cdk
:random_seed: "5"
[2012-09-18T14:13:29.3695+02:00] http://toxcreate3.in-silico.ch:8086/validation/crossvalidation/192
[2012-09-18T14:13:39.8677+02:00] http://toxcreate3.in-silico.ch:8086/validation/report/crossvalidation/190
[2012-09-18T14:13:39.8678+02:00]  
=hyperlink("http://toxcreate3.in-silico.ch:8086/dataset/351652";"RTU"),=hyperlink("http://toxcreate3.in-silico.ch:8086/validation/report/crossvalidation/190";"report"),=hyperlink("http://toxcreate3.in-silico.ch:8086/validation/crossvalidation/192";"cv")
------------------------


