20120918_10_: ISS constitutional local_svm_classification ;lib=cdk 1
ruby CV_ds_pctype_algo_algoparams_rseed.rb ISS constitutional local_svm_classification ;lib=cdk 1 ../data/datasets.yaml
[2012-09-18T10:54:07.7654+02:00] datasets.yaml exists.
[2012-09-18T10:54:07.7656+02:00] --- prediction_algorithm=local_svm_classification;pc_type=constitutional;feature_dataset_uri=http://toxcreate3.in-silico.ch:8086/dataset/351657;lib=cdk
[2012-09-18T10:54:07.7754+02:00] --- 
:dataset_uri: http://toxcreate3.in-silico.ch:8086/dataset/351650
:prediction_feature: http://toxcreate3.in-silico.ch:8086/dataset/351650/feature/Canc
:algorithm_uri: http://toxcreate3.in-silico.ch:8086/algorithm/lazar
:algorithm_params: prediction_algorithm=local_svm_classification;pc_type=constitutional;feature_dataset_uri=http://toxcreate3.in-silico.ch:8086/dataset/351657;lib=cdk
:random_seed: "1"
[2012-09-18T14:40:54.9026+02:00] http://toxcreate3.in-silico.ch:8086/validation/crossvalidation/181
[2012-09-18T14:41:17.1644+02:00] http://toxcreate3.in-silico.ch:8086/validation/report/crossvalidation/192
[2012-09-18T14:41:17.1644+02:00]  
=hyperlink("http://toxcreate3.in-silico.ch:8086/dataset/351650";"ISS"),=hyperlink("http://toxcreate3.in-silico.ch:8086/validation/report/crossvalidation/192";"report"),=hyperlink("http://toxcreate3.in-silico.ch:8086/validation/crossvalidation/181";"cv")
------------------------


20120918_10_: ISS constitutional local_svm_classification ;lib=cdk 2
ruby CV_ds_pctype_algo_algoparams_rseed.rb ISS constitutional local_svm_classification ;lib=cdk 2 ../data/datasets.yaml
[2012-09-18T14:41:18.0812+02:00] datasets.yaml exists.
[2012-09-18T14:41:18.0814+02:00] --- prediction_algorithm=local_svm_classification;pc_type=constitutional;feature_dataset_uri=http://toxcreate3.in-silico.ch:8086/dataset/351657;lib=cdk
[2012-09-18T14:41:18.0907+02:00] --- 
:dataset_uri: http://toxcreate3.in-silico.ch:8086/dataset/351650
:prediction_feature: http://toxcreate3.in-silico.ch:8086/dataset/351650/feature/Canc
:algorithm_uri: http://toxcreate3.in-silico.ch:8086/algorithm/lazar
:algorithm_params: prediction_algorithm=local_svm_classification;pc_type=constitutional;feature_dataset_uri=http://toxcreate3.in-silico.ch:8086/dataset/351657;lib=cdk
:random_seed: "2"
[2012-09-18T17:47:38.0068+02:00] http://toxcreate3.in-silico.ch:8086/validation/crossvalidation/194
[2012-09-18T17:47:59.9572+02:00] http://toxcreate3.in-silico.ch:8086/validation/report/crossvalidation/196
[2012-09-18T17:47:59.9572+02:00]  
=hyperlink("http://toxcreate3.in-silico.ch:8086/dataset/351650";"ISS"),=hyperlink("http://toxcreate3.in-silico.ch:8086/validation/report/crossvalidation/196";"report"),=hyperlink("http://toxcreate3.in-silico.ch:8086/validation/crossvalidation/194";"cv")
------------------------


20120918_10_: ISS constitutional local_svm_classification ;lib=cdk 3
ruby CV_ds_pctype_algo_algoparams_rseed.rb ISS constitutional local_svm_classification ;lib=cdk 3 ../data/datasets.yaml
[2012-09-18T17:48:00.8765+02:00] datasets.yaml exists.
[2012-09-18T17:48:00.8767+02:00] --- prediction_algorithm=local_svm_classification;pc_type=constitutional;feature_dataset_uri=http://toxcreate3.in-silico.ch:8086/dataset/351657;lib=cdk
[2012-09-18T17:48:00.8871+02:00] --- 
:dataset_uri: http://toxcreate3.in-silico.ch:8086/dataset/351650
:prediction_feature: http://toxcreate3.in-silico.ch:8086/dataset/351650/feature/Canc
:algorithm_uri: http://toxcreate3.in-silico.ch:8086/algorithm/lazar
:algorithm_params: prediction_algorithm=local_svm_classification;pc_type=constitutional;feature_dataset_uri=http://toxcreate3.in-silico.ch:8086/dataset/351657;lib=cdk
:random_seed: "3"
[2012-09-18T20:53:45.9046+02:00] http://toxcreate3.in-silico.ch:8086/validation/crossvalidation/198
[2012-09-18T20:54:07.8740+02:00] http://toxcreate3.in-silico.ch:8086/validation/report/crossvalidation/198
[2012-09-18T20:54:07.8741+02:00]  
=hyperlink("http://toxcreate3.in-silico.ch:8086/dataset/351650";"ISS"),=hyperlink("http://toxcreate3.in-silico.ch:8086/validation/report/crossvalidation/198";"report"),=hyperlink("http://toxcreate3.in-silico.ch:8086/validation/crossvalidation/198";"cv")
------------------------


20120918_10_: ISS constitutional local_svm_classification ;lib=cdk 4
ruby CV_ds_pctype_algo_algoparams_rseed.rb ISS constitutional local_svm_classification ;lib=cdk 4 ../data/datasets.yaml
[2012-09-18T20:54:08.7739+02:00] datasets.yaml exists.
[2012-09-18T20:54:08.7741+02:00] --- prediction_algorithm=local_svm_classification;pc_type=constitutional;feature_dataset_uri=http://toxcreate3.in-silico.ch:8086/dataset/351657;lib=cdk
[2012-09-18T20:54:08.7857+02:00] --- 
:dataset_uri: http://toxcreate3.in-silico.ch:8086/dataset/351650
:prediction_feature: http://toxcreate3.in-silico.ch:8086/dataset/351650/feature/Canc
:algorithm_uri: http://toxcreate3.in-silico.ch:8086/algorithm/lazar
:algorithm_params: prediction_algorithm=local_svm_classification;pc_type=constitutional;feature_dataset_uri=http://toxcreate3.in-silico.ch:8086/dataset/351657;lib=cdk
:random_seed: "4"
[2012-09-18T23:59:50.0075+02:00] http://toxcreate3.in-silico.ch:8086/validation/crossvalidation/200
[2012-09-19T00:00:21.3959+02:00] http://toxcreate3.in-silico.ch:8086/validation/report/crossvalidation/201
[2012-09-19T00:00:21.3959+02:00]  
=hyperlink("http://toxcreate3.in-silico.ch:8086/dataset/351650";"ISS"),=hyperlink("http://toxcreate3.in-silico.ch:8086/validation/report/crossvalidation/201";"report"),=hyperlink("http://toxcreate3.in-silico.ch:8086/validation/crossvalidation/200";"cv")
------------------------


20120918_10_: ISS constitutional local_svm_classification ;lib=cdk 5
ruby CV_ds_pctype_algo_algoparams_rseed.rb ISS constitutional local_svm_classification ;lib=cdk 5 ../data/datasets.yaml
[2012-09-19T00:00:28.8492+02:00] datasets.yaml exists.
[2012-09-19T00:00:28.8495+02:00] --- prediction_algorithm=local_svm_classification;pc_type=constitutional;feature_dataset_uri=http://toxcreate3.in-silico.ch:8086/dataset/351657;lib=cdk
[2012-09-19T00:00:28.9006+02:00] --- 
:dataset_uri: http://toxcreate3.in-silico.ch:8086/dataset/351650
:prediction_feature: http://toxcreate3.in-silico.ch:8086/dataset/351650/feature/Canc
:algorithm_uri: http://toxcreate3.in-silico.ch:8086/algorithm/lazar
:algorithm_params: prediction_algorithm=local_svm_classification;pc_type=constitutional;feature_dataset_uri=http://toxcreate3.in-silico.ch:8086/dataset/351657;lib=cdk
:random_seed: "5"
[2012-09-19T03:03:32.5930+02:00] http://toxcreate3.in-silico.ch:8086/validation/crossvalidation/203
[2012-09-19T03:03:53.5095+02:00] http://toxcreate3.in-silico.ch:8086/validation/report/crossvalidation/203
[2012-09-19T03:03:53.5096+02:00]  
=hyperlink("http://toxcreate3.in-silico.ch:8086/dataset/351650";"ISS"),=hyperlink("http://toxcreate3.in-silico.ch:8086/validation/report/crossvalidation/203";"report"),=hyperlink("http://toxcreate3.in-silico.ch:8086/validation/crossvalidation/203";"cv")
------------------------


