20120918_10_: BBA constitutional local_svm_classification ;lib=cdk 1
ruby CV_ds_pctype_algo_algoparams_rseed.rb BBA constitutional local_svm_classification ;lib=cdk 1 ../data/datasets.yaml
[2012-09-18T10:53:57.7064+02:00] datasets.yaml exists.
[2012-09-18T10:53:57.7067+02:00] --- prediction_algorithm=local_svm_classification;pc_type=constitutional;feature_dataset_uri=http://toxcreate3.in-silico.ch:8086/dataset/351655;lib=cdk
[2012-09-18T10:53:57.8220+02:00] --- 
:dataset_uri: http://toxcreate3.in-silico.ch:8086/dataset/351649
:prediction_feature: http://toxcreate3.in-silico.ch:8086/dataset/351649/feature/bloodbarr
:algorithm_uri: http://toxcreate3.in-silico.ch:8086/algorithm/lazar
:algorithm_params: prediction_algorithm=local_svm_classification;pc_type=constitutional;feature_dataset_uri=http://toxcreate3.in-silico.ch:8086/dataset/351655;lib=cdk
:random_seed: "1"
[2012-09-18T12:17:14.3317+02:00] http://toxcreate3.in-silico.ch:8086/validation/crossvalidation/179
[2012-09-18T12:17:26.5307+02:00] http://toxcreate3.in-silico.ch:8086/validation/report/crossvalidation/183
[2012-09-18T12:17:26.5308+02:00]  
=hyperlink("http://toxcreate3.in-silico.ch:8086/dataset/351649";"BBA"),=hyperlink("http://toxcreate3.in-silico.ch:8086/validation/report/crossvalidation/183";"report"),=hyperlink("http://toxcreate3.in-silico.ch:8086/validation/crossvalidation/179";"cv")
------------------------


20120918_10_: BBA constitutional local_svm_classification ;lib=cdk 2
ruby CV_ds_pctype_algo_algoparams_rseed.rb BBA constitutional local_svm_classification ;lib=cdk 2 ../data/datasets.yaml
[2012-09-18T12:17:27.6300+02:00] datasets.yaml exists.
[2012-09-18T12:17:27.6302+02:00] --- prediction_algorithm=local_svm_classification;pc_type=constitutional;feature_dataset_uri=http://toxcreate3.in-silico.ch:8086/dataset/351655;lib=cdk
[2012-09-18T12:17:27.6369+02:00] --- 
:dataset_uri: http://toxcreate3.in-silico.ch:8086/dataset/351649
:prediction_feature: http://toxcreate3.in-silico.ch:8086/dataset/351649/feature/bloodbarr
:algorithm_uri: http://toxcreate3.in-silico.ch:8086/algorithm/lazar
:algorithm_params: prediction_algorithm=local_svm_classification;pc_type=constitutional;feature_dataset_uri=http://toxcreate3.in-silico.ch:8086/dataset/351655;lib=cdk
:random_seed: "2"
[2012-09-18T13:23:15.3676+02:00] http://toxcreate3.in-silico.ch:8086/validation/crossvalidation/187
[2012-09-18T13:23:28.3058+02:00] http://toxcreate3.in-silico.ch:8086/validation/report/crossvalidation/188
[2012-09-18T13:23:28.3058+02:00]  
=hyperlink("http://toxcreate3.in-silico.ch:8086/dataset/351649";"BBA"),=hyperlink("http://toxcreate3.in-silico.ch:8086/validation/report/crossvalidation/188";"report"),=hyperlink("http://toxcreate3.in-silico.ch:8086/validation/crossvalidation/187";"cv")
------------------------


20120918_10_: BBA constitutional local_svm_classification ;lib=cdk 3
ruby CV_ds_pctype_algo_algoparams_rseed.rb BBA constitutional local_svm_classification ;lib=cdk 3 ../data/datasets.yaml
[2012-09-18T13:23:29.5490+02:00] datasets.yaml exists.
[2012-09-18T13:23:29.5492+02:00] --- prediction_algorithm=local_svm_classification;pc_type=constitutional;feature_dataset_uri=http://toxcreate3.in-silico.ch:8086/dataset/351655;lib=cdk
[2012-09-18T13:23:29.5569+02:00] --- 
:dataset_uri: http://toxcreate3.in-silico.ch:8086/dataset/351649
:prediction_feature: http://toxcreate3.in-silico.ch:8086/dataset/351649/feature/bloodbarr
:algorithm_uri: http://toxcreate3.in-silico.ch:8086/algorithm/lazar
:algorithm_params: prediction_algorithm=local_svm_classification;pc_type=constitutional;feature_dataset_uri=http://toxcreate3.in-silico.ch:8086/dataset/351655;lib=cdk
:random_seed: "3"
[2012-09-18T14:22:49.3656+02:00] http://toxcreate3.in-silico.ch:8086/validation/crossvalidation/191
[2012-09-18T14:23:01.5339+02:00] http://toxcreate3.in-silico.ch:8086/validation/report/crossvalidation/191
[2012-09-18T14:23:01.5340+02:00]  
=hyperlink("http://toxcreate3.in-silico.ch:8086/dataset/351649";"BBA"),=hyperlink("http://toxcreate3.in-silico.ch:8086/validation/report/crossvalidation/191";"report"),=hyperlink("http://toxcreate3.in-silico.ch:8086/validation/crossvalidation/191";"cv")
------------------------


20120918_10_: BBA constitutional local_svm_classification ;lib=cdk 4
ruby CV_ds_pctype_algo_algoparams_rseed.rb BBA constitutional local_svm_classification ;lib=cdk 4 ../data/datasets.yaml
[2012-09-18T14:23:02.5099+02:00] datasets.yaml exists.
[2012-09-18T14:23:02.5102+02:00] --- prediction_algorithm=local_svm_classification;pc_type=constitutional;feature_dataset_uri=http://toxcreate3.in-silico.ch:8086/dataset/351655;lib=cdk
[2012-09-18T14:23:02.5162+02:00] --- 
:dataset_uri: http://toxcreate3.in-silico.ch:8086/dataset/351649
:prediction_feature: http://toxcreate3.in-silico.ch:8086/dataset/351649/feature/bloodbarr
:algorithm_uri: http://toxcreate3.in-silico.ch:8086/algorithm/lazar
:algorithm_params: prediction_algorithm=local_svm_classification;pc_type=constitutional;feature_dataset_uri=http://toxcreate3.in-silico.ch:8086/dataset/351655;lib=cdk
:random_seed: "4"
[2012-09-18T15:18:51.4730+02:00] http://toxcreate3.in-silico.ch:8086/validation/crossvalidation/193
[2012-09-18T15:19:03.6179+02:00] http://toxcreate3.in-silico.ch:8086/validation/report/crossvalidation/193
[2012-09-18T15:19:03.6180+02:00]  
=hyperlink("http://toxcreate3.in-silico.ch:8086/dataset/351649";"BBA"),=hyperlink("http://toxcreate3.in-silico.ch:8086/validation/report/crossvalidation/193";"report"),=hyperlink("http://toxcreate3.in-silico.ch:8086/validation/crossvalidation/193";"cv")
------------------------


20120918_10_: BBA constitutional local_svm_classification ;lib=cdk 5
ruby CV_ds_pctype_algo_algoparams_rseed.rb BBA constitutional local_svm_classification ;lib=cdk 5 ../data/datasets.yaml
[2012-09-18T15:19:04.5662+02:00] datasets.yaml exists.
[2012-09-18T15:19:04.5664+02:00] --- prediction_algorithm=local_svm_classification;pc_type=constitutional;feature_dataset_uri=http://toxcreate3.in-silico.ch:8086/dataset/351655;lib=cdk
[2012-09-18T15:19:04.5719+02:00] --- 
:dataset_uri: http://toxcreate3.in-silico.ch:8086/dataset/351649
:prediction_feature: http://toxcreate3.in-silico.ch:8086/dataset/351649/feature/bloodbarr
:algorithm_uri: http://toxcreate3.in-silico.ch:8086/algorithm/lazar
:algorithm_params: prediction_algorithm=local_svm_classification;pc_type=constitutional;feature_dataset_uri=http://toxcreate3.in-silico.ch:8086/dataset/351655;lib=cdk
:random_seed: "5"
[2012-09-18T16:15:06.6698+02:00] http://toxcreate3.in-silico.ch:8086/validation/crossvalidation/195
[2012-09-18T16:15:19.8830+02:00] http://toxcreate3.in-silico.ch:8086/validation/report/crossvalidation/194
[2012-09-18T16:15:19.8830+02:00]  
=hyperlink("http://toxcreate3.in-silico.ch:8086/dataset/351649";"BBA"),=hyperlink("http://toxcreate3.in-silico.ch:8086/validation/report/crossvalidation/194";"report"),=hyperlink("http://toxcreate3.in-silico.ch:8086/validation/crossvalidation/195";"cv")
------------------------


20120918_16_: FHM constitutional local_svm_classification ;lib=cdk 1
ruby CV_ds_pctype_algo_algoparams_rseed.rb FHM constitutional local_svm_classification ;lib=cdk 1 ../data/datasets.yaml
[2012-09-18T16:11:29.5363+02:00] datasets.yaml exists.
[2012-09-18T16:11:29.5365+02:00] --- prediction_algorithm=local_svm_classification;pc_type=constitutional;feature_dataset_uri=http://toxcreate3.in-silico.ch:8086/dataset/351656;lib=cdk
[2012-09-18T16:11:29.5459+02:00] --- 
:dataset_uri: http://toxcreate3.in-silico.ch:8086/dataset/351648
:prediction_feature: http://toxcreate3.in-silico.ch:8086/dataset/351648/feature/ActivityOutcome_EPAFHM
:algorithm_uri: http://toxcreate3.in-silico.ch:8086/algorithm/lazar
:algorithm_params: prediction_algorithm=local_svm_classification;pc_type=constitutional;feature_dataset_uri=http://toxcreate3.in-silico.ch:8086/dataset/351656;lib=cdk
:random_seed: "1"
[2012-09-18T17:46:53.0218+02:00] http://toxcreate3.in-silico.ch:8086/validation/crossvalidation/196
[2012-09-18T17:47:05.8276+02:00] http://toxcreate3.in-silico.ch:8086/validation/report/crossvalidation/195
[2012-09-18T17:47:05.8277+02:00]  
=hyperlink("http://toxcreate3.in-silico.ch:8086/dataset/351648";"FHM"),=hyperlink("http://toxcreate3.in-silico.ch:8086/validation/report/crossvalidation/195";"report"),=hyperlink("http://toxcreate3.in-silico.ch:8086/validation/crossvalidation/196";"cv")
------------------------


20120918_16_: FHM constitutional local_svm_classification ;lib=cdk 2
ruby CV_ds_pctype_algo_algoparams_rseed.rb FHM constitutional local_svm_classification ;lib=cdk 2 ../data/datasets.yaml
[2012-09-18T17:47:06.7068+02:00] datasets.yaml exists.
[2012-09-18T17:47:06.7070+02:00] --- prediction_algorithm=local_svm_classification;pc_type=constitutional;feature_dataset_uri=http://toxcreate3.in-silico.ch:8086/dataset/351656;lib=cdk
[2012-09-18T17:47:06.7137+02:00] --- 
:dataset_uri: http://toxcreate3.in-silico.ch:8086/dataset/351648
:prediction_feature: http://toxcreate3.in-silico.ch:8086/dataset/351648/feature/ActivityOutcome_EPAFHM
:algorithm_uri: http://toxcreate3.in-silico.ch:8086/algorithm/lazar
:algorithm_params: prediction_algorithm=local_svm_classification;pc_type=constitutional;feature_dataset_uri=http://toxcreate3.in-silico.ch:8086/dataset/351656;lib=cdk
:random_seed: "2"
[2012-09-18T19:23:18.9740+02:00] http://toxcreate3.in-silico.ch:8086/validation/crossvalidation/197
[2012-09-18T19:23:33.1054+02:00] http://toxcreate3.in-silico.ch:8086/validation/report/crossvalidation/197
[2012-09-18T19:23:33.1055+02:00]  
=hyperlink("http://toxcreate3.in-silico.ch:8086/dataset/351648";"FHM"),=hyperlink("http://toxcreate3.in-silico.ch:8086/validation/report/crossvalidation/197";"report"),=hyperlink("http://toxcreate3.in-silico.ch:8086/validation/crossvalidation/197";"cv")
------------------------


20120918_16_: FHM constitutional local_svm_classification ;lib=cdk 3
ruby CV_ds_pctype_algo_algoparams_rseed.rb FHM constitutional local_svm_classification ;lib=cdk 3 ../data/datasets.yaml
[2012-09-18T19:23:34.1214+02:00] datasets.yaml exists.
[2012-09-18T19:23:34.1216+02:00] --- prediction_algorithm=local_svm_classification;pc_type=constitutional;feature_dataset_uri=http://toxcreate3.in-silico.ch:8086/dataset/351656;lib=cdk
[2012-09-18T19:23:34.1287+02:00] --- 
:dataset_uri: http://toxcreate3.in-silico.ch:8086/dataset/351648
:prediction_feature: http://toxcreate3.in-silico.ch:8086/dataset/351648/feature/ActivityOutcome_EPAFHM
:algorithm_uri: http://toxcreate3.in-silico.ch:8086/algorithm/lazar
:algorithm_params: prediction_algorithm=local_svm_classification;pc_type=constitutional;feature_dataset_uri=http://toxcreate3.in-silico.ch:8086/dataset/351656;lib=cdk
:random_seed: "3"
[2012-09-18T20:59:10.7843+02:00] http://toxcreate3.in-silico.ch:8086/validation/crossvalidation/199
[2012-09-18T20:59:24.2857+02:00] http://toxcreate3.in-silico.ch:8086/validation/report/crossvalidation/199
[2012-09-18T20:59:24.2857+02:00]  
=hyperlink("http://toxcreate3.in-silico.ch:8086/dataset/351648";"FHM"),=hyperlink("http://toxcreate3.in-silico.ch:8086/validation/report/crossvalidation/199";"report"),=hyperlink("http://toxcreate3.in-silico.ch:8086/validation/crossvalidation/199";"cv")
------------------------


20120918_16_: FHM constitutional local_svm_classification ;lib=cdk 4
ruby CV_ds_pctype_algo_algoparams_rseed.rb FHM constitutional local_svm_classification ;lib=cdk 4 ../data/datasets.yaml
[2012-09-18T20:59:25.3138+02:00] datasets.yaml exists.
[2012-09-18T20:59:25.3140+02:00] --- prediction_algorithm=local_svm_classification;pc_type=constitutional;feature_dataset_uri=http://toxcreate3.in-silico.ch:8086/dataset/351656;lib=cdk
[2012-09-18T20:59:25.3232+02:00] --- 
:dataset_uri: http://toxcreate3.in-silico.ch:8086/dataset/351648
:prediction_feature: http://toxcreate3.in-silico.ch:8086/dataset/351648/feature/ActivityOutcome_EPAFHM
:algorithm_uri: http://toxcreate3.in-silico.ch:8086/algorithm/lazar
:algorithm_params: prediction_algorithm=local_svm_classification;pc_type=constitutional;feature_dataset_uri=http://toxcreate3.in-silico.ch:8086/dataset/351656;lib=cdk
:random_seed: "4"
[2012-09-18T22:36:26.6387+02:00] http://toxcreate3.in-silico.ch:8086/validation/crossvalidation/201
[2012-09-18T22:36:40.2074+02:00] http://toxcreate3.in-silico.ch:8086/validation/report/crossvalidation/200
[2012-09-18T22:36:40.2075+02:00]  
=hyperlink("http://toxcreate3.in-silico.ch:8086/dataset/351648";"FHM"),=hyperlink("http://toxcreate3.in-silico.ch:8086/validation/report/crossvalidation/200";"report"),=hyperlink("http://toxcreate3.in-silico.ch:8086/validation/crossvalidation/201";"cv")
------------------------


20120918_16_: FHM constitutional local_svm_classification ;lib=cdk 5
ruby CV_ds_pctype_algo_algoparams_rseed.rb FHM constitutional local_svm_classification ;lib=cdk 5 ../data/datasets.yaml
[2012-09-18T22:36:41.0976+02:00] datasets.yaml exists.
[2012-09-18T22:36:41.0979+02:00] --- prediction_algorithm=local_svm_classification;pc_type=constitutional;feature_dataset_uri=http://toxcreate3.in-silico.ch:8086/dataset/351656;lib=cdk
[2012-09-18T22:36:41.1046+02:00] --- 
:dataset_uri: http://toxcreate3.in-silico.ch:8086/dataset/351648
:prediction_feature: http://toxcreate3.in-silico.ch:8086/dataset/351648/feature/ActivityOutcome_EPAFHM
:algorithm_uri: http://toxcreate3.in-silico.ch:8086/algorithm/lazar
:algorithm_params: prediction_algorithm=local_svm_classification;pc_type=constitutional;feature_dataset_uri=http://toxcreate3.in-silico.ch:8086/dataset/351656;lib=cdk
:random_seed: "5"
[2012-09-19T00:17:23.0429+02:00] http://toxcreate3.in-silico.ch:8086/validation/crossvalidation/202
[2012-09-19T00:17:37.1162+02:00] http://toxcreate3.in-silico.ch:8086/validation/report/crossvalidation/202
[2012-09-19T00:17:37.1162+02:00]  
=hyperlink("http://toxcreate3.in-silico.ch:8086/dataset/351648";"FHM"),=hyperlink("http://toxcreate3.in-silico.ch:8086/validation/report/crossvalidation/202";"report"),=hyperlink("http://toxcreate3.in-silico.ch:8086/validation/crossvalidation/202";"cv")
------------------------



20120918_10_: ISS constitutional local_svm_classification ;lib=cdk 1
ruby CV_ds_pctype_algo_algoparams_rseed.rb ISS constitutional local_svm_classification ;lib=cdk 1 ../data/datasets.yaml
[2012-09-18T10:54:07.7654+02:00] datasets.yaml exists.
[2012-09-18T10:54:07.7656+02:00] --- prediction_algorithm=local_svm_classification;pc_type=constitutional;feature_dataset_uri=http://toxcreate3.in-silico.ch:8086/dataset/351657;lib=cdk
[2012-09-18T10:54:07.7754+02:00] --- 
:dataset_uri: http://toxcreate3.in-silico.ch:8086/dataset/351650
:prediction_feature: http://toxcreate3.in-silico.ch:8086/dataset/351650/feature/Canc
:algorithm_uri: http://toxcreate3.in-silico.ch:8086/algorithm/lazar
:algorithm_params: prediction_algorithm=local_svm_classification;pc_type=constitutional;feature_dataset_uri=http://toxcreate3.in-silico.ch:8086/dataset/351657;lib=cdk
:random_seed: "1"
[2012-09-18T14:40:54.9026+02:00] http://toxcreate3.in-silico.ch:8086/validation/crossvalidation/181
[2012-09-18T14:41:17.1644+02:00] http://toxcreate3.in-silico.ch:8086/validation/report/crossvalidation/192
[2012-09-18T14:41:17.1644+02:00]  
=hyperlink("http://toxcreate3.in-silico.ch:8086/dataset/351650";"ISS"),=hyperlink("http://toxcreate3.in-silico.ch:8086/validation/report/crossvalidation/192";"report"),=hyperlink("http://toxcreate3.in-silico.ch:8086/validation/crossvalidation/181";"cv")
------------------------


20120918_10_: ISS constitutional local_svm_classification ;lib=cdk 2
ruby CV_ds_pctype_algo_algoparams_rseed.rb ISS constitutional local_svm_classification ;lib=cdk 2 ../data/datasets.yaml
[2012-09-18T14:41:18.0812+02:00] datasets.yaml exists.
[2012-09-18T14:41:18.0814+02:00] --- prediction_algorithm=local_svm_classification;pc_type=constitutional;feature_dataset_uri=http://toxcreate3.in-silico.ch:8086/dataset/351657;lib=cdk
[2012-09-18T14:41:18.0907+02:00] --- 
:dataset_uri: http://toxcreate3.in-silico.ch:8086/dataset/351650
:prediction_feature: http://toxcreate3.in-silico.ch:8086/dataset/351650/feature/Canc
:algorithm_uri: http://toxcreate3.in-silico.ch:8086/algorithm/lazar
:algorithm_params: prediction_algorithm=local_svm_classification;pc_type=constitutional;feature_dataset_uri=http://toxcreate3.in-silico.ch:8086/dataset/351657;lib=cdk
:random_seed: "2"
[2012-09-18T17:47:38.0068+02:00] http://toxcreate3.in-silico.ch:8086/validation/crossvalidation/194
[2012-09-18T17:47:59.9572+02:00] http://toxcreate3.in-silico.ch:8086/validation/report/crossvalidation/196
[2012-09-18T17:47:59.9572+02:00]  
=hyperlink("http://toxcreate3.in-silico.ch:8086/dataset/351650";"ISS"),=hyperlink("http://toxcreate3.in-silico.ch:8086/validation/report/crossvalidation/196";"report"),=hyperlink("http://toxcreate3.in-silico.ch:8086/validation/crossvalidation/194";"cv")
------------------------


20120918_10_: ISS constitutional local_svm_classification ;lib=cdk 3
ruby CV_ds_pctype_algo_algoparams_rseed.rb ISS constitutional local_svm_classification ;lib=cdk 3 ../data/datasets.yaml
[2012-09-18T17:48:00.8765+02:00] datasets.yaml exists.
[2012-09-18T17:48:00.8767+02:00] --- prediction_algorithm=local_svm_classification;pc_type=constitutional;feature_dataset_uri=http://toxcreate3.in-silico.ch:8086/dataset/351657;lib=cdk
[2012-09-18T17:48:00.8871+02:00] --- 
:dataset_uri: http://toxcreate3.in-silico.ch:8086/dataset/351650
:prediction_feature: http://toxcreate3.in-silico.ch:8086/dataset/351650/feature/Canc
:algorithm_uri: http://toxcreate3.in-silico.ch:8086/algorithm/lazar
:algorithm_params: prediction_algorithm=local_svm_classification;pc_type=constitutional;feature_dataset_uri=http://toxcreate3.in-silico.ch:8086/dataset/351657;lib=cdk
:random_seed: "3"
[2012-09-18T20:53:45.9046+02:00] http://toxcreate3.in-silico.ch:8086/validation/crossvalidation/198
[2012-09-18T20:54:07.8740+02:00] http://toxcreate3.in-silico.ch:8086/validation/report/crossvalidation/198
[2012-09-18T20:54:07.8741+02:00]  
=hyperlink("http://toxcreate3.in-silico.ch:8086/dataset/351650";"ISS"),=hyperlink("http://toxcreate3.in-silico.ch:8086/validation/report/crossvalidation/198";"report"),=hyperlink("http://toxcreate3.in-silico.ch:8086/validation/crossvalidation/198";"cv")
------------------------


20120918_10_: ISS constitutional local_svm_classification ;lib=cdk 4
ruby CV_ds_pctype_algo_algoparams_rseed.rb ISS constitutional local_svm_classification ;lib=cdk 4 ../data/datasets.yaml
[2012-09-18T20:54:08.7739+02:00] datasets.yaml exists.
[2012-09-18T20:54:08.7741+02:00] --- prediction_algorithm=local_svm_classification;pc_type=constitutional;feature_dataset_uri=http://toxcreate3.in-silico.ch:8086/dataset/351657;lib=cdk
[2012-09-18T20:54:08.7857+02:00] --- 
:dataset_uri: http://toxcreate3.in-silico.ch:8086/dataset/351650
:prediction_feature: http://toxcreate3.in-silico.ch:8086/dataset/351650/feature/Canc
:algorithm_uri: http://toxcreate3.in-silico.ch:8086/algorithm/lazar
:algorithm_params: prediction_algorithm=local_svm_classification;pc_type=constitutional;feature_dataset_uri=http://toxcreate3.in-silico.ch:8086/dataset/351657;lib=cdk
:random_seed: "4"
[2012-09-18T23:59:50.0075+02:00] http://toxcreate3.in-silico.ch:8086/validation/crossvalidation/200
[2012-09-19T00:00:21.3959+02:00] http://toxcreate3.in-silico.ch:8086/validation/report/crossvalidation/201
[2012-09-19T00:00:21.3959+02:00]  
=hyperlink("http://toxcreate3.in-silico.ch:8086/dataset/351650";"ISS"),=hyperlink("http://toxcreate3.in-silico.ch:8086/validation/report/crossvalidation/201";"report"),=hyperlink("http://toxcreate3.in-silico.ch:8086/validation/crossvalidation/200";"cv")
------------------------


20120918_10_: ISS constitutional local_svm_classification ;lib=cdk 5
ruby CV_ds_pctype_algo_algoparams_rseed.rb ISS constitutional local_svm_classification ;lib=cdk 5 ../data/datasets.yaml
[2012-09-19T00:00:28.8492+02:00] datasets.yaml exists.
[2012-09-19T00:00:28.8495+02:00] --- prediction_algorithm=local_svm_classification;pc_type=constitutional;feature_dataset_uri=http://toxcreate3.in-silico.ch:8086/dataset/351657;lib=cdk
[2012-09-19T00:00:28.9006+02:00] --- 
:dataset_uri: http://toxcreate3.in-silico.ch:8086/dataset/351650
:prediction_feature: http://toxcreate3.in-silico.ch:8086/dataset/351650/feature/Canc
:algorithm_uri: http://toxcreate3.in-silico.ch:8086/algorithm/lazar
:algorithm_params: prediction_algorithm=local_svm_classification;pc_type=constitutional;feature_dataset_uri=http://toxcreate3.in-silico.ch:8086/dataset/351657;lib=cdk
:random_seed: "5"
[2012-09-19T03:03:32.5930+02:00] http://toxcreate3.in-silico.ch:8086/validation/crossvalidation/203
[2012-09-19T03:03:53.5095+02:00] http://toxcreate3.in-silico.ch:8086/validation/report/crossvalidation/203
[2012-09-19T03:03:53.5096+02:00]  
=hyperlink("http://toxcreate3.in-silico.ch:8086/dataset/351650";"ISS"),=hyperlink("http://toxcreate3.in-silico.ch:8086/validation/report/crossvalidation/203";"report"),=hyperlink("http://toxcreate3.in-silico.ch:8086/validation/crossvalidation/203";"cv")
------------------------


20120918_10_: MTU constitutional local_svm_classification ;lib=cdk 1
ruby CV_ds_pctype_algo_algoparams_rseed.rb MTU constitutional local_svm_classification ;lib=cdk 1 ../data/datasets.yaml
[2012-09-18T10:54:17.3740+02:00] datasets.yaml exists.
[2012-09-18T10:54:17.3743+02:00] --- prediction_algorithm=local_svm_classification;pc_type=constitutional;feature_dataset_uri=http://toxcreate3.in-silico.ch:8086/dataset/351653;lib=cdk
[2012-09-18T10:54:17.3817+02:00] --- 
:dataset_uri: http://toxcreate3.in-silico.ch:8086/dataset/351651
:prediction_feature: http://toxcreate3.in-silico.ch:8086/dataset/351651/feature/CHR_Mouse_Tumorigen
:algorithm_uri: http://toxcreate3.in-silico.ch:8086/algorithm/lazar
:algorithm_params: prediction_algorithm=local_svm_classification;pc_type=constitutional;feature_dataset_uri=http://toxcreate3.in-silico.ch:8086/dataset/351653;lib=cdk
:random_seed: "1"
[2012-09-18T11:41:15.2978+02:00] http://toxcreate3.in-silico.ch:8086/validation/crossvalidation/183
[2012-09-18T11:41:33.5087+02:00] http://toxcreate3.in-silico.ch:8086/validation/report/crossvalidation/181
[2012-09-18T11:41:33.5087+02:00]  
=hyperlink("http://toxcreate3.in-silico.ch:8086/dataset/351651";"MTU"),=hyperlink("http://toxcreate3.in-silico.ch:8086/validation/report/crossvalidation/181";"report"),=hyperlink("http://toxcreate3.in-silico.ch:8086/validation/crossvalidation/183";"cv")
------------------------

20120919_09_: MTU constitutional local_svm_classification ;lib=cdk 2
ruby CV_ds_pctype_algo_algoparams_rseed.rb MTU constitutional local_svm_classification ;lib=cdk 2 ../data/datasets.yaml
[2012-09-19T09:13:28.7397+02:00] datasets.yaml exists.
[2012-09-19T09:13:28.7400+02:00] --- prediction_algorithm=local_svm_classification;pc_type=constitutional;feature_dataset_uri=http://toxcreate3.in-silico.ch:8086/dataset/351653;lib=cdk
[2012-09-19T09:13:29.8052+02:00] --- 
:dataset_uri: http://toxcreate3.in-silico.ch:8086/dataset/351651
:prediction_feature: http://toxcreate3.in-silico.ch:8086/dataset/351651/feature/CHR_Mouse_Tumorigen
:algorithm_uri: http://toxcreate3.in-silico.ch:8086/algorithm/lazar
:algorithm_params: prediction_algorithm=local_svm_classification;pc_type=constitutional;feature_dataset_uri=http://toxcreate3.in-silico.ch:8086/dataset/351653;lib=cdk
:random_seed: "2"
[2012-09-19T09:41:14.3703+02:00] http://toxcreate3.in-silico.ch:8086/validation/crossvalidation/204
[2012-09-19T09:41:25.5058+02:00] http://toxcreate3.in-silico.ch:8086/validation/report/crossvalidation/204
[2012-09-19T09:41:25.5059+02:00]  
=hyperlink("http://toxcreate3.in-silico.ch:8086/dataset/351651";"MTU"),=hyperlink("http://toxcreate3.in-silico.ch:8086/validation/report/crossvalidation/204";"report"),=hyperlink("http://toxcreate3.in-silico.ch:8086/validation/crossvalidation/204";"cv")
------------------------

20120918_10_: MTU constitutional local_svm_classification ;lib=cdk 3
ruby CV_ds_pctype_algo_algoparams_rseed.rb MTU constitutional local_svm_classification ;lib=cdk 3 ../data/datasets.yaml
[2012-09-18T10:53:46.1571+02:00] datasets.yaml exists.
[2012-09-18T10:53:46.1574+02:00] --- prediction_algorithm=local_svm_classification;pc_type=constitutional;feature_dataset_uri=http://toxcreate3.in-silico.ch:8086/dataset/351653;lib=cdk
[2012-09-18T10:53:47.2246+02:00] --- 
:dataset_uri: http://toxcreate3.in-silico.ch:8086/dataset/351651
:prediction_feature: http://toxcreate3.in-silico.ch:8086/dataset/351651/feature/CHR_Mouse_Tumorigen
:algorithm_uri: http://toxcreate3.in-silico.ch:8086/algorithm/lazar
:algorithm_params: prediction_algorithm=local_svm_classification;pc_type=constitutional;feature_dataset_uri=http://toxcreate3.in-silico.ch:8086/dataset/351653;lib=cdk
:random_seed: "3"
[2012-09-18T11:41:04.0278+02:00] http://toxcreate3.in-silico.ch:8086/validation/crossvalidation/178
[2012-09-18T11:41:18.5552+02:00] http://toxcreate3.in-silico.ch:8086/validation/report/crossvalidation/180
[2012-09-18T11:41:18.5553+02:00]  
=hyperlink("http://toxcreate3.in-silico.ch:8086/dataset/351651";"MTU"),=hyperlink("http://toxcreate3.in-silico.ch:8086/validation/report/crossvalidation/180";"report"),=hyperlink("http://toxcreate3.in-silico.ch:8086/validation/crossvalidation/178";"cv")
------------------------


20120918_10_: MTU constitutional local_svm_classification ;lib=cdk 4
ruby CV_ds_pctype_algo_algoparams_rseed.rb MTU constitutional local_svm_classification ;lib=cdk 4 ../data/datasets.yaml
[2012-09-18T11:41:19.8222+02:00] datasets.yaml exists.
[2012-09-18T11:41:19.8225+02:00] --- prediction_algorithm=local_svm_classification;pc_type=constitutional;feature_dataset_uri=http://toxcreate3.in-silico.ch:8086/dataset/351653;lib=cdk
[2012-09-18T11:41:19.8294+02:00] --- 
:dataset_uri: http://toxcreate3.in-silico.ch:8086/dataset/351651
:prediction_feature: http://toxcreate3.in-silico.ch:8086/dataset/351651/feature/CHR_Mouse_Tumorigen
:algorithm_uri: http://toxcreate3.in-silico.ch:8086/algorithm/lazar
:algorithm_params: prediction_algorithm=local_svm_classification;pc_type=constitutional;feature_dataset_uri=http://toxcreate3.in-silico.ch:8086/dataset/351653;lib=cdk
:random_seed: "4"
[2012-09-18T12:23:22.3780+02:00] http://toxcreate3.in-silico.ch:8086/validation/crossvalidation/184
[2012-09-18T12:23:36.6070+02:00] http://toxcreate3.in-silico.ch:8086/validation/report/crossvalidation/184
[2012-09-18T12:23:36.6071+02:00]  
=hyperlink("http://toxcreate3.in-silico.ch:8086/dataset/351651";"MTU"),=hyperlink("http://toxcreate3.in-silico.ch:8086/validation/report/crossvalidation/184";"report"),=hyperlink("http://toxcreate3.in-silico.ch:8086/validation/crossvalidation/184";"cv")
------------------------


20120918_10_: MTU constitutional local_svm_classification ;lib=cdk 5
ruby CV_ds_pctype_algo_algoparams_rseed.rb MTU constitutional local_svm_classification ;lib=cdk 5 ../data/datasets.yaml
[2012-09-18T12:23:38.3315+02:00] datasets.yaml exists.
[2012-09-18T12:23:38.3319+02:00] --- prediction_algorithm=local_svm_classification;pc_type=constitutional;feature_dataset_uri=http://toxcreate3.in-silico.ch:8086/dataset/351653;lib=cdk
[2012-09-18T12:23:38.3383+02:00] --- 
:dataset_uri: http://toxcreate3.in-silico.ch:8086/dataset/351651
:prediction_feature: http://toxcreate3.in-silico.ch:8086/dataset/351651/feature/CHR_Mouse_Tumorigen
:algorithm_uri: http://toxcreate3.in-silico.ch:8086/algorithm/lazar
:algorithm_params: prediction_algorithm=local_svm_classification;pc_type=constitutional;feature_dataset_uri=http://toxcreate3.in-silico.ch:8086/dataset/351653;lib=cdk
:random_seed: "5"
[2012-09-18T13:00:16.2716+02:00] http://toxcreate3.in-silico.ch:8086/validation/crossvalidation/188
[2012-09-18T13:00:28.6901+02:00] http://toxcreate3.in-silico.ch:8086/validation/report/crossvalidation/186
[2012-09-18T13:00:28.6902+02:00]  
=hyperlink("http://toxcreate3.in-silico.ch:8086/dataset/351651";"MTU"),=hyperlink("http://toxcreate3.in-silico.ch:8086/validation/report/crossvalidation/186";"report"),=hyperlink("http://toxcreate3.in-silico.ch:8086/validation/crossvalidation/188";"cv")
------------------------


20120918_10_: RTU constitutional local_svm_classification ;lib=cdk 1
ruby CV_ds_pctype_algo_algoparams_rseed.rb RTU constitutional local_svm_classification ;lib=cdk 1 ../data/datasets.yaml
[2012-09-18T10:54:12.4266+02:00] datasets.yaml exists.
[2012-09-18T10:54:12.4270+02:00] --- prediction_algorithm=local_svm_classification;pc_type=constitutional;feature_dataset_uri=http://toxcreate3.in-silico.ch:8086/dataset/351654;lib=cdk
[2012-09-18T10:54:12.4331+02:00] --- 
:dataset_uri: http://toxcreate3.in-silico.ch:8086/dataset/351652
:prediction_feature: http://toxcreate3.in-silico.ch:8086/dataset/351652/feature/CHR_Rat_Tumorigen
:algorithm_uri: http://toxcreate3.in-silico.ch:8086/algorithm/lazar
:algorithm_params: prediction_algorithm=local_svm_classification;pc_type=constitutional;feature_dataset_uri=http://toxcreate3.in-silico.ch:8086/dataset/351654;lib=cdk
:random_seed: "1"
[2012-09-18T11:42:54.1888+02:00] http://toxcreate3.in-silico.ch:8086/validation/crossvalidation/182
[2012-09-18T11:43:12.5871+02:00] http://toxcreate3.in-silico.ch:8086/validation/report/crossvalidation/182
[2012-09-18T11:43:12.5871+02:00]  
=hyperlink("http://toxcreate3.in-silico.ch:8086/dataset/351652";"RTU"),=hyperlink("http://toxcreate3.in-silico.ch:8086/validation/report/crossvalidation/182";"report"),=hyperlink("http://toxcreate3.in-silico.ch:8086/validation/crossvalidation/182";"cv")
------------------------


20120918_10_: RTU constitutional local_svm_classification ;lib=cdk 2
ruby CV_ds_pctype_algo_algoparams_rseed.rb RTU constitutional local_svm_classification ;lib=cdk 2 ../data/datasets.yaml
[2012-09-18T11:43:14.7462+02:00] datasets.yaml exists.
[2012-09-18T11:43:14.7465+02:00] --- prediction_algorithm=local_svm_classification;pc_type=constitutional;feature_dataset_uri=http://toxcreate3.in-silico.ch:8086/dataset/351654;lib=cdk
[2012-09-18T11:43:14.7529+02:00] --- 
:dataset_uri: http://toxcreate3.in-silico.ch:8086/dataset/351652
:prediction_feature: http://toxcreate3.in-silico.ch:8086/dataset/351652/feature/CHR_Rat_Tumorigen
:algorithm_uri: http://toxcreate3.in-silico.ch:8086/algorithm/lazar
:algorithm_params: prediction_algorithm=local_svm_classification;pc_type=constitutional;feature_dataset_uri=http://toxcreate3.in-silico.ch:8086/dataset/351654;lib=cdk
:random_seed: "2"
[2012-09-18T12:27:07.2649+02:00] http://toxcreate3.in-silico.ch:8086/validation/crossvalidation/186
[2012-09-18T12:27:18.5127+02:00] http://toxcreate3.in-silico.ch:8086/validation/report/crossvalidation/185
[2012-09-18T12:27:18.5127+02:00]  
=hyperlink("http://toxcreate3.in-silico.ch:8086/dataset/351652";"RTU"),=hyperlink("http://toxcreate3.in-silico.ch:8086/validation/report/crossvalidation/185";"report"),=hyperlink("http://toxcreate3.in-silico.ch:8086/validation/crossvalidation/186";"cv")
------------------------


20120918_10_: RTU constitutional local_svm_classification ;lib=cdk 3
ruby CV_ds_pctype_algo_algoparams_rseed.rb RTU constitutional local_svm_classification ;lib=cdk 3 ../data/datasets.yaml
[2012-09-18T12:27:20.2944+02:00] datasets.yaml exists.
[2012-09-18T12:27:20.2948+02:00] --- prediction_algorithm=local_svm_classification;pc_type=constitutional;feature_dataset_uri=http://toxcreate3.in-silico.ch:8086/dataset/351654;lib=cdk
[2012-09-18T12:27:20.3013+02:00] --- 
:dataset_uri: http://toxcreate3.in-silico.ch:8086/dataset/351652
:prediction_feature: http://toxcreate3.in-silico.ch:8086/dataset/351652/feature/CHR_Rat_Tumorigen
:algorithm_uri: http://toxcreate3.in-silico.ch:8086/algorithm/lazar
:algorithm_params: prediction_algorithm=local_svm_classification;pc_type=constitutional;feature_dataset_uri=http://toxcreate3.in-silico.ch:8086/dataset/351654;lib=cdk
:random_seed: "3"
[2012-09-18T13:05:05.3233+02:00] http://toxcreate3.in-silico.ch:8086/validation/crossvalidation/189
[2012-09-18T13:05:14.5007+02:00] http://toxcreate3.in-silico.ch:8086/validation/report/crossvalidation/187
[2012-09-18T13:05:14.5007+02:00]  
=hyperlink("http://toxcreate3.in-silico.ch:8086/dataset/351652";"RTU"),=hyperlink("http://toxcreate3.in-silico.ch:8086/validation/report/crossvalidation/187";"report"),=hyperlink("http://toxcreate3.in-silico.ch:8086/validation/crossvalidation/189";"cv")
------------------------


20120918_10_: RTU constitutional local_svm_classification ;lib=cdk 4
ruby CV_ds_pctype_algo_algoparams_rseed.rb RTU constitutional local_svm_classification ;lib=cdk 4 ../data/datasets.yaml
[2012-09-18T13:05:15.4689+02:00] datasets.yaml exists.
[2012-09-18T13:05:15.4692+02:00] --- prediction_algorithm=local_svm_classification;pc_type=constitutional;feature_dataset_uri=http://toxcreate3.in-silico.ch:8086/dataset/351654;lib=cdk
[2012-09-18T13:05:15.4742+02:00] --- 
:dataset_uri: http://toxcreate3.in-silico.ch:8086/dataset/351652
:prediction_feature: http://toxcreate3.in-silico.ch:8086/dataset/351652/feature/CHR_Rat_Tumorigen
:algorithm_uri: http://toxcreate3.in-silico.ch:8086/algorithm/lazar
:algorithm_params: prediction_algorithm=local_svm_classification;pc_type=constitutional;feature_dataset_uri=http://toxcreate3.in-silico.ch:8086/dataset/351654;lib=cdk
:random_seed: "4"
[2012-09-18T13:38:46.9830+02:00] http://toxcreate3.in-silico.ch:8086/validation/crossvalidation/190
[2012-09-18T13:38:56.1288+02:00] http://toxcreate3.in-silico.ch:8086/validation/report/crossvalidation/189
[2012-09-18T13:38:56.1289+02:00]  
=hyperlink("http://toxcreate3.in-silico.ch:8086/dataset/351652";"RTU"),=hyperlink("http://toxcreate3.in-silico.ch:8086/validation/report/crossvalidation/189";"report"),=hyperlink("http://toxcreate3.in-silico.ch:8086/validation/crossvalidation/190";"cv")
------------------------


20120918_10_: RTU constitutional local_svm_classification ;lib=cdk 5
ruby CV_ds_pctype_algo_algoparams_rseed.rb RTU constitutional local_svm_classification ;lib=cdk 5 ../data/datasets.yaml
[2012-09-18T13:38:57.0393+02:00] datasets.yaml exists.
[2012-09-18T13:38:57.0395+02:00] --- prediction_algorithm=local_svm_classification;pc_type=constitutional;feature_dataset_uri=http://toxcreate3.in-silico.ch:8086/dataset/351654;lib=cdk
[2012-09-18T13:38:57.0466+02:00] --- 
:dataset_uri: http://toxcreate3.in-silico.ch:8086/dataset/351652
:prediction_feature: http://toxcreate3.in-silico.ch:8086/dataset/351652/feature/CHR_Rat_Tumorigen
:algorithm_uri: http://toxcreate3.in-silico.ch:8086/algorithm/lazar
:algorithm_params: prediction_algorithm=local_svm_classification;pc_type=constitutional;feature_dataset_uri=http://toxcreate3.in-silico.ch:8086/dataset/351654;lib=cdk
:random_seed: "5"
[2012-09-18T14:13:29.3695+02:00] http://toxcreate3.in-silico.ch:8086/validation/crossvalidation/192
[2012-09-18T14:13:39.8677+02:00] http://toxcreate3.in-silico.ch:8086/validation/report/crossvalidation/190
[2012-09-18T14:13:39.8678+02:00]  
=hyperlink("http://toxcreate3.in-silico.ch:8086/dataset/351652";"RTU"),=hyperlink("http://toxcreate3.in-silico.ch:8086/validation/report/crossvalidation/190";"report"),=hyperlink("http://toxcreate3.in-silico.ch:8086/validation/crossvalidation/192";"cv")
------------------------


