20120926_17_: FHM constitutional local_svm_classification ;lib=cdk;weights_option=3 1
ruby CV_ds_pctype_algo_algoparams_rseed.rb FHM constitutional local_svm_classification ;lib=cdk;weights_option=3 1 ../data/datasets.yaml
[2012-09-26T17:00:53.4960+02:00] datasets.yaml exists.
[2012-09-26T17:00:53.4963+02:00] --- prediction_algorithm=local_svm_classification;pc_type=constitutional;feature_dataset_uri=http://toxcreate3.in-silico.ch:8086/dataset/351656;lib=cdk;weights_option=3
[2012-09-26T17:00:53.5047+02:00] --- 
:dataset_uri: http://toxcreate3.in-silico.ch:8086/dataset/351648
:prediction_feature: http://toxcreate3.in-silico.ch:8086/dataset/351648/feature/ActivityOutcome_EPAFHM
:algorithm_uri: http://toxcreate3.in-silico.ch:8086/algorithm/lazar
:algorithm_params: prediction_algorithm=local_svm_classification;pc_type=constitutional;feature_dataset_uri=http://toxcreate3.in-silico.ch:8086/dataset/351656;lib=cdk;weights_option=3
:random_seed: "1"
[2012-09-26T18:44:36.0322+02:00] http://toxcreate3.in-silico.ch:8086/validation/crossvalidation/258
[2012-09-26T18:45:02.6216+02:00] http://toxcreate3.in-silico.ch:8086/validation/report/crossvalidation/271
[2012-09-26T18:45:02.8820+02:00]  
=hyperlink("http://toxcreate3.in-silico.ch:8086/dataset/351648";"FHM"),=hyperlink("http://toxcreate3.in-silico.ch:8086/validation/report/crossvalidation/271";"report"),=hyperlink("http://toxcreate3.in-silico.ch:8086/validation/crossvalidation/258";"cv");0.719912472647702;613;156;0.433333333333333;0.740046838407494;0.168831168831169;0.831578947368421
------------------------


20120926_17_: FHM constitutional local_svm_classification ;lib=cdk;weights_option=3 2
ruby CV_ds_pctype_algo_algoparams_rseed.rb FHM constitutional local_svm_classification ;lib=cdk;weights_option=3 2 ../data/datasets.yaml
[2012-09-26T18:45:04.8621+02:00] datasets.yaml exists.
[2012-09-26T18:45:04.8624+02:00] --- prediction_algorithm=local_svm_classification;pc_type=constitutional;feature_dataset_uri=http://toxcreate3.in-silico.ch:8086/dataset/351656;lib=cdk;weights_option=3
[2012-09-26T18:45:04.8686+02:00] --- 
:dataset_uri: http://toxcreate3.in-silico.ch:8086/dataset/351648
:prediction_feature: http://toxcreate3.in-silico.ch:8086/dataset/351648/feature/ActivityOutcome_EPAFHM
:algorithm_uri: http://toxcreate3.in-silico.ch:8086/algorithm/lazar
:algorithm_params: prediction_algorithm=local_svm_classification;pc_type=constitutional;feature_dataset_uri=http://toxcreate3.in-silico.ch:8086/dataset/351656;lib=cdk;weights_option=3
:random_seed: "2"
[2012-09-26T20:30:12.7542+02:00] http://toxcreate3.in-silico.ch:8086/validation/crossvalidation/265
[2012-09-26T20:30:40.3932+02:00] http://toxcreate3.in-silico.ch:8086/validation/report/crossvalidation/277
[2012-09-26T20:30:40.4729+02:00]  
=hyperlink("http://toxcreate3.in-silico.ch:8086/dataset/351648";"FHM"),=hyperlink("http://toxcreate3.in-silico.ch:8086/validation/report/crossvalidation/277";"report"),=hyperlink("http://toxcreate3.in-silico.ch:8086/validation/crossvalidation/265";"cv");0.6941431670282;613;152;0.4375;0.713286713286713;0.165680473372781;0.812749003984064
------------------------


20120926_17_: FHM constitutional local_svm_classification ;lib=cdk;weights_option=3 3
ruby CV_ds_pctype_algo_algoparams_rseed.rb FHM constitutional local_svm_classification ;lib=cdk;weights_option=3 3 ../data/datasets.yaml
[2012-09-26T20:30:42.0608+02:00] datasets.yaml exists.
[2012-09-26T20:30:42.0611+02:00] --- prediction_algorithm=local_svm_classification;pc_type=constitutional;feature_dataset_uri=http://toxcreate3.in-silico.ch:8086/dataset/351656;lib=cdk;weights_option=3
[2012-09-26T20:30:42.0703+02:00] --- 
:dataset_uri: http://toxcreate3.in-silico.ch:8086/dataset/351648
:prediction_feature: http://toxcreate3.in-silico.ch:8086/dataset/351648/feature/ActivityOutcome_EPAFHM
:algorithm_uri: http://toxcreate3.in-silico.ch:8086/algorithm/lazar
:algorithm_params: prediction_algorithm=local_svm_classification;pc_type=constitutional;feature_dataset_uri=http://toxcreate3.in-silico.ch:8086/dataset/351656;lib=cdk;weights_option=3
:random_seed: "3"
[2012-09-26T22:12:41.2098+02:00] http://toxcreate3.in-silico.ch:8086/validation/crossvalidation/271
[2012-09-26T22:12:59.2291+02:00] http://toxcreate3.in-silico.ch:8086/validation/report/crossvalidation/285
[2012-09-26T22:12:59.2666+02:00]  
=hyperlink("http://toxcreate3.in-silico.ch:8086/dataset/351648";"FHM"),=hyperlink("http://toxcreate3.in-silico.ch:8086/validation/report/crossvalidation/285";"report"),=hyperlink("http://toxcreate3.in-silico.ch:8086/validation/crossvalidation/271";"cv");0.678038379530917;613;144;0.333333333333333;0.704128440366973;0.127167630057803;0.802614379084967
------------------------


20120926_17_: FHM constitutional local_svm_classification ;lib=cdk;weights_option=3 4
ruby CV_ds_pctype_algo_algoparams_rseed.rb FHM constitutional local_svm_classification ;lib=cdk;weights_option=3 4 ../data/datasets.yaml
[2012-09-26T22:13:00.3294+02:00] datasets.yaml exists.
[2012-09-26T22:13:00.3297+02:00] --- prediction_algorithm=local_svm_classification;pc_type=constitutional;feature_dataset_uri=http://toxcreate3.in-silico.ch:8086/dataset/351656;lib=cdk;weights_option=3
[2012-09-26T22:13:00.3370+02:00] --- 
:dataset_uri: http://toxcreate3.in-silico.ch:8086/dataset/351648
:prediction_feature: http://toxcreate3.in-silico.ch:8086/dataset/351648/feature/ActivityOutcome_EPAFHM
:algorithm_uri: http://toxcreate3.in-silico.ch:8086/algorithm/lazar
:algorithm_params: prediction_algorithm=local_svm_classification;pc_type=constitutional;feature_dataset_uri=http://toxcreate3.in-silico.ch:8086/dataset/351656;lib=cdk;weights_option=3
:random_seed: "4"
[2012-09-26T23:57:41.9513+02:00] http://toxcreate3.in-silico.ch:8086/validation/crossvalidation/279
[2012-09-26T23:58:02.4402+02:00] http://toxcreate3.in-silico.ch:8086/validation/report/crossvalidation/292
[2012-09-26T23:58:02.5576+02:00]  
=hyperlink("http://toxcreate3.in-silico.ch:8086/dataset/351648";"FHM"),=hyperlink("http://toxcreate3.in-silico.ch:8086/validation/report/crossvalidation/292";"report"),=hyperlink("http://toxcreate3.in-silico.ch:8086/validation/crossvalidation/279";"cv");0.676923076923077;613;158;0.393939393939394;0.699052132701422;0.15028901734104;0.800542740841248
------------------------


20120926_17_: FHM constitutional local_svm_classification ;lib=cdk;weights_option=3 5
ruby CV_ds_pctype_algo_algoparams_rseed.rb FHM constitutional local_svm_classification ;lib=cdk;weights_option=3 5 ../data/datasets.yaml
[2012-09-26T23:58:03.7601+02:00] datasets.yaml exists.
[2012-09-26T23:58:03.7604+02:00] --- prediction_algorithm=local_svm_classification;pc_type=constitutional;feature_dataset_uri=http://toxcreate3.in-silico.ch:8086/dataset/351656;lib=cdk;weights_option=3
[2012-09-26T23:58:03.7684+02:00] --- 
:dataset_uri: http://toxcreate3.in-silico.ch:8086/dataset/351648
:prediction_feature: http://toxcreate3.in-silico.ch:8086/dataset/351648/feature/ActivityOutcome_EPAFHM
:algorithm_uri: http://toxcreate3.in-silico.ch:8086/algorithm/lazar
:algorithm_params: prediction_algorithm=local_svm_classification;pc_type=constitutional;feature_dataset_uri=http://toxcreate3.in-silico.ch:8086/dataset/351656;lib=cdk;weights_option=3
:random_seed: "5"
[2012-09-27T01:45:12.3788+02:00] http://toxcreate3.in-silico.ch:8086/validation/crossvalidation/286
[2012-09-27T01:45:32.0369+02:00] http://toxcreate3.in-silico.ch:8086/validation/report/crossvalidation/300
[2012-09-27T01:45:32.0609+02:00]  
=hyperlink("http://toxcreate3.in-silico.ch:8086/dataset/351648";"FHM"),=hyperlink("http://toxcreate3.in-silico.ch:8086/validation/report/crossvalidation/300";"report"),=hyperlink("http://toxcreate3.in-silico.ch:8086/validation/crossvalidation/286";"cv");0.68695652173913;613;153;0.387096774193548;0.708624708624709;0.142857142857143;0.808510638297872
------------------------


