20120926_17_: BBA constitutional local_svm_classification ;lib=cdk;weights_option=3 1
ruby CV_ds_pctype_algo_algoparams_rseed.rb BBA constitutional local_svm_classification ;lib=cdk;weights_option=3 1 ../data/datasets.yaml
[2012-09-26T17:00:26.3745+02:00] datasets.yaml exists.
[2012-09-26T17:00:26.3997+02:00] --- prediction_algorithm=local_svm_classification;pc_type=constitutional;feature_dataset_uri=http://toxcreate3.in-silico.ch:8086/dataset/351655;lib=cdk;weights_option=3
[2012-09-26T17:00:27.3269+02:00] --- 
:dataset_uri: http://toxcreate3.in-silico.ch:8086/dataset/351649
:prediction_feature: http://toxcreate3.in-silico.ch:8086/dataset/351649/feature/bloodbarr
:algorithm_uri: http://toxcreate3.in-silico.ch:8086/algorithm/lazar
:algorithm_params: prediction_algorithm=local_svm_classification;pc_type=constitutional;feature_dataset_uri=http://toxcreate3.in-silico.ch:8086/dataset/351655;lib=cdk;weights_option=3
:random_seed: "1"
[2012-09-26T18:18:46.3573+02:00] http://toxcreate3.in-silico.ch:8086/validation/crossvalidation/255
[2012-09-26T18:19:06.1925+02:00] http://toxcreate3.in-silico.ch:8086/validation/report/crossvalidation/268
[2012-09-26T18:19:06.2196+02:00]  
=hyperlink("http://toxcreate3.in-silico.ch:8086/dataset/351649";"BBA"),=hyperlink("http://toxcreate3.in-silico.ch:8086/validation/report/crossvalidation/268";"report"),=hyperlink("http://toxcreate3.in-silico.ch:8086/validation/crossvalidation/255";"cv");0.606879606879607;413;6;0.45985401459854;0.681481481481481;0.440559440559441;0.696969696969697
------------------------


20120926_17_: BBA constitutional local_svm_classification ;lib=cdk;weights_option=3 2
ruby CV_ds_pctype_algo_algoparams_rseed.rb BBA constitutional local_svm_classification ;lib=cdk;weights_option=3 2 ../data/datasets.yaml
[2012-09-26T18:19:07.5990+02:00] datasets.yaml exists.
[2012-09-26T18:19:07.5992+02:00] --- prediction_algorithm=local_svm_classification;pc_type=constitutional;feature_dataset_uri=http://toxcreate3.in-silico.ch:8086/dataset/351655;lib=cdk;weights_option=3
[2012-09-26T18:19:07.6482+02:00] --- 
:dataset_uri: http://toxcreate3.in-silico.ch:8086/dataset/351649
:prediction_feature: http://toxcreate3.in-silico.ch:8086/dataset/351649/feature/bloodbarr
:algorithm_uri: http://toxcreate3.in-silico.ch:8086/algorithm/lazar
:algorithm_params: prediction_algorithm=local_svm_classification;pc_type=constitutional;feature_dataset_uri=http://toxcreate3.in-silico.ch:8086/dataset/351655;lib=cdk;weights_option=3
:random_seed: "2"
[2012-09-26T19:36:59.5909+02:00] http://toxcreate3.in-silico.ch:8086/validation/crossvalidation/262
[2012-09-26T19:37:17.9115+02:00] http://toxcreate3.in-silico.ch:8086/validation/report/crossvalidation/274
[2012-09-26T19:37:17.9382+02:00]  
=hyperlink("http://toxcreate3.in-silico.ch:8086/dataset/351649";"BBA"),=hyperlink("http://toxcreate3.in-silico.ch:8086/validation/report/crossvalidation/274";"report"),=hyperlink("http://toxcreate3.in-silico.ch:8086/validation/crossvalidation/262";"cv");0.657701711491443;413;4;0.525547445255474;0.724264705882353;0.507042253521127;0.737827715355805
------------------------


20120926_17_: BBA constitutional local_svm_classification ;lib=cdk;weights_option=3 3
ruby CV_ds_pctype_algo_algoparams_rseed.rb BBA constitutional local_svm_classification ;lib=cdk;weights_option=3 3 ../data/datasets.yaml
[2012-09-26T19:37:19.0623+02:00] datasets.yaml exists.
[2012-09-26T19:37:19.0627+02:00] --- prediction_algorithm=local_svm_classification;pc_type=constitutional;feature_dataset_uri=http://toxcreate3.in-silico.ch:8086/dataset/351655;lib=cdk;weights_option=3
[2012-09-26T19:37:19.0711+02:00] --- 
:dataset_uri: http://toxcreate3.in-silico.ch:8086/dataset/351649
:prediction_feature: http://toxcreate3.in-silico.ch:8086/dataset/351649/feature/bloodbarr
:algorithm_uri: http://toxcreate3.in-silico.ch:8086/algorithm/lazar
:algorithm_params: prediction_algorithm=local_svm_classification;pc_type=constitutional;feature_dataset_uri=http://toxcreate3.in-silico.ch:8086/dataset/351655;lib=cdk;weights_option=3
:random_seed: "3"
[2012-09-26T20:55:03.6085+02:00] http://toxcreate3.in-silico.ch:8086/validation/crossvalidation/268
[2012-09-26T20:55:19.3974+02:00] http://toxcreate3.in-silico.ch:8086/validation/report/crossvalidation/280
[2012-09-26T20:55:19.4373+02:00]  
=hyperlink("http://toxcreate3.in-silico.ch:8086/dataset/351649";"BBA"),=hyperlink("http://toxcreate3.in-silico.ch:8086/validation/report/crossvalidation/280";"report"),=hyperlink("http://toxcreate3.in-silico.ch:8086/validation/crossvalidation/268";"cv");0.634803921568627;413;5;0.518248175182482;0.693726937269373;0.487972508591065;0.716190476190476
------------------------


20120926_17_: BBA constitutional local_svm_classification ;lib=cdk;weights_option=3 4
ruby CV_ds_pctype_algo_algoparams_rseed.rb BBA constitutional local_svm_classification ;lib=cdk;weights_option=3 4 ../data/datasets.yaml
[2012-09-26T20:55:20.8080+02:00] datasets.yaml exists.
[2012-09-26T20:55:20.8082+02:00] --- prediction_algorithm=local_svm_classification;pc_type=constitutional;feature_dataset_uri=http://toxcreate3.in-silico.ch:8086/dataset/351655;lib=cdk;weights_option=3
[2012-09-26T20:55:20.8160+02:00] --- 
:dataset_uri: http://toxcreate3.in-silico.ch:8086/dataset/351649
:prediction_feature: http://toxcreate3.in-silico.ch:8086/dataset/351649/feature/bloodbarr
:algorithm_uri: http://toxcreate3.in-silico.ch:8086/algorithm/lazar
:algorithm_params: prediction_algorithm=local_svm_classification;pc_type=constitutional;feature_dataset_uri=http://toxcreate3.in-silico.ch:8086/dataset/351655;lib=cdk;weights_option=3
:random_seed: "4"
[2012-09-26T22:14:17.2239+02:00] http://toxcreate3.in-silico.ch:8086/validation/crossvalidation/274
[2012-09-26T22:14:38.2164+02:00] http://toxcreate3.in-silico.ch:8086/validation/report/crossvalidation/286
[2012-09-26T22:14:38.2424+02:00]  
=hyperlink("http://toxcreate3.in-silico.ch:8086/dataset/351649";"BBA"),=hyperlink("http://toxcreate3.in-silico.ch:8086/validation/report/crossvalidation/286";"report"),=hyperlink("http://toxcreate3.in-silico.ch:8086/validation/crossvalidation/274";"cv");0.612745098039216;413;5;0.45985401459854;0.690036900369004;0.443661971830986;0.703007518796993
------------------------


20120926_17_: BBA constitutional local_svm_classification ;lib=cdk;weights_option=3 5
ruby CV_ds_pctype_algo_algoparams_rseed.rb BBA constitutional local_svm_classification ;lib=cdk;weights_option=3 5 ../data/datasets.yaml
[2012-09-26T22:14:39.4431+02:00] datasets.yaml exists.
[2012-09-26T22:14:39.4433+02:00] --- prediction_algorithm=local_svm_classification;pc_type=constitutional;feature_dataset_uri=http://toxcreate3.in-silico.ch:8086/dataset/351655;lib=cdk;weights_option=3
[2012-09-26T22:14:39.4495+02:00] --- 
:dataset_uri: http://toxcreate3.in-silico.ch:8086/dataset/351649
:prediction_feature: http://toxcreate3.in-silico.ch:8086/dataset/351649/feature/bloodbarr
:algorithm_uri: http://toxcreate3.in-silico.ch:8086/algorithm/lazar
:algorithm_params: prediction_algorithm=local_svm_classification;pc_type=constitutional;feature_dataset_uri=http://toxcreate3.in-silico.ch:8086/dataset/351655;lib=cdk;weights_option=3
:random_seed: "5"
[2012-09-26T23:31:36.8428+02:00] http://toxcreate3.in-silico.ch:8086/validation/crossvalidation/280
[2012-09-26T23:31:59.1501+02:00] http://toxcreate3.in-silico.ch:8086/validation/report/crossvalidation/290
[2012-09-26T23:31:59.2579+02:00]  
=hyperlink("http://toxcreate3.in-silico.ch:8086/dataset/351649";"BBA"),=hyperlink("http://toxcreate3.in-silico.ch:8086/validation/report/crossvalidation/290";"report"),=hyperlink("http://toxcreate3.in-silico.ch:8086/validation/crossvalidation/280";"cv");0.625615763546798;413;7;0.510948905109489;0.684014869888476;0.479452054794521;0.707692307692308
------------------------


20120926_17_: BBA constitutional local_svm_classification ;lib=cdk;weights_option=4 1
ruby CV_ds_pctype_algo_algoparams_rseed.rb BBA constitutional local_svm_classification ;lib=cdk;weights_option=4 1 ../data/datasets.yaml
[2012-09-26T23:32:00.4574+02:00] datasets.yaml exists.
[2012-09-26T23:32:00.4577+02:00] --- prediction_algorithm=local_svm_classification;pc_type=constitutional;feature_dataset_uri=http://toxcreate3.in-silico.ch:8086/dataset/351655;lib=cdk;weights_option=4
[2012-09-26T23:32:00.4976+02:00] --- 
:dataset_uri: http://toxcreate3.in-silico.ch:8086/dataset/351649
:prediction_feature: http://toxcreate3.in-silico.ch:8086/dataset/351649/feature/bloodbarr
:algorithm_uri: http://toxcreate3.in-silico.ch:8086/algorithm/lazar
:algorithm_params: prediction_algorithm=local_svm_classification;pc_type=constitutional;feature_dataset_uri=http://toxcreate3.in-silico.ch:8086/dataset/351655;lib=cdk;weights_option=4
:random_seed: "1"
[2012-09-27T00:48:52.1575+02:00] http://toxcreate3.in-silico.ch:8086/validation/crossvalidation/284
[2012-09-27T00:49:15.2300+02:00] http://toxcreate3.in-silico.ch:8086/validation/report/crossvalidation/296
[2012-09-27T00:49:15.2705+02:00]  
=hyperlink("http://toxcreate3.in-silico.ch:8086/dataset/351649";"BBA"),=hyperlink("http://toxcreate3.in-silico.ch:8086/validation/report/crossvalidation/296";"report"),=hyperlink("http://toxcreate3.in-silico.ch:8086/validation/crossvalidation/284";"cv");0.633906633906634;413;6;0.291970802919708;0.807407407407407;0.349344978165939;0.745299145299145
------------------------


20120926_17_: BBA constitutional local_svm_classification ;lib=cdk;weights_option=4 2
ruby CV_ds_pctype_algo_algoparams_rseed.rb BBA constitutional local_svm_classification ;lib=cdk;weights_option=4 2 ../data/datasets.yaml
[2012-09-27T00:49:17.0028+02:00] datasets.yaml exists.
[2012-09-27T00:49:17.0031+02:00] --- prediction_algorithm=local_svm_classification;pc_type=constitutional;feature_dataset_uri=http://toxcreate3.in-silico.ch:8086/dataset/351655;lib=cdk;weights_option=4
[2012-09-27T00:49:17.0109+02:00] --- 
:dataset_uri: http://toxcreate3.in-silico.ch:8086/dataset/351649
:prediction_feature: http://toxcreate3.in-silico.ch:8086/dataset/351649/feature/bloodbarr
:algorithm_uri: http://toxcreate3.in-silico.ch:8086/algorithm/lazar
:algorithm_params: prediction_algorithm=local_svm_classification;pc_type=constitutional;feature_dataset_uri=http://toxcreate3.in-silico.ch:8086/dataset/351655;lib=cdk;weights_option=4
:random_seed: "2"
[2012-09-27T02:02:46.6738+02:00] http://toxcreate3.in-silico.ch:8086/validation/crossvalidation/290
[2012-09-27T02:03:03.1735+02:00] http://toxcreate3.in-silico.ch:8086/validation/report/crossvalidation/302
[2012-09-27T02:03:03.1996+02:00]  
=hyperlink("http://toxcreate3.in-silico.ch:8086/dataset/351649";"BBA"),=hyperlink("http://toxcreate3.in-silico.ch:8086/validation/report/crossvalidation/302";"report"),=hyperlink("http://toxcreate3.in-silico.ch:8086/validation/crossvalidation/290";"cv");0.660146699266504;413;4;0.306569343065693;0.838235294117647;0.376681614349776;0.766386554621849
------------------------


20120926_17_: BBA constitutional local_svm_classification ;lib=cdk;weights_option=4 3
ruby CV_ds_pctype_algo_algoparams_rseed.rb BBA constitutional local_svm_classification ;lib=cdk;weights_option=4 3 ../data/datasets.yaml
[2012-09-27T02:03:04.2502+02:00] datasets.yaml exists.
[2012-09-27T02:03:04.2505+02:00] --- prediction_algorithm=local_svm_classification;pc_type=constitutional;feature_dataset_uri=http://toxcreate3.in-silico.ch:8086/dataset/351655;lib=cdk;weights_option=4
[2012-09-27T02:03:04.2566+02:00] --- 
:dataset_uri: http://toxcreate3.in-silico.ch:8086/dataset/351649
:prediction_feature: http://toxcreate3.in-silico.ch:8086/dataset/351649/feature/bloodbarr
:algorithm_uri: http://toxcreate3.in-silico.ch:8086/algorithm/lazar
:algorithm_params: prediction_algorithm=local_svm_classification;pc_type=constitutional;feature_dataset_uri=http://toxcreate3.in-silico.ch:8086/dataset/351655;lib=cdk;weights_option=4
:random_seed: "3"
[2012-09-27T03:09:05.6704+02:00] http://toxcreate3.in-silico.ch:8086/validation/crossvalidation/295
[2012-09-27T03:09:22.5873+02:00] http://toxcreate3.in-silico.ch:8086/validation/report/crossvalidation/307
[2012-09-27T03:09:22.7117+02:00]  
=hyperlink("http://toxcreate3.in-silico.ch:8086/dataset/351649";"BBA"),=hyperlink("http://toxcreate3.in-silico.ch:8086/validation/report/crossvalidation/307";"report"),=hyperlink("http://toxcreate3.in-silico.ch:8086/validation/crossvalidation/295";"cv");0.67156862745098;413;5;0.357664233576642;0.830258302583026;0.422413793103448;0.770547945205479
------------------------


20120926_17_: BBA constitutional local_svm_classification ;lib=cdk;weights_option=4 4
ruby CV_ds_pctype_algo_algoparams_rseed.rb BBA constitutional local_svm_classification ;lib=cdk;weights_option=4 4 ../data/datasets.yaml
[2012-09-27T03:09:24.2328+02:00] datasets.yaml exists.
[2012-09-27T03:09:24.2331+02:00] --- prediction_algorithm=local_svm_classification;pc_type=constitutional;feature_dataset_uri=http://toxcreate3.in-silico.ch:8086/dataset/351655;lib=cdk;weights_option=4
[2012-09-27T03:09:24.2395+02:00] --- 
:dataset_uri: http://toxcreate3.in-silico.ch:8086/dataset/351649
:prediction_feature: http://toxcreate3.in-silico.ch:8086/dataset/351649/feature/bloodbarr
:algorithm_uri: http://toxcreate3.in-silico.ch:8086/algorithm/lazar
:algorithm_params: prediction_algorithm=local_svm_classification;pc_type=constitutional;feature_dataset_uri=http://toxcreate3.in-silico.ch:8086/dataset/351655;lib=cdk;weights_option=4
:random_seed: "4"
[2012-09-27T04:11:13.7112+02:00] http://toxcreate3.in-silico.ch:8086/validation/crossvalidation/300
[2012-09-27T04:11:26.0429+02:00] http://toxcreate3.in-silico.ch:8086/validation/report/crossvalidation/311
[2012-09-27T04:11:26.0771+02:00]  
=hyperlink("http://toxcreate3.in-silico.ch:8086/dataset/351649";"BBA"),=hyperlink("http://toxcreate3.in-silico.ch:8086/validation/report/crossvalidation/311";"report"),=hyperlink("http://toxcreate3.in-silico.ch:8086/validation/crossvalidation/300";"cv");0.651960784313726;413;5;0.299270072992701;0.830258302583026;0.366071428571429;0.760135135135135
------------------------


20120926_17_: BBA constitutional local_svm_classification ;lib=cdk;weights_option=4 5
ruby CV_ds_pctype_algo_algoparams_rseed.rb BBA constitutional local_svm_classification ;lib=cdk;weights_option=4 5 ../data/datasets.yaml
[2012-09-27T04:11:27.0331+02:00] datasets.yaml exists.
[2012-09-27T04:11:27.0333+02:00] --- prediction_algorithm=local_svm_classification;pc_type=constitutional;feature_dataset_uri=http://toxcreate3.in-silico.ch:8086/dataset/351655;lib=cdk;weights_option=4
[2012-09-27T04:11:27.0415+02:00] --- 
:dataset_uri: http://toxcreate3.in-silico.ch:8086/dataset/351649
:prediction_feature: http://toxcreate3.in-silico.ch:8086/dataset/351649/feature/bloodbarr
:algorithm_uri: http://toxcreate3.in-silico.ch:8086/algorithm/lazar
:algorithm_params: prediction_algorithm=local_svm_classification;pc_type=constitutional;feature_dataset_uri=http://toxcreate3.in-silico.ch:8086/dataset/351655;lib=cdk;weights_option=4
:random_seed: "5"
[2012-09-27T05:04:30.2814+02:00] http://toxcreate3.in-silico.ch:8086/validation/crossvalidation/302
[2012-09-27T05:04:41.8715+02:00] http://toxcreate3.in-silico.ch:8086/validation/report/crossvalidation/313
[2012-09-27T05:04:41.9129+02:00]  
=hyperlink("http://toxcreate3.in-silico.ch:8086/dataset/351649";"BBA"),=hyperlink("http://toxcreate3.in-silico.ch:8086/validation/report/crossvalidation/313";"report"),=hyperlink("http://toxcreate3.in-silico.ch:8086/validation/crossvalidation/302";"cv");0.650246305418719;413;7;0.328467153284672;0.814126394052045;0.387931034482759;0.755172413793103
------------------------


20120926_17_: BBA constitutional local_svm_classification ;lib=cdk;weights_option=5 1
ruby CV_ds_pctype_algo_algoparams_rseed.rb BBA constitutional local_svm_classification ;lib=cdk;weights_option=5 1 ../data/datasets.yaml
[2012-09-27T05:04:43.3738+02:00] datasets.yaml exists.
[2012-09-27T05:04:43.3742+02:00] --- prediction_algorithm=local_svm_classification;pc_type=constitutional;feature_dataset_uri=http://toxcreate3.in-silico.ch:8086/dataset/351655;lib=cdk;weights_option=5
[2012-09-27T05:04:43.4214+02:00] --- 
:dataset_uri: http://toxcreate3.in-silico.ch:8086/dataset/351649
:prediction_feature: http://toxcreate3.in-silico.ch:8086/dataset/351649/feature/bloodbarr
:algorithm_uri: http://toxcreate3.in-silico.ch:8086/algorithm/lazar
:algorithm_params: prediction_algorithm=local_svm_classification;pc_type=constitutional;feature_dataset_uri=http://toxcreate3.in-silico.ch:8086/dataset/351655;lib=cdk;weights_option=5
:random_seed: "1"
[2012-09-27T05:55:40.7479+02:00] http://toxcreate3.in-silico.ch:8086/validation/crossvalidation/304
[2012-09-27T05:55:51.8653+02:00] http://toxcreate3.in-silico.ch:8086/validation/report/crossvalidation/314
[2012-09-27T05:55:51.8907+02:00]  
=hyperlink("http://toxcreate3.in-silico.ch:8086/dataset/351649";"BBA"),=hyperlink("http://toxcreate3.in-silico.ch:8086/validation/report/crossvalidation/314";"report"),=hyperlink("http://toxcreate3.in-silico.ch:8086/validation/crossvalidation/304";"cv");0.582309582309582;413;6;0.591240875912409;0.577777777777778;0.487951807228916;0.647302904564315
------------------------


20120926_17_: BBA constitutional local_svm_classification ;lib=cdk;weights_option=5 2
ruby CV_ds_pctype_algo_algoparams_rseed.rb BBA constitutional local_svm_classification ;lib=cdk;weights_option=5 2 ../data/datasets.yaml
[2012-09-27T05:55:52.8363+02:00] datasets.yaml exists.
[2012-09-27T05:55:52.8365+02:00] --- prediction_algorithm=local_svm_classification;pc_type=constitutional;feature_dataset_uri=http://toxcreate3.in-silico.ch:8086/dataset/351655;lib=cdk;weights_option=5
[2012-09-27T05:55:52.8454+02:00] --- 
:dataset_uri: http://toxcreate3.in-silico.ch:8086/dataset/351649
:prediction_feature: http://toxcreate3.in-silico.ch:8086/dataset/351649/feature/bloodbarr
:algorithm_uri: http://toxcreate3.in-silico.ch:8086/algorithm/lazar
:algorithm_params: prediction_algorithm=local_svm_classification;pc_type=constitutional;feature_dataset_uri=http://toxcreate3.in-silico.ch:8086/dataset/351655;lib=cdk;weights_option=5
:random_seed: "2"
[2012-09-27T06:49:07.3278+02:00] http://toxcreate3.in-silico.ch:8086/validation/crossvalidation/305
[2012-09-27T06:49:23.8282+02:00] http://toxcreate3.in-silico.ch:8086/validation/report/crossvalidation/315
[2012-09-27T06:49:23.8543+02:00]  
=hyperlink("http://toxcreate3.in-silico.ch:8086/dataset/351649";"BBA"),=hyperlink("http://toxcreate3.in-silico.ch:8086/validation/report/crossvalidation/315";"report"),=hyperlink("http://toxcreate3.in-silico.ch:8086/validation/crossvalidation/305";"cv");0.633251833740831;413;4;0.605839416058394;0.647058823529412;0.525316455696203;0.701195219123506
------------------------


20120926_17_: BBA constitutional local_svm_classification ;lib=cdk;weights_option=5 3
ruby CV_ds_pctype_algo_algoparams_rseed.rb BBA constitutional local_svm_classification ;lib=cdk;weights_option=5 3 ../data/datasets.yaml
[2012-09-27T06:49:28.0137+02:00] datasets.yaml exists.
[2012-09-27T06:49:28.0342+02:00] --- prediction_algorithm=local_svm_classification;pc_type=constitutional;feature_dataset_uri=http://toxcreate3.in-silico.ch:8086/dataset/351655;lib=cdk;weights_option=5
[2012-09-27T06:49:28.0949+02:00] --- 
:dataset_uri: http://toxcreate3.in-silico.ch:8086/dataset/351649
:prediction_feature: http://toxcreate3.in-silico.ch:8086/dataset/351649/feature/bloodbarr
:algorithm_uri: http://toxcreate3.in-silico.ch:8086/algorithm/lazar
:algorithm_params: prediction_algorithm=local_svm_classification;pc_type=constitutional;feature_dataset_uri=http://toxcreate3.in-silico.ch:8086/dataset/351655;lib=cdk;weights_option=5
:random_seed: "3"
[2012-09-27T07:39:22.1109+02:00] http://toxcreate3.in-silico.ch:8086/validation/crossvalidation/306
[2012-09-27T07:39:33.2652+02:00] http://toxcreate3.in-silico.ch:8086/validation/report/crossvalidation/317
[2012-09-27T07:39:33.3148+02:00]  
=hyperlink("http://toxcreate3.in-silico.ch:8086/dataset/351649";"BBA"),=hyperlink("http://toxcreate3.in-silico.ch:8086/validation/report/crossvalidation/317";"report"),=hyperlink("http://toxcreate3.in-silico.ch:8086/validation/crossvalidation/306";"cv");0.607843137254902;413;5;0.627737226277372;0.597785977859779;0.518072289156627;0.669421487603306
------------------------


20120926_17_: BBA constitutional local_svm_classification ;lib=cdk;weights_option=5 4
ruby CV_ds_pctype_algo_algoparams_rseed.rb BBA constitutional local_svm_classification ;lib=cdk;weights_option=5 4 ../data/datasets.yaml
[2012-09-27T07:39:35.0482+02:00] datasets.yaml exists.
[2012-09-27T07:39:35.0485+02:00] --- prediction_algorithm=local_svm_classification;pc_type=constitutional;feature_dataset_uri=http://toxcreate3.in-silico.ch:8086/dataset/351655;lib=cdk;weights_option=5
[2012-09-27T07:39:35.1421+02:00] --- 
:dataset_uri: http://toxcreate3.in-silico.ch:8086/dataset/351649
:prediction_feature: http://toxcreate3.in-silico.ch:8086/dataset/351649/feature/bloodbarr
:algorithm_uri: http://toxcreate3.in-silico.ch:8086/algorithm/lazar
:algorithm_params: prediction_algorithm=local_svm_classification;pc_type=constitutional;feature_dataset_uri=http://toxcreate3.in-silico.ch:8086/dataset/351655;lib=cdk;weights_option=5
:random_seed: "4"
[2012-09-27T08:32:40.5636+02:00] http://toxcreate3.in-silico.ch:8086/validation/crossvalidation/308
[2012-09-27T08:32:52.1602+02:00] http://toxcreate3.in-silico.ch:8086/validation/report/crossvalidation/318
[2012-09-27T08:32:52.1926+02:00]  
=hyperlink("http://toxcreate3.in-silico.ch:8086/dataset/351649";"BBA"),=hyperlink("http://toxcreate3.in-silico.ch:8086/validation/report/crossvalidation/318";"report"),=hyperlink("http://toxcreate3.in-silico.ch:8086/validation/crossvalidation/308";"cv");0.610294117647059;413;5;0.569343065693431;0.6309963099631;0.495238095238095;0.682634730538922
------------------------


20120926_17_: BBA constitutional local_svm_classification ;lib=cdk;weights_option=5 5
ruby CV_ds_pctype_algo_algoparams_rseed.rb BBA constitutional local_svm_classification ;lib=cdk;weights_option=5 5 ../data/datasets.yaml
[2012-09-27T08:32:53.1254+02:00] datasets.yaml exists.
[2012-09-27T08:32:53.1256+02:00] --- prediction_algorithm=local_svm_classification;pc_type=constitutional;feature_dataset_uri=http://toxcreate3.in-silico.ch:8086/dataset/351655;lib=cdk;weights_option=5
[2012-09-27T08:32:53.1332+02:00] --- 
:dataset_uri: http://toxcreate3.in-silico.ch:8086/dataset/351649
:prediction_feature: http://toxcreate3.in-silico.ch:8086/dataset/351649/feature/bloodbarr
:algorithm_uri: http://toxcreate3.in-silico.ch:8086/algorithm/lazar
:algorithm_params: prediction_algorithm=local_svm_classification;pc_type=constitutional;feature_dataset_uri=http://toxcreate3.in-silico.ch:8086/dataset/351655;lib=cdk;weights_option=5
:random_seed: "5"
[2012-09-27T09:23:53.6168+02:00] http://toxcreate3.in-silico.ch:8086/validation/crossvalidation/309
[2012-09-27T09:24:05.2079+02:00] http://toxcreate3.in-silico.ch:8086/validation/report/crossvalidation/319
[2012-09-27T09:24:05.2339+02:00]  
=hyperlink("http://toxcreate3.in-silico.ch:8086/dataset/351649";"BBA"),=hyperlink("http://toxcreate3.in-silico.ch:8086/validation/report/crossvalidation/319";"report"),=hyperlink("http://toxcreate3.in-silico.ch:8086/validation/crossvalidation/309";"cv");0.630541871921182;413;7;0.591240875912409;0.650557620817844;0.519230769230769;0.7
------------------------


