20120926_17_: ISS constitutional local_svm_classification ;lib=cdk;weights_option=3 1
ruby CV_ds_pctype_algo_algoparams_rseed.rb ISS constitutional local_svm_classification ;lib=cdk;weights_option=3 1 ../data/datasets.yaml
[2012-09-26T17:00:45.9230+02:00] datasets.yaml exists.
[2012-09-26T17:00:45.9234+02:00] --- prediction_algorithm=local_svm_classification;pc_type=constitutional;feature_dataset_uri=http://toxcreate3.in-silico.ch:8086/dataset/351657;lib=cdk;weights_option=3
[2012-09-26T17:00:45.9673+02:00] --- 
:dataset_uri: http://toxcreate3.in-silico.ch:8086/dataset/351650
:prediction_feature: http://toxcreate3.in-silico.ch:8086/dataset/351650/feature/Canc
:algorithm_uri: http://toxcreate3.in-silico.ch:8086/algorithm/lazar
:algorithm_params: prediction_algorithm=local_svm_classification;pc_type=constitutional;feature_dataset_uri=http://toxcreate3.in-silico.ch:8086/dataset/351657;lib=cdk;weights_option=3
:random_seed: "1"
[2012-09-26T20:58:02.2810+02:00] http://toxcreate3.in-silico.ch:8086/validation/crossvalidation/257
[2012-09-26T20:58:36.6256+02:00] http://toxcreate3.in-silico.ch:8086/validation/report/crossvalidation/281
[2012-09-26T20:58:36.7133+02:00]  
=hyperlink("http://toxcreate3.in-silico.ch:8086/dataset/351650";"ISS"),=hyperlink("http://toxcreate3.in-silico.ch:8086/validation/report/crossvalidation/281";"report"),=hyperlink("http://toxcreate3.in-silico.ch:8086/validation/crossvalidation/257";"cv");0.566604127579737;1066;0;0.664788732394366;0.370786516853933;0.671408250355619;0.363636363636364
------------------------


20120926_17_: ISS constitutional local_svm_classification ;lib=cdk;weights_option=3 2
ruby CV_ds_pctype_algo_algoparams_rseed.rb ISS constitutional local_svm_classification ;lib=cdk;weights_option=3 2 ../data/datasets.yaml
[2012-09-26T20:58:38.0473+02:00] datasets.yaml exists.
[2012-09-26T20:58:38.0477+02:00] --- prediction_algorithm=local_svm_classification;pc_type=constitutional;feature_dataset_uri=http://toxcreate3.in-silico.ch:8086/dataset/351657;lib=cdk;weights_option=3
[2012-09-26T20:58:38.0587+02:00] --- 
:dataset_uri: http://toxcreate3.in-silico.ch:8086/dataset/351650
:prediction_feature: http://toxcreate3.in-silico.ch:8086/dataset/351650/feature/Canc
:algorithm_uri: http://toxcreate3.in-silico.ch:8086/algorithm/lazar
:algorithm_params: prediction_algorithm=local_svm_classification;pc_type=constitutional;feature_dataset_uri=http://toxcreate3.in-silico.ch:8086/dataset/351657;lib=cdk;weights_option=3
:random_seed: "2"
[2012-09-27T00:57:21.8246+02:00] http://toxcreate3.in-silico.ch:8086/validation/crossvalidation/275
[2012-09-27T00:57:56.9143+02:00] http://toxcreate3.in-silico.ch:8086/validation/report/crossvalidation/297
[2012-09-27T00:57:56.9530+02:00]  
=hyperlink("http://toxcreate3.in-silico.ch:8086/dataset/351650";"ISS"),=hyperlink("http://toxcreate3.in-silico.ch:8086/validation/report/crossvalidation/297";"report"),=hyperlink("http://toxcreate3.in-silico.ch:8086/validation/crossvalidation/275";"cv");0.593808630393996;1066;0;0.663380281690141;0.455056179775281;0.685090909090909;0.428005284015852
------------------------


20120926_17_: ISS constitutional local_svm_classification ;lib=cdk;weights_option=3 3
ruby CV_ds_pctype_algo_algoparams_rseed.rb ISS constitutional local_svm_classification ;lib=cdk;weights_option=3 3 ../data/datasets.yaml
[2012-09-27T00:57:59.0852+02:00] datasets.yaml exists.
[2012-09-27T00:57:59.0855+02:00] --- prediction_algorithm=local_svm_classification;pc_type=constitutional;feature_dataset_uri=http://toxcreate3.in-silico.ch:8086/dataset/351657;lib=cdk;weights_option=3
[2012-09-27T00:57:59.0996+02:00] --- 
:dataset_uri: http://toxcreate3.in-silico.ch:8086/dataset/351650
:prediction_feature: http://toxcreate3.in-silico.ch:8086/dataset/351650/feature/Canc
:algorithm_uri: http://toxcreate3.in-silico.ch:8086/algorithm/lazar
:algorithm_params: prediction_algorithm=local_svm_classification;pc_type=constitutional;feature_dataset_uri=http://toxcreate3.in-silico.ch:8086/dataset/351657;lib=cdk;weights_option=3
:random_seed: "3"
[2012-09-27T04:22:59.8750+02:00] http://toxcreate3.in-silico.ch:8086/validation/crossvalidation/291
[2012-09-27T04:23:21.8058+02:00] http://toxcreate3.in-silico.ch:8086/validation/report/crossvalidation/312
[2012-09-27T04:23:21.8421+02:00]  
=hyperlink("http://toxcreate3.in-silico.ch:8086/dataset/351650";"ISS"),=hyperlink("http://toxcreate3.in-silico.ch:8086/validation/report/crossvalidation/312";"report"),=hyperlink("http://toxcreate3.in-silico.ch:8086/validation/crossvalidation/291";"cv");0.586303939962477;1066;0;0.676056338028169;0.407303370786517;0.685224839400428;0.39671682626539
------------------------


20120926_17_: ISS constitutional local_svm_classification ;lib=cdk;weights_option=3 4
ruby CV_ds_pctype_algo_algoparams_rseed.rb ISS constitutional local_svm_classification ;lib=cdk;weights_option=3 4 ../data/datasets.yaml
[2012-09-27T04:23:22.9664+02:00] datasets.yaml exists.
[2012-09-27T04:23:22.9666+02:00] --- prediction_algorithm=local_svm_classification;pc_type=constitutional;feature_dataset_uri=http://toxcreate3.in-silico.ch:8086/dataset/351657;lib=cdk;weights_option=3
[2012-09-27T04:23:22.9763+02:00] --- 
:dataset_uri: http://toxcreate3.in-silico.ch:8086/dataset/351650
:prediction_feature: http://toxcreate3.in-silico.ch:8086/dataset/351650/feature/Canc
:algorithm_uri: http://toxcreate3.in-silico.ch:8086/algorithm/lazar
:algorithm_params: prediction_algorithm=local_svm_classification;pc_type=constitutional;feature_dataset_uri=http://toxcreate3.in-silico.ch:8086/dataset/351657;lib=cdk;weights_option=3
:random_seed: "4"
[2012-09-27T07:05:51.9851+02:00] http://toxcreate3.in-silico.ch:8086/validation/crossvalidation/303
[2012-09-27T07:06:15.0456+02:00] http://toxcreate3.in-silico.ch:8086/validation/report/crossvalidation/316
[2012-09-27T07:06:15.0971+02:00]  
=hyperlink("http://toxcreate3.in-silico.ch:8086/dataset/351650";"ISS"),=hyperlink("http://toxcreate3.in-silico.ch:8086/validation/report/crossvalidation/316";"report"),=hyperlink("http://toxcreate3.in-silico.ch:8086/validation/crossvalidation/303";"cv");0.600375234521576;1066;0;0.666197183098592;0.469101123595506;0.689504373177843;0.439473684210526
------------------------


20120926_17_: ISS constitutional local_svm_classification ;lib=cdk;weights_option=3 5
ruby CV_ds_pctype_algo_algoparams_rseed.rb ISS constitutional local_svm_classification ;lib=cdk;weights_option=3 5 ../data/datasets.yaml
[2012-09-27T07:06:18.5557+02:00] datasets.yaml exists.
[2012-09-27T07:06:18.5560+02:00] --- prediction_algorithm=local_svm_classification;pc_type=constitutional;feature_dataset_uri=http://toxcreate3.in-silico.ch:8086/dataset/351657;lib=cdk;weights_option=3
[2012-09-27T07:06:18.6027+02:00] --- 
:dataset_uri: http://toxcreate3.in-silico.ch:8086/dataset/351650
:prediction_feature: http://toxcreate3.in-silico.ch:8086/dataset/351650/feature/Canc
:algorithm_uri: http://toxcreate3.in-silico.ch:8086/algorithm/lazar
:algorithm_params: prediction_algorithm=local_svm_classification;pc_type=constitutional;feature_dataset_uri=http://toxcreate3.in-silico.ch:8086/dataset/351657;lib=cdk;weights_option=3
:random_seed: "5"
[2012-09-27T09:46:46.1626+02:00] http://toxcreate3.in-silico.ch:8086/validation/crossvalidation/307
[2012-09-27T09:47:15.2381+02:00] http://toxcreate3.in-silico.ch:8086/validation/report/crossvalidation/320
[2012-09-27T09:47:15.2729+02:00]  
=hyperlink("http://toxcreate3.in-silico.ch:8086/dataset/351650";"ISS"),=hyperlink("http://toxcreate3.in-silico.ch:8086/validation/report/crossvalidation/320";"report"),=hyperlink("http://toxcreate3.in-silico.ch:8086/validation/crossvalidation/307";"cv");0.573170731707317;1066;0;0.667605633802817;0.384831460674157;0.675694939415538;0.375857338820302
------------------------


